# Captured: 2025-12-01T10:07:59.036073
File: results\pippinusdt_masked_next_open\2025-11-23_v5_c0_a3_summary.csv
Note: [WinError 32] 다른 프로세스가 파일을 사용 중이기 때문에 프로세스가 액세스 할 수 없습니다: 'results\\pippinusdt_masked_next_open\\2025-11-23_v5_c0_a3_summary.csv' -> 'C:\\Users\\User\\new\\yona_vanguard_futures\\results_backups\\results\\results\\pippinusdt_masked_next_open\\2025-11-23_v5_c0_a3_summary.csv'
Unable to extract x64 image. Run Handle from a writeable directory.

Unable to extract x64 image. Run Handle from a writeable directory.

Unable to extract x64 image. Run Handle from a writeable directory.

# Captured: 2025-12-01T10:07:59.076923
File: results\pippinusdt_masked_next_open\2025-11-23_v5_c1_a1.5_summary.csv
Note: [WinError 32] 다른 프로세스가 파일을 사용 중이기 때문에 프로세스가 액세스 할 수 없습니다: 'results\\pippinusdt_masked_next_open\\2025-11-23_v5_c1_a1.5_summary.csv' -> 'C:\\Users\\User\\new\\yona_vanguard_futures\\results_backups\\results\\results\\pippinusdt_masked_next_open\\2025-11-23_v5_c1_a1.5_summary.csv'
Unable to extract x64 image. Run Handle from a writeable directory.

Unable to extract x64 image. Run Handle from a writeable directory.

Unable to extract x64 image. Run Handle from a writeable directory.

# Captured: 2025-12-01T10:07:59.114958
File: results\pippinusdt_masked_next_open\2025-11-23_v5_c1_a1_summary.csv
Note: [WinError 32] 다른 프로세스가 파일을 사용 중이기 때문에 프로세스가 액세스 할 수 없습니다: 'results\\pippinusdt_masked_next_open\\2025-11-23_v5_c1_a1_summary.csv' -> 'C:\\Users\\User\\new\\yona_vanguard_futures\\results_backups\\results\\results\\pippinusdt_masked_next_open\\2025-11-23_v5_c1_a1_summary.csv'
Unable to extract x64 image. Run Handle from a writeable directory.

Unable to extract x64 image. Run Handle from a writeable directory.

Unable to extract x64 image. Run Handle from a writeable directory.

# Captured: 2025-12-01T10:07:59.150368
File: results\pippinusdt_masked_next_open\2025-11-23_v5_c1_a2_summary.csv
Note: [WinError 32] 다른 프로세스가 파일을 사용 중이기 때문에 프로세스가 액세스 할 수 없습니다: 'results\\pippinusdt_masked_next_open\\2025-11-23_v5_c1_a2_summary.csv' -> 'C:\\Users\\User\\new\\yona_vanguard_futures\\results_backups\\results\\results\\pippinusdt_masked_next_open\\2025-11-23_v5_c1_a2_summary.csv'
Unable to extract x64 image. Run Handle from a writeable directory.

Unable to extract x64 image. Run Handle from a writeable directory.

Unable to extract x64 image. Run Handle from a writeable directory.

# Captured: 2025-12-01T10:07:59.188403
File: results\pippinusdt_masked_next_open\2025-11-23_v5_c1_a3_summary.csv
Note: [WinError 32] 다른 프로세스가 파일을 사용 중이기 때문에 프로세스가 액세스 할 수 없습니다: 'results\\pippinusdt_masked_next_open\\2025-11-23_v5_c1_a3_summary.csv' -> 'C:\\Users\\User\\new\\yona_vanguard_futures\\results_backups\\results\\results\\pippinusdt_masked_next_open\\2025-11-23_v5_c1_a3_summary.csv'
Unable to extract x64 image. Run Handle from a writeable directory.

Unable to extract x64 image. Run Handle from a writeable directory.

Unable to extract x64 image. Run Handle from a writeable directory.

# Captured: 2025-12-01T10:07:59.225943
File: results\pippinusdt_masked_next_open\2025-11-24_v1.5_c0_a1.5_summary.csv
Note: [WinError 32] 다른 프로세스가 파일을 사용 중이기 때문에 프로세스가 액세스 할 수 없습니다: 'results\\pippinusdt_masked_next_open\\2025-11-24_v1.5_c0_a1.5_summary.csv' -> 'C:\\Users\\User\\new\\yona_vanguard_futures\\results_backups\\results\\results\\pippinusdt_masked_next_open\\2025-11-24_v1.5_c0_a1.5_summary.csv'
Unable to extract x64 image. Run Handle from a writeable directory.

Unable to extract x64 image. Run Handle from a writeable directory.

Unable to extract x64 image. Run Handle from a writeable directory.

# Captured: 2025-12-01T10:07:59.262977
File: results\pippinusdt_masked_next_open\2025-11-24_v1.5_c0_a1_summary.csv
Note: [WinError 32] 다른 프로세스가 파일을 사용 중이기 때문에 프로세스가 액세스 할 수 없습니다: 'results\\pippinusdt_masked_next_open\\2025-11-24_v1.5_c0_a1_summary.csv' -> 'C:\\Users\\User\\new\\yona_vanguard_futures\\results_backups\\results\\results\\pippinusdt_masked_next_open\\2025-11-24_v1.5_c0_a1_summary.csv'
Unable to extract x64 image. Run Handle from a writeable directory.

Unable to extract x64 image. Run Handle from a writeable directory.

Unable to extract x64 image. Run Handle from a writeable directory.

# Captured: 2025-12-01T10:07:59.299012
File: results\pippinusdt_masked_next_open\2025-11-24_v1.5_c0_a2_summary.csv
Note: [WinError 32] 다른 프로세스가 파일을 사용 중이기 때문에 프로세스가 액세스 할 수 없습니다: 'results\\pippinusdt_masked_next_open\\2025-11-24_v1.5_c0_a2_summary.csv' -> 'C:\\Users\\User\\new\\yona_vanguard_futures\\results_backups\\results\\results\\pippinusdt_masked_next_open\\2025-11-24_v1.5_c0_a2_summary.csv'
Unable to extract x64 image. Run Handle from a writeable directory.

Unable to extract x64 image. Run Handle from a writeable directory.

Unable to extract x64 image. Run Handle from a writeable directory.

# Captured: 2025-12-01T10:07:59.335045
File: results\pippinusdt_masked_next_open\2025-11-24_v1.5_c0_a3_summary.csv
Note: [WinError 32] 다른 프로세스가 파일을 사용 중이기 때문에 프로세스가 액세스 할 수 없습니다: 'results\\pippinusdt_masked_next_open\\2025-11-24_v1.5_c0_a3_summary.csv' -> 'C:\\Users\\User\\new\\yona_vanguard_futures\\results_backups\\results\\results\\pippinusdt_masked_next_open\\2025-11-24_v1.5_c0_a3_summary.csv'
Unable to extract x64 image. Run Handle from a writeable directory.

Unable to extract x64 image. Run Handle from a writeable directory.

Unable to extract x64 image. Run Handle from a writeable directory.

# Captured: 2025-12-01T10:07:59.373088
File: results\pippinusdt_masked_next_open\2025-11-24_v1.5_c1_a1.5_summary.csv
Note: [WinError 32] 다른 프로세스가 파일을 사용 중이기 때문에 프로세스가 액세스 할 수 없습니다: 'results\\pippinusdt_masked_next_open\\2025-11-24_v1.5_c1_a1.5_summary.csv' -> 'C:\\Users\\User\\new\\yona_vanguard_futures\\results_backups\\results\\results\\pippinusdt_masked_next_open\\2025-11-24_v1.5_c1_a1.5_summary.csv'
Unable to extract x64 image. Run Handle from a writeable directory.

Unable to extract x64 image. Run Handle from a writeable directory.

Unable to extract x64 image. Run Handle from a writeable directory.

# Captured: 2025-12-01T10:07:59.409125
File: results\pippinusdt_masked_next_open\2025-11-24_v1.5_c1_a1_summary.csv
Note: [WinError 32] 다른 프로세스가 파일을 사용 중이기 때문에 프로세스가 액세스 할 수 없습니다: 'results\\pippinusdt_masked_next_open\\2025-11-24_v1.5_c1_a1_summary.csv' -> 'C:\\Users\\User\\new\\yona_vanguard_futures\\results_backups\\results\\results\\pippinusdt_masked_next_open\\2025-11-24_v1.5_c1_a1_summary.csv'
Unable to extract x64 image. Run Handle from a writeable directory.

Unable to extract x64 image. Run Handle from a writeable directory.

Unable to extract x64 image. Run Handle from a writeable directory.

# Captured: 2025-12-01T10:07:59.445158
File: results\pippinusdt_masked_next_open\2025-11-24_v1.5_c1_a2_summary.csv
Note: [WinError 32] 다른 프로세스가 파일을 사용 중이기 때문에 프로세스가 액세스 할 수 없습니다: 'results\\pippinusdt_masked_next_open\\2025-11-24_v1.5_c1_a2_summary.csv' -> 'C:\\Users\\User\\new\\yona_vanguard_futures\\results_backups\\results\\results\\pippinusdt_masked_next_open\\2025-11-24_v1.5_c1_a2_summary.csv'
Unable to extract x64 image. Run Handle from a writeable directory.

Unable to extract x64 image. Run Handle from a writeable directory.

Unable to extract x64 image. Run Handle from a writeable directory.

# Captured: 2025-12-01T10:07:59.481191
File: results\pippinusdt_masked_next_open\2025-11-24_v1.5_c1_a3_summary.csv
Note: [WinError 32] 다른 프로세스가 파일을 사용 중이기 때문에 프로세스가 액세스 할 수 없습니다: 'results\\pippinusdt_masked_next_open\\2025-11-24_v1.5_c1_a3_summary.csv' -> 'C:\\Users\\User\\new\\yona_vanguard_futures\\results_backups\\results\\results\\pippinusdt_masked_next_open\\2025-11-24_v1.5_c1_a3_summary.csv'
Unable to extract x64 image. Run Handle from a writeable directory.

Unable to extract x64 image. Run Handle from a writeable directory.

Unable to extract x64 image. Run Handle from a writeable directory.

# Captured: 2025-12-01T10:07:59.517223
File: results\pippinusdt_masked_next_open\2025-11-24_v2_c0_a1.5_summary.csv
Note: [WinError 32] 다른 프로세스가 파일을 사용 중이기 때문에 프로세스가 액세스 할 수 없습니다: 'results\\pippinusdt_masked_next_open\\2025-11-24_v2_c0_a1.5_summary.csv' -> 'C:\\Users\\User\\new\\yona_vanguard_futures\\results_backups\\results\\results\\pippinusdt_masked_next_open\\2025-11-24_v2_c0_a1.5_summary.csv'
Unable to extract x64 image. Run Handle from a writeable directory.

Unable to extract x64 image. Run Handle from a writeable directory.

Unable to extract x64 image. Run Handle from a writeable directory.

# Captured: 2025-12-01T10:07:59.552255
File: results\pippinusdt_masked_next_open\2025-11-24_v2_c0_a1_summary.csv
Note: [WinError 32] 다른 프로세스가 파일을 사용 중이기 때문에 프로세스가 액세스 할 수 없습니다: 'results\\pippinusdt_masked_next_open\\2025-11-24_v2_c0_a1_summary.csv' -> 'C:\\Users\\User\\new\\yona_vanguard_futures\\results_backups\\results\\results\\pippinusdt_masked_next_open\\2025-11-24_v2_c0_a1_summary.csv'
Unable to extract x64 image. Run Handle from a writeable directory.

Unable to extract x64 image. Run Handle from a writeable directory.

Unable to extract x64 image. Run Handle from a writeable directory.

# Captured: 2025-12-01T10:07:59.589289
File: results\pippinusdt_masked_next_open\2025-11-24_v2_c0_a2_summary.csv
Note: [WinError 32] 다른 프로세스가 파일을 사용 중이기 때문에 프로세스가 액세스 할 수 없습니다: 'results\\pippinusdt_masked_next_open\\2025-11-24_v2_c0_a2_summary.csv' -> 'C:\\Users\\User\\new\\yona_vanguard_futures\\results_backups\\results\\results\\pippinusdt_masked_next_open\\2025-11-24_v2_c0_a2_summary.csv'
Unable to extract x64 image. Run Handle from a writeable directory.

Unable to extract x64 image. Run Handle from a writeable directory.

Unable to extract x64 image. Run Handle from a writeable directory.

# Captured: 2025-12-01T10:07:59.625322
File: results\pippinusdt_masked_next_open\2025-11-24_v2_c0_a3_summary.csv
Note: [WinError 32] 다른 프로세스가 파일을 사용 중이기 때문에 프로세스가 액세스 할 수 없습니다: 'results\\pippinusdt_masked_next_open\\2025-11-24_v2_c0_a3_summary.csv' -> 'C:\\Users\\User\\new\\yona_vanguard_futures\\results_backups\\results\\results\\pippinusdt_masked_next_open\\2025-11-24_v2_c0_a3_summary.csv'
Unable to extract x64 image. Run Handle from a writeable directory.

Unable to extract x64 image. Run Handle from a writeable directory.

Unable to extract x64 image. Run Handle from a writeable directory.

# Captured: 2025-12-01T10:07:59.661826
File: results\pippinusdt_masked_next_open\2025-11-24_v2_c1_a1.5_summary.csv
Note: [WinError 32] 다른 프로세스가 파일을 사용 중이기 때문에 프로세스가 액세스 할 수 없습니다: 'results\\pippinusdt_masked_next_open\\2025-11-24_v2_c1_a1.5_summary.csv' -> 'C:\\Users\\User\\new\\yona_vanguard_futures\\results_backups\\results\\results\\pippinusdt_masked_next_open\\2025-11-24_v2_c1_a1.5_summary.csv'
Unable to extract x64 image. Run Handle from a writeable directory.

Unable to extract x64 image. Run Handle from a writeable directory.

Unable to extract x64 image. Run Handle from a writeable directory.

# Captured: 2025-12-01T10:07:59.697858
File: results\pippinusdt_masked_next_open\2025-11-24_v2_c1_a1_summary.csv
Note: [WinError 32] 다른 프로세스가 파일을 사용 중이기 때문에 프로세스가 액세스 할 수 없습니다: 'results\\pippinusdt_masked_next_open\\2025-11-24_v2_c1_a1_summary.csv' -> 'C:\\Users\\User\\new\\yona_vanguard_futures\\results_backups\\results\\results\\pippinusdt_masked_next_open\\2025-11-24_v2_c1_a1_summary.csv'
Unable to extract x64 image. Run Handle from a writeable directory.

Unable to extract x64 image. Run Handle from a writeable directory.

Unable to extract x64 image. Run Handle from a writeable directory.

# Captured: 2025-12-01T10:07:59.733891
File: results\pippinusdt_masked_next_open\2025-11-24_v2_c1_a2_summary.csv
Note: [WinError 32] 다른 프로세스가 파일을 사용 중이기 때문에 프로세스가 액세스 할 수 없습니다: 'results\\pippinusdt_masked_next_open\\2025-11-24_v2_c1_a2_summary.csv' -> 'C:\\Users\\User\\new\\yona_vanguard_futures\\results_backups\\results\\results\\pippinusdt_masked_next_open\\2025-11-24_v2_c1_a2_summary.csv'
Unable to extract x64 image. Run Handle from a writeable directory.

Unable to extract x64 image. Run Handle from a writeable directory.

Unable to extract x64 image. Run Handle from a writeable directory.

# Captured: 2025-12-01T10:07:59.769923
File: results\pippinusdt_masked_next_open\2025-11-24_v2_c1_a3_summary.csv
Note: [WinError 32] 다른 프로세스가 파일을 사용 중이기 때문에 프로세스가 액세스 할 수 없습니다: 'results\\pippinusdt_masked_next_open\\2025-11-24_v2_c1_a3_summary.csv' -> 'C:\\Users\\User\\new\\yona_vanguard_futures\\results_backups\\results\\results\\pippinusdt_masked_next_open\\2025-11-24_v2_c1_a3_summary.csv'
Unable to extract x64 image. Run Handle from a writeable directory.

Unable to extract x64 image. Run Handle from a writeable directory.

Unable to extract x64 image. Run Handle from a writeable directory.

# Captured: 2025-12-01T10:07:59.806460
File: results\pippinusdt_masked_next_open\2025-11-24_v3_c0_a1.5_summary.csv
Note: [WinError 32] 다른 프로세스가 파일을 사용 중이기 때문에 프로세스가 액세스 할 수 없습니다: 'results\\pippinusdt_masked_next_open\\2025-11-24_v3_c0_a1.5_summary.csv' -> 'C:\\Users\\User\\new\\yona_vanguard_futures\\results_backups\\results\\results\\pippinusdt_masked_next_open\\2025-11-24_v3_c0_a1.5_summary.csv'
Unable to extract x64 image. Run Handle from a writeable directory.

Unable to extract x64 image. Run Handle from a writeable directory.

Unable to extract x64 image. Run Handle from a writeable directory.

# Captured: 2025-12-01T10:07:59.842546
File: results\pippinusdt_masked_next_open\2025-11-24_v3_c0_a1_summary.csv
Note: [WinError 32] 다른 프로세스가 파일을 사용 중이기 때문에 프로세스가 액세스 할 수 없습니다: 'results\\pippinusdt_masked_next_open\\2025-11-24_v3_c0_a1_summary.csv' -> 'C:\\Users\\User\\new\\yona_vanguard_futures\\results_backups\\results\\results\\pippinusdt_masked_next_open\\2025-11-24_v3_c0_a1_summary.csv'
Unable to extract x64 image. Run Handle from a writeable directory.

Unable to extract x64 image. Run Handle from a writeable directory.

Unable to extract x64 image. Run Handle from a writeable directory.

# Captured: 2025-12-01T10:07:59.880579
File: results\pippinusdt_masked_next_open\2025-11-24_v3_c0_a2_summary.csv
Note: [WinError 32] 다른 프로세스가 파일을 사용 중이기 때문에 프로세스가 액세스 할 수 없습니다: 'results\\pippinusdt_masked_next_open\\2025-11-24_v3_c0_a2_summary.csv' -> 'C:\\Users\\User\\new\\yona_vanguard_futures\\results_backups\\results\\results\\pippinusdt_masked_next_open\\2025-11-24_v3_c0_a2_summary.csv'
Unable to extract x64 image. Run Handle from a writeable directory.

Unable to extract x64 image. Run Handle from a writeable directory.

Unable to extract x64 image. Run Handle from a writeable directory.

# Captured: 2025-12-01T10:07:59.926408
File: results\pippinusdt_masked_next_open\2025-11-24_v3_c0_a3_summary.csv
Note: [WinError 32] 다른 프로세스가 파일을 사용 중이기 때문에 프로세스가 액세스 할 수 없습니다: 'results\\pippinusdt_masked_next_open\\2025-11-24_v3_c0_a3_summary.csv' -> 'C:\\Users\\User\\new\\yona_vanguard_futures\\results_backups\\results\\results\\pippinusdt_masked_next_open\\2025-11-24_v3_c0_a3_summary.csv'
Unable to extract x64 image. Run Handle from a writeable directory.

Unable to extract x64 image. Run Handle from a writeable directory.

Unable to extract x64 image. Run Handle from a writeable directory.

# Captured: 2025-12-01T10:07:59.962153
File: results\pippinusdt_masked_next_open\2025-11-24_v3_c1_a1.5_summary.csv
Note: [WinError 32] 다른 프로세스가 파일을 사용 중이기 때문에 프로세스가 액세스 할 수 없습니다: 'results\\pippinusdt_masked_next_open\\2025-11-24_v3_c1_a1.5_summary.csv' -> 'C:\\Users\\User\\new\\yona_vanguard_futures\\results_backups\\results\\results\\pippinusdt_masked_next_open\\2025-11-24_v3_c1_a1.5_summary.csv'
Unable to extract x64 image. Run Handle from a writeable directory.

Unable to extract x64 image. Run Handle from a writeable directory.

Unable to extract x64 image. Run Handle from a writeable directory.

# Captured: 2025-12-01T10:07:59.998186
File: results\pippinusdt_masked_next_open\2025-11-24_v3_c1_a1_summary.csv
Note: [WinError 32] 다른 프로세스가 파일을 사용 중이기 때문에 프로세스가 액세스 할 수 없습니다: 'results\\pippinusdt_masked_next_open\\2025-11-24_v3_c1_a1_summary.csv' -> 'C:\\Users\\User\\new\\yona_vanguard_futures\\results_backups\\results\\results\\pippinusdt_masked_next_open\\2025-11-24_v3_c1_a1_summary.csv'
Unable to extract x64 image. Run Handle from a writeable directory.

Unable to extract x64 image. Run Handle from a writeable directory.

Unable to extract x64 image. Run Handle from a writeable directory.

