# Captured: 2025-12-01T07:00:23.634493
File: results\inusdt_pilot_results.csv
Note: [WinError 32] 다른 프로세스가 파일을 사용 중이기 때문에 프로세스가 액세스 할 수 없습니다: 'results\\inusdt_pilot_results.csv' -> 'C:\\Users\\User\\new\\yona_vanguard_futures\\results_backups\\results\\results\\inusdt_pilot_results.csv'
Unable to extract x64 image. Run Handle from a writeable directory.

# Captured: 2025-12-01T07:00:23.648505
File: results\lskusdt_pilot_results.csv
Note: [WinError 32] 다른 프로세스가 파일을 사용 중이기 때문에 프로세스가 액세스 할 수 없습니다: 'results\\lskusdt_pilot_results.csv' -> 'C:\\Users\\User\\new\\yona_vanguard_futures\\results_backups\\results\\results\\lskusdt_pilot_results.csv'
Unable to extract x64 image. Run Handle from a writeable directory.

# Captured: 2025-12-01T07:00:23.661706
File: results\pippinusdt_aggregate_grid.csv
Note: [WinError 32] 다른 프로세스가 파일을 사용 중이기 때문에 프로세스가 액세스 할 수 없습니다: 'results\\pippinusdt_aggregate_grid.csv' -> 'C:\\Users\\User\\new\\yona_vanguard_futures\\results_backups\\results\\results\\pippinusdt_aggregate_grid.csv'
Unable to extract x64 image. Run Handle from a writeable directory.

# Captured: 2025-12-01T07:00:23.675719
File: results\pippinusdt_masked_next_open_grid_expanded_20251118_20251124.csv
Note: [WinError 32] 다른 프로세스가 파일을 사용 중이기 때문에 프로세스가 액세스 할 수 없습니다: 'results\\pippinusdt_masked_next_open_grid_expanded_20251118_20251124.csv' -> 'C:\\Users\\User\\new\\yona_vanguard_futures\\results_backups\\results\\results\\pippinusdt_masked_next_open_grid_expanded_20251118_20251124.csv'
Unable to extract x64 image. Run Handle from a writeable directory.

# Captured: 2025-12-01T07:00:23.688731
File: results\pippinusdt_next_open_grid_20251118_20251124.csv
Note: [WinError 32] 다른 프로세스가 파일을 사용 중이기 때문에 프로세스가 액세스 할 수 없습니다: 'results\\pippinusdt_next_open_grid_20251118_20251124.csv' -> 'C:\\Users\\User\\new\\yona_vanguard_futures\\results_backups\\results\\results\\pippinusdt_next_open_grid_20251118_20251124.csv'
Unable to extract x64 image. Run Handle from a writeable directory.

# Captured: 2025-12-01T07:00:23.701743
File: results\pippinusdt_pilot_results.csv
Note: [WinError 32] 다른 프로세스가 파일을 사용 중이기 때문에 프로세스가 액세스 할 수 없습니다: 'results\\pippinusdt_pilot_results.csv' -> 'C:\\Users\\User\\new\\yona_vanguard_futures\\results_backups\\results\\results\\pippinusdt_pilot_results.csv'
Unable to extract x64 image. Run Handle from a writeable directory.

# Captured: 2025-12-01T07:00:23.715756
File: results\pippinusdt_unmasked_aggregate_grid.csv
Note: [WinError 32] 다른 프로세스가 파일을 사용 중이기 때문에 프로세스가 액세스 할 수 없습니다: 'results\\pippinusdt_unmasked_aggregate_grid.csv' -> 'C:\\Users\\User\\new\\yona_vanguard_futures\\results_backups\\results\\results\\pippinusdt_unmasked_aggregate_grid.csv'
Unable to extract x64 image. Run Handle from a writeable directory.

# Captured: 2025-12-01T07:00:23.728768
File: results\pippinusdt_unmasked_grid_20251118_20251124.csv
Note: [WinError 32] 다른 프로세스가 파일을 사용 중이기 때문에 프로세스가 액세스 할 수 없습니다: 'results\\pippinusdt_unmasked_grid_20251118_20251124.csv' -> 'C:\\Users\\User\\new\\yona_vanguard_futures\\results_backups\\results\\results\\pippinusdt_unmasked_grid_20251118_20251124.csv'
Unable to extract x64 image. Run Handle from a writeable directory.

# Captured: 2025-12-01T07:00:23.742780
File: results\pippinusdt_masked_next_open\2025-11-18_v1.5_c0_a1.5_summary.csv
Note: [WinError 32] 다른 프로세스가 파일을 사용 중이기 때문에 프로세스가 액세스 할 수 없습니다: 'results\\pippinusdt_masked_next_open\\2025-11-18_v1.5_c0_a1.5_summary.csv' -> 'C:\\Users\\User\\new\\yona_vanguard_futures\\results_backups\\results\\results\\pippinusdt_masked_next_open\\2025-11-18_v1.5_c0_a1.5_summary.csv'
Unable to extract x64 image. Run Handle from a writeable directory.

# Captured: 2025-12-01T07:00:23.755792
File: results\pippinusdt_masked_next_open\2025-11-18_v1.5_c0_a1_summary.csv
Note: [WinError 32] 다른 프로세스가 파일을 사용 중이기 때문에 프로세스가 액세스 할 수 없습니다: 'results\\pippinusdt_masked_next_open\\2025-11-18_v1.5_c0_a1_summary.csv' -> 'C:\\Users\\User\\new\\yona_vanguard_futures\\results_backups\\results\\results\\pippinusdt_masked_next_open\\2025-11-18_v1.5_c0_a1_summary.csv'
Unable to extract x64 image. Run Handle from a writeable directory.

# Captured: 2025-12-01T07:00:23.769805
File: results\pippinusdt_masked_next_open\2025-11-18_v1.5_c0_a2_summary.csv
Note: [WinError 32] 다른 프로세스가 파일을 사용 중이기 때문에 프로세스가 액세스 할 수 없습니다: 'results\\pippinusdt_masked_next_open\\2025-11-18_v1.5_c0_a2_summary.csv' -> 'C:\\Users\\User\\new\\yona_vanguard_futures\\results_backups\\results\\results\\pippinusdt_masked_next_open\\2025-11-18_v1.5_c0_a2_summary.csv'
Unable to extract x64 image. Run Handle from a writeable directory.

# Captured: 2025-12-01T07:00:23.782817
File: results\pippinusdt_masked_next_open\2025-11-18_v1.5_c0_a3_summary.csv
Note: [WinError 32] 다른 프로세스가 파일을 사용 중이기 때문에 프로세스가 액세스 할 수 없습니다: 'results\\pippinusdt_masked_next_open\\2025-11-18_v1.5_c0_a3_summary.csv' -> 'C:\\Users\\User\\new\\yona_vanguard_futures\\results_backups\\results\\results\\pippinusdt_masked_next_open\\2025-11-18_v1.5_c0_a3_summary.csv'
Unable to extract x64 image. Run Handle from a writeable directory.

# Captured: 2025-12-01T07:00:23.795828
File: results\pippinusdt_masked_next_open\2025-11-18_v1.5_c1_a1.5_summary.csv
Note: [WinError 32] 다른 프로세스가 파일을 사용 중이기 때문에 프로세스가 액세스 할 수 없습니다: 'results\\pippinusdt_masked_next_open\\2025-11-18_v1.5_c1_a1.5_summary.csv' -> 'C:\\Users\\User\\new\\yona_vanguard_futures\\results_backups\\results\\results\\pippinusdt_masked_next_open\\2025-11-18_v1.5_c1_a1.5_summary.csv'
Unable to extract x64 image. Run Handle from a writeable directory.

# Captured: 2025-12-01T07:00:23.809841
File: results\pippinusdt_masked_next_open\2025-11-18_v1.5_c1_a1_summary.csv
Note: [WinError 32] 다른 프로세스가 파일을 사용 중이기 때문에 프로세스가 액세스 할 수 없습니다: 'results\\pippinusdt_masked_next_open\\2025-11-18_v1.5_c1_a1_summary.csv' -> 'C:\\Users\\User\\new\\yona_vanguard_futures\\results_backups\\results\\results\\pippinusdt_masked_next_open\\2025-11-18_v1.5_c1_a1_summary.csv'
Unable to extract x64 image. Run Handle from a writeable directory.

# Captured: 2025-12-01T07:00:23.822853
File: results\pippinusdt_masked_next_open\2025-11-18_v1.5_c1_a2_summary.csv
Note: [WinError 32] 다른 프로세스가 파일을 사용 중이기 때문에 프로세스가 액세스 할 수 없습니다: 'results\\pippinusdt_masked_next_open\\2025-11-18_v1.5_c1_a2_summary.csv' -> 'C:\\Users\\User\\new\\yona_vanguard_futures\\results_backups\\results\\results\\pippinusdt_masked_next_open\\2025-11-18_v1.5_c1_a2_summary.csv'
Unable to extract x64 image. Run Handle from a writeable directory.

# Captured: 2025-12-01T07:00:23.836867
File: results\pippinusdt_masked_next_open\2025-11-18_v1.5_c1_a3_summary.csv
Note: [WinError 32] 다른 프로세스가 파일을 사용 중이기 때문에 프로세스가 액세스 할 수 없습니다: 'results\\pippinusdt_masked_next_open\\2025-11-18_v1.5_c1_a3_summary.csv' -> 'C:\\Users\\User\\new\\yona_vanguard_futures\\results_backups\\results\\results\\pippinusdt_masked_next_open\\2025-11-18_v1.5_c1_a3_summary.csv'
Unable to extract x64 image. Run Handle from a writeable directory.

# Captured: 2025-12-01T07:00:23.850879
File: results\pippinusdt_masked_next_open\2025-11-18_v2_c0_a1.5_summary.csv
Note: [WinError 32] 다른 프로세스가 파일을 사용 중이기 때문에 프로세스가 액세스 할 수 없습니다: 'results\\pippinusdt_masked_next_open\\2025-11-18_v2_c0_a1.5_summary.csv' -> 'C:\\Users\\User\\new\\yona_vanguard_futures\\results_backups\\results\\results\\pippinusdt_masked_next_open\\2025-11-18_v2_c0_a1.5_summary.csv'
Unable to extract x64 image. Run Handle from a writeable directory.

# Captured: 2025-12-01T07:00:23.863891
File: results\pippinusdt_masked_next_open\2025-11-18_v2_c0_a1_summary.csv
Note: [WinError 32] 다른 프로세스가 파일을 사용 중이기 때문에 프로세스가 액세스 할 수 없습니다: 'results\\pippinusdt_masked_next_open\\2025-11-18_v2_c0_a1_summary.csv' -> 'C:\\Users\\User\\new\\yona_vanguard_futures\\results_backups\\results\\results\\pippinusdt_masked_next_open\\2025-11-18_v2_c0_a1_summary.csv'
Unable to extract x64 image. Run Handle from a writeable directory.

# Captured: 2025-12-01T07:00:23.877903
File: results\pippinusdt_masked_next_open\2025-11-18_v2_c0_a2_summary.csv
Note: [WinError 32] 다른 프로세스가 파일을 사용 중이기 때문에 프로세스가 액세스 할 수 없습니다: 'results\\pippinusdt_masked_next_open\\2025-11-18_v2_c0_a2_summary.csv' -> 'C:\\Users\\User\\new\\yona_vanguard_futures\\results_backups\\results\\results\\pippinusdt_masked_next_open\\2025-11-18_v2_c0_a2_summary.csv'
Unable to extract x64 image. Run Handle from a writeable directory.

# Captured: 2025-12-01T07:00:23.890915
File: results\pippinusdt_masked_next_open\2025-11-18_v2_c0_a3_summary.csv
Note: [WinError 32] 다른 프로세스가 파일을 사용 중이기 때문에 프로세스가 액세스 할 수 없습니다: 'results\\pippinusdt_masked_next_open\\2025-11-18_v2_c0_a3_summary.csv' -> 'C:\\Users\\User\\new\\yona_vanguard_futures\\results_backups\\results\\results\\pippinusdt_masked_next_open\\2025-11-18_v2_c0_a3_summary.csv'
Unable to extract x64 image. Run Handle from a writeable directory.

# Captured: 2025-12-01T07:00:23.904928
File: results\pippinusdt_masked_next_open\2025-11-18_v2_c1_a1.5_summary.csv
Note: [WinError 32] 다른 프로세스가 파일을 사용 중이기 때문에 프로세스가 액세스 할 수 없습니다: 'results\\pippinusdt_masked_next_open\\2025-11-18_v2_c1_a1.5_summary.csv' -> 'C:\\Users\\User\\new\\yona_vanguard_futures\\results_backups\\results\\results\\pippinusdt_masked_next_open\\2025-11-18_v2_c1_a1.5_summary.csv'
Unable to extract x64 image. Run Handle from a writeable directory.

# Captured: 2025-12-01T07:00:23.917940
File: results\pippinusdt_masked_next_open\2025-11-18_v2_c1_a1_summary.csv
Note: [WinError 32] 다른 프로세스가 파일을 사용 중이기 때문에 프로세스가 액세스 할 수 없습니다: 'results\\pippinusdt_masked_next_open\\2025-11-18_v2_c1_a1_summary.csv' -> 'C:\\Users\\User\\new\\yona_vanguard_futures\\results_backups\\results\\results\\pippinusdt_masked_next_open\\2025-11-18_v2_c1_a1_summary.csv'
Unable to extract x64 image. Run Handle from a writeable directory.

# Captured: 2025-12-01T07:00:23.931952
File: results\pippinusdt_masked_next_open\2025-11-18_v2_c1_a2_summary.csv
Note: [WinError 32] 다른 프로세스가 파일을 사용 중이기 때문에 프로세스가 액세스 할 수 없습니다: 'results\\pippinusdt_masked_next_open\\2025-11-18_v2_c1_a2_summary.csv' -> 'C:\\Users\\User\\new\\yona_vanguard_futures\\results_backups\\results\\results\\pippinusdt_masked_next_open\\2025-11-18_v2_c1_a2_summary.csv'
Unable to extract x64 image. Run Handle from a writeable directory.

# Captured: 2025-12-01T07:00:23.945965
File: results\pippinusdt_masked_next_open\2025-11-18_v2_c1_a3_summary.csv
Note: [WinError 32] 다른 프로세스가 파일을 사용 중이기 때문에 프로세스가 액세스 할 수 없습니다: 'results\\pippinusdt_masked_next_open\\2025-11-18_v2_c1_a3_summary.csv' -> 'C:\\Users\\User\\new\\yona_vanguard_futures\\results_backups\\results\\results\\pippinusdt_masked_next_open\\2025-11-18_v2_c1_a3_summary.csv'
Unable to extract x64 image. Run Handle from a writeable directory.

# Captured: 2025-12-01T07:00:23.958894
File: results\pippinusdt_masked_next_open\2025-11-18_v3_c0_a1.5_summary.csv
Note: [WinError 32] 다른 프로세스가 파일을 사용 중이기 때문에 프로세스가 액세스 할 수 없습니다: 'results\\pippinusdt_masked_next_open\\2025-11-18_v3_c0_a1.5_summary.csv' -> 'C:\\Users\\User\\new\\yona_vanguard_futures\\results_backups\\results\\results\\pippinusdt_masked_next_open\\2025-11-18_v3_c0_a1.5_summary.csv'
Unable to extract x64 image. Run Handle from a writeable directory.

# Captured: 2025-12-01T07:00:23.972907
File: results\pippinusdt_masked_next_open\2025-11-18_v3_c0_a1_summary.csv
Note: [WinError 32] 다른 프로세스가 파일을 사용 중이기 때문에 프로세스가 액세스 할 수 없습니다: 'results\\pippinusdt_masked_next_open\\2025-11-18_v3_c0_a1_summary.csv' -> 'C:\\Users\\User\\new\\yona_vanguard_futures\\results_backups\\results\\results\\pippinusdt_masked_next_open\\2025-11-18_v3_c0_a1_summary.csv'
Unable to extract x64 image. Run Handle from a writeable directory.

# Captured: 2025-12-01T07:00:23.985919
File: results\pippinusdt_masked_next_open\2025-11-18_v3_c0_a2_summary.csv
Note: [WinError 32] 다른 프로세스가 파일을 사용 중이기 때문에 프로세스가 액세스 할 수 없습니다: 'results\\pippinusdt_masked_next_open\\2025-11-18_v3_c0_a2_summary.csv' -> 'C:\\Users\\User\\new\\yona_vanguard_futures\\results_backups\\results\\results\\pippinusdt_masked_next_open\\2025-11-18_v3_c0_a2_summary.csv'
Unable to extract x64 image. Run Handle from a writeable directory.

# Captured: 2025-12-01T07:00:23.999932
File: results\pippinusdt_masked_next_open\2025-11-18_v3_c0_a3_summary.csv
Note: [WinError 32] 다른 프로세스가 파일을 사용 중이기 때문에 프로세스가 액세스 할 수 없습니다: 'results\\pippinusdt_masked_next_open\\2025-11-18_v3_c0_a3_summary.csv' -> 'C:\\Users\\User\\new\\yona_vanguard_futures\\results_backups\\results\\results\\pippinusdt_masked_next_open\\2025-11-18_v3_c0_a3_summary.csv'
Unable to extract x64 image. Run Handle from a writeable directory.

