# Captured: 2025-12-01T10:18:04.026740
File: results\pippinusdt_next_open_sim\2025-11-18_v0.5_c0_sl0.005_summary.csv
Note: [WinError 32] 다른 프로세스가 파일을 사용 중이기 때문에 프로세스가 액세스 할 수 없습니다: 'results\\pippinusdt_next_open_sim\\2025-11-18_v0.5_c0_sl0.005_summary.csv' -> 'C:\\Users\\User\\new\\yona_vanguard_futures\\results_backups\\results\\results\\pippinusdt_next_open_sim\\2025-11-18_v0.5_c0_sl0.005_summary.csv'
Unable to extract x64 image. Run Handle from a writeable directory.

Unable to extract x64 image. Run Handle from a writeable directory.

Unable to extract x64 image. Run Handle from a writeable directory.

# Captured: 2025-12-01T10:18:04.067931
File: results\pippinusdt_next_open_sim\2025-11-18_v0.5_c0_sl0.01_summary.csv
Note: [WinError 32] 다른 프로세스가 파일을 사용 중이기 때문에 프로세스가 액세스 할 수 없습니다: 'results\\pippinusdt_next_open_sim\\2025-11-18_v0.5_c0_sl0.01_summary.csv' -> 'C:\\Users\\User\\new\\yona_vanguard_futures\\results_backups\\results\\results\\pippinusdt_next_open_sim\\2025-11-18_v0.5_c0_sl0.01_summary.csv'
Unable to extract x64 image. Run Handle from a writeable directory.

Unable to extract x64 image. Run Handle from a writeable directory.

Unable to extract x64 image. Run Handle from a writeable directory.

# Captured: 2025-12-01T10:18:04.107117
File: results\pippinusdt_next_open_sim\2025-11-18_v0.5_c1_sl0.005_summary.csv
Note: [WinError 32] 다른 프로세스가 파일을 사용 중이기 때문에 프로세스가 액세스 할 수 없습니다: 'results\\pippinusdt_next_open_sim\\2025-11-18_v0.5_c1_sl0.005_summary.csv' -> 'C:\\Users\\User\\new\\yona_vanguard_futures\\results_backups\\results\\results\\pippinusdt_next_open_sim\\2025-11-18_v0.5_c1_sl0.005_summary.csv'
Unable to extract x64 image. Run Handle from a writeable directory.

Unable to extract x64 image. Run Handle from a writeable directory.

Unable to extract x64 image. Run Handle from a writeable directory.

# Captured: 2025-12-01T10:18:04.143299
File: results\pippinusdt_next_open_sim\2025-11-18_v0.5_c1_sl0.01_summary.csv
Note: [WinError 32] 다른 프로세스가 파일을 사용 중이기 때문에 프로세스가 액세스 할 수 없습니다: 'results\\pippinusdt_next_open_sim\\2025-11-18_v0.5_c1_sl0.01_summary.csv' -> 'C:\\Users\\User\\new\\yona_vanguard_futures\\results_backups\\results\\results\\pippinusdt_next_open_sim\\2025-11-18_v0.5_c1_sl0.01_summary.csv'
Unable to extract x64 image. Run Handle from a writeable directory.

Unable to extract x64 image. Run Handle from a writeable directory.

Unable to extract x64 image. Run Handle from a writeable directory.

# Captured: 2025-12-01T10:18:04.180809
File: results\pippinusdt_next_open_sim\2025-11-18_v0.5_c2_sl0.005_summary.csv
Note: [WinError 32] 다른 프로세스가 파일을 사용 중이기 때문에 프로세스가 액세스 할 수 없습니다: 'results\\pippinusdt_next_open_sim\\2025-11-18_v0.5_c2_sl0.005_summary.csv' -> 'C:\\Users\\User\\new\\yona_vanguard_futures\\results_backups\\results\\results\\pippinusdt_next_open_sim\\2025-11-18_v0.5_c2_sl0.005_summary.csv'
Unable to extract x64 image. Run Handle from a writeable directory.

Unable to extract x64 image. Run Handle from a writeable directory.

Unable to extract x64 image. Run Handle from a writeable directory.

# Captured: 2025-12-01T10:18:04.218871
File: results\pippinusdt_next_open_sim\2025-11-18_v0.5_c2_sl0.01_summary.csv
Note: [WinError 32] 다른 프로세스가 파일을 사용 중이기 때문에 프로세스가 액세스 할 수 없습니다: 'results\\pippinusdt_next_open_sim\\2025-11-18_v0.5_c2_sl0.01_summary.csv' -> 'C:\\Users\\User\\new\\yona_vanguard_futures\\results_backups\\results\\results\\pippinusdt_next_open_sim\\2025-11-18_v0.5_c2_sl0.01_summary.csv'
Unable to extract x64 image. Run Handle from a writeable directory.

Unable to extract x64 image. Run Handle from a writeable directory.

Unable to extract x64 image. Run Handle from a writeable directory.

# Captured: 2025-12-01T10:18:04.256413
File: results\pippinusdt_next_open_sim\2025-11-18_v1.5_c0_sl0.005_summary.csv
Note: [WinError 32] 다른 프로세스가 파일을 사용 중이기 때문에 프로세스가 액세스 할 수 없습니다: 'results\\pippinusdt_next_open_sim\\2025-11-18_v1.5_c0_sl0.005_summary.csv' -> 'C:\\Users\\User\\new\\yona_vanguard_futures\\results_backups\\results\\results\\pippinusdt_next_open_sim\\2025-11-18_v1.5_c0_sl0.005_summary.csv'
Unable to extract x64 image. Run Handle from a writeable directory.

Unable to extract x64 image. Run Handle from a writeable directory.

Unable to extract x64 image. Run Handle from a writeable directory.

# Captured: 2025-12-01T10:18:04.294493
File: results\pippinusdt_next_open_sim\2025-11-18_v1.5_c0_sl0.01_summary.csv
Note: [WinError 32] 다른 프로세스가 파일을 사용 중이기 때문에 프로세스가 액세스 할 수 없습니다: 'results\\pippinusdt_next_open_sim\\2025-11-18_v1.5_c0_sl0.01_summary.csv' -> 'C:\\Users\\User\\new\\yona_vanguard_futures\\results_backups\\results\\results\\pippinusdt_next_open_sim\\2025-11-18_v1.5_c0_sl0.01_summary.csv'
Unable to extract x64 image. Run Handle from a writeable directory.

Unable to extract x64 image. Run Handle from a writeable directory.

Unable to extract x64 image. Run Handle from a writeable directory.

# Captured: 2025-12-01T10:18:04.331991
File: results\pippinusdt_next_open_sim\2025-11-18_v1.5_c1_sl0.005_summary.csv
Note: [WinError 32] 다른 프로세스가 파일을 사용 중이기 때문에 프로세스가 액세스 할 수 없습니다: 'results\\pippinusdt_next_open_sim\\2025-11-18_v1.5_c1_sl0.005_summary.csv' -> 'C:\\Users\\User\\new\\yona_vanguard_futures\\results_backups\\results\\results\\pippinusdt_next_open_sim\\2025-11-18_v1.5_c1_sl0.005_summary.csv'
Unable to extract x64 image. Run Handle from a writeable directory.

Unable to extract x64 image. Run Handle from a writeable directory.

Unable to extract x64 image. Run Handle from a writeable directory.

# Captured: 2025-12-01T10:18:04.370023
File: results\pippinusdt_next_open_sim\2025-11-18_v1.5_c1_sl0.01_summary.csv
Note: [WinError 32] 다른 프로세스가 파일을 사용 중이기 때문에 프로세스가 액세스 할 수 없습니다: 'results\\pippinusdt_next_open_sim\\2025-11-18_v1.5_c1_sl0.01_summary.csv' -> 'C:\\Users\\User\\new\\yona_vanguard_futures\\results_backups\\results\\results\\pippinusdt_next_open_sim\\2025-11-18_v1.5_c1_sl0.01_summary.csv'
Unable to extract x64 image. Run Handle from a writeable directory.

Unable to extract x64 image. Run Handle from a writeable directory.

Unable to extract x64 image. Run Handle from a writeable directory.

# Captured: 2025-12-01T10:18:04.407059
File: results\pippinusdt_next_open_sim\2025-11-18_v1.5_c2_sl0.005_summary.csv
Note: [WinError 32] 다른 프로세스가 파일을 사용 중이기 때문에 프로세스가 액세스 할 수 없습니다: 'results\\pippinusdt_next_open_sim\\2025-11-18_v1.5_c2_sl0.005_summary.csv' -> 'C:\\Users\\User\\new\\yona_vanguard_futures\\results_backups\\results\\results\\pippinusdt_next_open_sim\\2025-11-18_v1.5_c2_sl0.005_summary.csv'
Unable to extract x64 image. Run Handle from a writeable directory.

Unable to extract x64 image. Run Handle from a writeable directory.

Unable to extract x64 image. Run Handle from a writeable directory.

# Captured: 2025-12-01T10:18:04.443093
File: results\pippinusdt_next_open_sim\2025-11-18_v1.5_c2_sl0.01_summary.csv
Note: [WinError 32] 다른 프로세스가 파일을 사용 중이기 때문에 프로세스가 액세스 할 수 없습니다: 'results\\pippinusdt_next_open_sim\\2025-11-18_v1.5_c2_sl0.01_summary.csv' -> 'C:\\Users\\User\\new\\yona_vanguard_futures\\results_backups\\results\\results\\pippinusdt_next_open_sim\\2025-11-18_v1.5_c2_sl0.01_summary.csv'
Unable to extract x64 image. Run Handle from a writeable directory.

Unable to extract x64 image. Run Handle from a writeable directory.

Unable to extract x64 image. Run Handle from a writeable directory.

# Captured: 2025-12-01T10:18:04.480118
File: results\pippinusdt_next_open_sim\2025-11-18_v1_c0_sl0.005_summary.csv
Note: [WinError 32] 다른 프로세스가 파일을 사용 중이기 때문에 프로세스가 액세스 할 수 없습니다: 'results\\pippinusdt_next_open_sim\\2025-11-18_v1_c0_sl0.005_summary.csv' -> 'C:\\Users\\User\\new\\yona_vanguard_futures\\results_backups\\results\\results\\pippinusdt_next_open_sim\\2025-11-18_v1_c0_sl0.005_summary.csv'
Unable to extract x64 image. Run Handle from a writeable directory.

Unable to extract x64 image. Run Handle from a writeable directory.

Unable to extract x64 image. Run Handle from a writeable directory.

# Captured: 2025-12-01T10:18:04.516157
File: results\pippinusdt_next_open_sim\2025-11-18_v1_c0_sl0.01_summary.csv
Note: [WinError 32] 다른 프로세스가 파일을 사용 중이기 때문에 프로세스가 액세스 할 수 없습니다: 'results\\pippinusdt_next_open_sim\\2025-11-18_v1_c0_sl0.01_summary.csv' -> 'C:\\Users\\User\\new\\yona_vanguard_futures\\results_backups\\results\\results\\pippinusdt_next_open_sim\\2025-11-18_v1_c0_sl0.01_summary.csv'
Unable to extract x64 image. Run Handle from a writeable directory.

Unable to extract x64 image. Run Handle from a writeable directory.

Unable to extract x64 image. Run Handle from a writeable directory.

# Captured: 2025-12-01T10:18:04.552192
File: results\pippinusdt_next_open_sim\2025-11-18_v1_c1_sl0.005_summary.csv
Note: [WinError 32] 다른 프로세스가 파일을 사용 중이기 때문에 프로세스가 액세스 할 수 없습니다: 'results\\pippinusdt_next_open_sim\\2025-11-18_v1_c1_sl0.005_summary.csv' -> 'C:\\Users\\User\\new\\yona_vanguard_futures\\results_backups\\results\\results\\pippinusdt_next_open_sim\\2025-11-18_v1_c1_sl0.005_summary.csv'
Unable to extract x64 image. Run Handle from a writeable directory.

Unable to extract x64 image. Run Handle from a writeable directory.

Unable to extract x64 image. Run Handle from a writeable directory.

# Captured: 2025-12-01T10:18:04.587968
File: results\pippinusdt_next_open_sim\2025-11-18_v1_c1_sl0.01_summary.csv
Note: [WinError 32] 다른 프로세스가 파일을 사용 중이기 때문에 프로세스가 액세스 할 수 없습니다: 'results\\pippinusdt_next_open_sim\\2025-11-18_v1_c1_sl0.01_summary.csv' -> 'C:\\Users\\User\\new\\yona_vanguard_futures\\results_backups\\results\\results\\pippinusdt_next_open_sim\\2025-11-18_v1_c1_sl0.01_summary.csv'
Unable to extract x64 image. Run Handle from a writeable directory.

Unable to extract x64 image. Run Handle from a writeable directory.

Unable to extract x64 image. Run Handle from a writeable directory.

# Captured: 2025-12-01T10:18:04.625386
File: results\pippinusdt_next_open_sim\2025-11-18_v1_c2_sl0.005_summary.csv
Note: [WinError 32] 다른 프로세스가 파일을 사용 중이기 때문에 프로세스가 액세스 할 수 없습니다: 'results\\pippinusdt_next_open_sim\\2025-11-18_v1_c2_sl0.005_summary.csv' -> 'C:\\Users\\User\\new\\yona_vanguard_futures\\results_backups\\results\\results\\pippinusdt_next_open_sim\\2025-11-18_v1_c2_sl0.005_summary.csv'
Unable to extract x64 image. Run Handle from a writeable directory.

Unable to extract x64 image. Run Handle from a writeable directory.

Unable to extract x64 image. Run Handle from a writeable directory.

# Captured: 2025-12-01T10:18:04.662131
File: results\pippinusdt_next_open_sim\2025-11-18_v1_c2_sl0.01_summary.csv
Note: [WinError 32] 다른 프로세스가 파일을 사용 중이기 때문에 프로세스가 액세스 할 수 없습니다: 'results\\pippinusdt_next_open_sim\\2025-11-18_v1_c2_sl0.01_summary.csv' -> 'C:\\Users\\User\\new\\yona_vanguard_futures\\results_backups\\results\\results\\pippinusdt_next_open_sim\\2025-11-18_v1_c2_sl0.01_summary.csv'
Unable to extract x64 image. Run Handle from a writeable directory.

Unable to extract x64 image. Run Handle from a writeable directory.

Unable to extract x64 image. Run Handle from a writeable directory.

# Captured: 2025-12-01T10:18:04.698282
File: results\pippinusdt_next_open_sim\2025-11-18_v2_c0_sl0.005_summary.csv
Note: [WinError 32] 다른 프로세스가 파일을 사용 중이기 때문에 프로세스가 액세스 할 수 없습니다: 'results\\pippinusdt_next_open_sim\\2025-11-18_v2_c0_sl0.005_summary.csv' -> 'C:\\Users\\User\\new\\yona_vanguard_futures\\results_backups\\results\\results\\pippinusdt_next_open_sim\\2025-11-18_v2_c0_sl0.005_summary.csv'
Unable to extract x64 image. Run Handle from a writeable directory.

Unable to extract x64 image. Run Handle from a writeable directory.

Unable to extract x64 image. Run Handle from a writeable directory.

# Captured: 2025-12-01T10:18:04.734638
File: results\pippinusdt_next_open_sim\2025-11-18_v2_c0_sl0.01_summary.csv
Note: [WinError 32] 다른 프로세스가 파일을 사용 중이기 때문에 프로세스가 액세스 할 수 없습니다: 'results\\pippinusdt_next_open_sim\\2025-11-18_v2_c0_sl0.01_summary.csv' -> 'C:\\Users\\User\\new\\yona_vanguard_futures\\results_backups\\results\\results\\pippinusdt_next_open_sim\\2025-11-18_v2_c0_sl0.01_summary.csv'
Unable to extract x64 image. Run Handle from a writeable directory.

Unable to extract x64 image. Run Handle from a writeable directory.

Unable to extract x64 image. Run Handle from a writeable directory.

# Captured: 2025-12-01T10:18:04.771672
File: results\pippinusdt_next_open_sim\2025-11-18_v2_c1_sl0.005_summary.csv
Note: [WinError 32] 다른 프로세스가 파일을 사용 중이기 때문에 프로세스가 액세스 할 수 없습니다: 'results\\pippinusdt_next_open_sim\\2025-11-18_v2_c1_sl0.005_summary.csv' -> 'C:\\Users\\User\\new\\yona_vanguard_futures\\results_backups\\results\\results\\pippinusdt_next_open_sim\\2025-11-18_v2_c1_sl0.005_summary.csv'
Unable to extract x64 image. Run Handle from a writeable directory.

Unable to extract x64 image. Run Handle from a writeable directory.

Unable to extract x64 image. Run Handle from a writeable directory.

# Captured: 2025-12-01T10:18:04.808069
File: results\pippinusdt_next_open_sim\2025-11-18_v2_c1_sl0.01_summary.csv
Note: [WinError 32] 다른 프로세스가 파일을 사용 중이기 때문에 프로세스가 액세스 할 수 없습니다: 'results\\pippinusdt_next_open_sim\\2025-11-18_v2_c1_sl0.01_summary.csv' -> 'C:\\Users\\User\\new\\yona_vanguard_futures\\results_backups\\results\\results\\pippinusdt_next_open_sim\\2025-11-18_v2_c1_sl0.01_summary.csv'
Unable to extract x64 image. Run Handle from a writeable directory.

Unable to extract x64 image. Run Handle from a writeable directory.

Unable to extract x64 image. Run Handle from a writeable directory.

# Captured: 2025-12-01T10:18:04.844685
File: results\pippinusdt_next_open_sim\2025-11-18_v2_c2_sl0.005_summary.csv
Note: [WinError 32] 다른 프로세스가 파일을 사용 중이기 때문에 프로세스가 액세스 할 수 없습니다: 'results\\pippinusdt_next_open_sim\\2025-11-18_v2_c2_sl0.005_summary.csv' -> 'C:\\Users\\User\\new\\yona_vanguard_futures\\results_backups\\results\\results\\pippinusdt_next_open_sim\\2025-11-18_v2_c2_sl0.005_summary.csv'
Unable to extract x64 image. Run Handle from a writeable directory.

Unable to extract x64 image. Run Handle from a writeable directory.

Unable to extract x64 image. Run Handle from a writeable directory.

# Captured: 2025-12-01T10:18:04.882228
File: results\pippinusdt_next_open_sim\2025-11-18_v2_c2_sl0.01_summary.csv
Note: [WinError 32] 다른 프로세스가 파일을 사용 중이기 때문에 프로세스가 액세스 할 수 없습니다: 'results\\pippinusdt_next_open_sim\\2025-11-18_v2_c2_sl0.01_summary.csv' -> 'C:\\Users\\User\\new\\yona_vanguard_futures\\results_backups\\results\\results\\pippinusdt_next_open_sim\\2025-11-18_v2_c2_sl0.01_summary.csv'
Unable to extract x64 image. Run Handle from a writeable directory.

Unable to extract x64 image. Run Handle from a writeable directory.

Unable to extract x64 image. Run Handle from a writeable directory.

# Captured: 2025-12-01T10:18:04.918691
File: results\pippinusdt_next_open_sim\2025-11-19_v0.5_c0_sl0.005_summary.csv
Note: [WinError 32] 다른 프로세스가 파일을 사용 중이기 때문에 프로세스가 액세스 할 수 없습니다: 'results\\pippinusdt_next_open_sim\\2025-11-19_v0.5_c0_sl0.005_summary.csv' -> 'C:\\Users\\User\\new\\yona_vanguard_futures\\results_backups\\results\\results\\pippinusdt_next_open_sim\\2025-11-19_v0.5_c0_sl0.005_summary.csv'
Unable to extract x64 image. Run Handle from a writeable directory.

Unable to extract x64 image. Run Handle from a writeable directory.

Unable to extract x64 image. Run Handle from a writeable directory.

# Captured: 2025-12-01T10:18:04.954755
File: results\pippinusdt_next_open_sim\2025-11-19_v0.5_c0_sl0.01_summary.csv
Note: [WinError 32] 다른 프로세스가 파일을 사용 중이기 때문에 프로세스가 액세스 할 수 없습니다: 'results\\pippinusdt_next_open_sim\\2025-11-19_v0.5_c0_sl0.01_summary.csv' -> 'C:\\Users\\User\\new\\yona_vanguard_futures\\results_backups\\results\\results\\pippinusdt_next_open_sim\\2025-11-19_v0.5_c0_sl0.01_summary.csv'
Unable to extract x64 image. Run Handle from a writeable directory.

Unable to extract x64 image. Run Handle from a writeable directory.

Unable to extract x64 image. Run Handle from a writeable directory.

# Captured: 2025-12-01T10:18:04.993320
File: results\pippinusdt_next_open_sim\2025-11-19_v0.5_c1_sl0.005_summary.csv
Note: [WinError 32] 다른 프로세스가 파일을 사용 중이기 때문에 프로세스가 액세스 할 수 없습니다: 'results\\pippinusdt_next_open_sim\\2025-11-19_v0.5_c1_sl0.005_summary.csv' -> 'C:\\Users\\User\\new\\yona_vanguard_futures\\results_backups\\results\\results\\pippinusdt_next_open_sim\\2025-11-19_v0.5_c1_sl0.005_summary.csv'
Unable to extract x64 image. Run Handle from a writeable directory.

Unable to extract x64 image. Run Handle from a writeable directory.

Unable to extract x64 image. Run Handle from a writeable directory.

