# Captured: 2025-12-01T07:35:38.011566
File: results\pippinusdt_next_open_sim\2025-11-21_v1_c0_sl0.005_summary.csv
Note: [WinError 32] 다른 프로세스가 파일을 사용 중이기 때문에 프로세스가 액세스 할 수 없습니다: 'results\\pippinusdt_next_open_sim\\2025-11-21_v1_c0_sl0.005_summary.csv' -> 'C:\\Users\\User\\new\\yona_vanguard_futures\\results_backups\\results\\results\\pippinusdt_next_open_sim\\2025-11-21_v1_c0_sl0.005_summary.csv'
Unable to extract x64 image. Run Handle from a writeable directory.

# Captured: 2025-12-01T07:35:38.025579
File: results\pippinusdt_next_open_sim\2025-11-21_v1_c0_sl0.01_summary.csv
Note: [WinError 32] 다른 프로세스가 파일을 사용 중이기 때문에 프로세스가 액세스 할 수 없습니다: 'results\\pippinusdt_next_open_sim\\2025-11-21_v1_c0_sl0.01_summary.csv' -> 'C:\\Users\\User\\new\\yona_vanguard_futures\\results_backups\\results\\results\\pippinusdt_next_open_sim\\2025-11-21_v1_c0_sl0.01_summary.csv'
Unable to extract x64 image. Run Handle from a writeable directory.

# Captured: 2025-12-01T07:35:38.039994
File: results\pippinusdt_next_open_sim\2025-11-21_v1_c1_sl0.005_summary.csv
Note: [WinError 32] 다른 프로세스가 파일을 사용 중이기 때문에 프로세스가 액세스 할 수 없습니다: 'results\\pippinusdt_next_open_sim\\2025-11-21_v1_c1_sl0.005_summary.csv' -> 'C:\\Users\\User\\new\\yona_vanguard_futures\\results_backups\\results\\results\\pippinusdt_next_open_sim\\2025-11-21_v1_c1_sl0.005_summary.csv'
Unable to extract x64 image. Run Handle from a writeable directory.

# Captured: 2025-12-01T07:35:38.055006
File: results\pippinusdt_next_open_sim\2025-11-21_v1_c1_sl0.01_summary.csv
Note: [WinError 32] 다른 프로세스가 파일을 사용 중이기 때문에 프로세스가 액세스 할 수 없습니다: 'results\\pippinusdt_next_open_sim\\2025-11-21_v1_c1_sl0.01_summary.csv' -> 'C:\\Users\\User\\new\\yona_vanguard_futures\\results_backups\\results\\results\\pippinusdt_next_open_sim\\2025-11-21_v1_c1_sl0.01_summary.csv'
Unable to extract x64 image. Run Handle from a writeable directory.

# Captured: 2025-12-01T07:35:38.069524
File: results\pippinusdt_next_open_sim\2025-11-21_v1_c2_sl0.005_summary.csv
Note: [WinError 32] 다른 프로세스가 파일을 사용 중이기 때문에 프로세스가 액세스 할 수 없습니다: 'results\\pippinusdt_next_open_sim\\2025-11-21_v1_c2_sl0.005_summary.csv' -> 'C:\\Users\\User\\new\\yona_vanguard_futures\\results_backups\\results\\results\\pippinusdt_next_open_sim\\2025-11-21_v1_c2_sl0.005_summary.csv'
Unable to extract x64 image. Run Handle from a writeable directory.

# Captured: 2025-12-01T07:35:38.083537
File: results\pippinusdt_next_open_sim\2025-11-21_v1_c2_sl0.01_summary.csv
Note: [WinError 32] 다른 프로세스가 파일을 사용 중이기 때문에 프로세스가 액세스 할 수 없습니다: 'results\\pippinusdt_next_open_sim\\2025-11-21_v1_c2_sl0.01_summary.csv' -> 'C:\\Users\\User\\new\\yona_vanguard_futures\\results_backups\\results\\results\\pippinusdt_next_open_sim\\2025-11-21_v1_c2_sl0.01_summary.csv'
Unable to extract x64 image. Run Handle from a writeable directory.

# Captured: 2025-12-01T07:35:38.097550
File: results\pippinusdt_next_open_sim\2025-11-21_v2_c0_sl0.005_summary.csv
Note: [WinError 32] 다른 프로세스가 파일을 사용 중이기 때문에 프로세스가 액세스 할 수 없습니다: 'results\\pippinusdt_next_open_sim\\2025-11-21_v2_c0_sl0.005_summary.csv' -> 'C:\\Users\\User\\new\\yona_vanguard_futures\\results_backups\\results\\results\\pippinusdt_next_open_sim\\2025-11-21_v2_c0_sl0.005_summary.csv'
Unable to extract x64 image. Run Handle from a writeable directory.

# Captured: 2025-12-01T07:35:38.110561
File: results\pippinusdt_next_open_sim\2025-11-21_v2_c0_sl0.01_summary.csv
Note: [WinError 32] 다른 프로세스가 파일을 사용 중이기 때문에 프로세스가 액세스 할 수 없습니다: 'results\\pippinusdt_next_open_sim\\2025-11-21_v2_c0_sl0.01_summary.csv' -> 'C:\\Users\\User\\new\\yona_vanguard_futures\\results_backups\\results\\results\\pippinusdt_next_open_sim\\2025-11-21_v2_c0_sl0.01_summary.csv'
Unable to extract x64 image. Run Handle from a writeable directory.

# Captured: 2025-12-01T07:35:38.124574
File: results\pippinusdt_next_open_sim\2025-11-21_v2_c1_sl0.005_summary.csv
Note: [WinError 32] 다른 프로세스가 파일을 사용 중이기 때문에 프로세스가 액세스 할 수 없습니다: 'results\\pippinusdt_next_open_sim\\2025-11-21_v2_c1_sl0.005_summary.csv' -> 'C:\\Users\\User\\new\\yona_vanguard_futures\\results_backups\\results\\results\\pippinusdt_next_open_sim\\2025-11-21_v2_c1_sl0.005_summary.csv'
Unable to extract x64 image. Run Handle from a writeable directory.

# Captured: 2025-12-01T07:35:38.137586
File: results\pippinusdt_next_open_sim\2025-11-21_v2_c1_sl0.01_summary.csv
Note: [WinError 32] 다른 프로세스가 파일을 사용 중이기 때문에 프로세스가 액세스 할 수 없습니다: 'results\\pippinusdt_next_open_sim\\2025-11-21_v2_c1_sl0.01_summary.csv' -> 'C:\\Users\\User\\new\\yona_vanguard_futures\\results_backups\\results\\results\\pippinusdt_next_open_sim\\2025-11-21_v2_c1_sl0.01_summary.csv'
Unable to extract x64 image. Run Handle from a writeable directory.

# Captured: 2025-12-01T07:35:38.151599
File: results\pippinusdt_next_open_sim\2025-11-21_v2_c2_sl0.005_summary.csv
Note: [WinError 32] 다른 프로세스가 파일을 사용 중이기 때문에 프로세스가 액세스 할 수 없습니다: 'results\\pippinusdt_next_open_sim\\2025-11-21_v2_c2_sl0.005_summary.csv' -> 'C:\\Users\\User\\new\\yona_vanguard_futures\\results_backups\\results\\results\\pippinusdt_next_open_sim\\2025-11-21_v2_c2_sl0.005_summary.csv'
Unable to extract x64 image. Run Handle from a writeable directory.

# Captured: 2025-12-01T07:35:38.164542
File: results\pippinusdt_next_open_sim\2025-11-21_v2_c2_sl0.01_summary.csv
Note: [WinError 32] 다른 프로세스가 파일을 사용 중이기 때문에 프로세스가 액세스 할 수 없습니다: 'results\\pippinusdt_next_open_sim\\2025-11-21_v2_c2_sl0.01_summary.csv' -> 'C:\\Users\\User\\new\\yona_vanguard_futures\\results_backups\\results\\results\\pippinusdt_next_open_sim\\2025-11-21_v2_c2_sl0.01_summary.csv'
Unable to extract x64 image. Run Handle from a writeable directory.

# Captured: 2025-12-01T07:35:38.178556
File: results\pippinusdt_next_open_sim\2025-11-22_v0.5_c0_sl0.005_summary.csv
Note: [WinError 32] 다른 프로세스가 파일을 사용 중이기 때문에 프로세스가 액세스 할 수 없습니다: 'results\\pippinusdt_next_open_sim\\2025-11-22_v0.5_c0_sl0.005_summary.csv' -> 'C:\\Users\\User\\new\\yona_vanguard_futures\\results_backups\\results\\results\\pippinusdt_next_open_sim\\2025-11-22_v0.5_c0_sl0.005_summary.csv'
Unable to extract x64 image. Run Handle from a writeable directory.

# Captured: 2025-12-01T07:35:38.193248
File: results\pippinusdt_next_open_sim\2025-11-22_v0.5_c0_sl0.01_summary.csv
Note: [WinError 32] 다른 프로세스가 파일을 사용 중이기 때문에 프로세스가 액세스 할 수 없습니다: 'results\\pippinusdt_next_open_sim\\2025-11-22_v0.5_c0_sl0.01_summary.csv' -> 'C:\\Users\\User\\new\\yona_vanguard_futures\\results_backups\\results\\results\\pippinusdt_next_open_sim\\2025-11-22_v0.5_c0_sl0.01_summary.csv'
Unable to extract x64 image. Run Handle from a writeable directory.

# Captured: 2025-12-01T07:35:38.207262
File: results\pippinusdt_next_open_sim\2025-11-22_v0.5_c1_sl0.005_summary.csv
Note: [WinError 32] 다른 프로세스가 파일을 사용 중이기 때문에 프로세스가 액세스 할 수 없습니다: 'results\\pippinusdt_next_open_sim\\2025-11-22_v0.5_c1_sl0.005_summary.csv' -> 'C:\\Users\\User\\new\\yona_vanguard_futures\\results_backups\\results\\results\\pippinusdt_next_open_sim\\2025-11-22_v0.5_c1_sl0.005_summary.csv'
Unable to extract x64 image. Run Handle from a writeable directory.

# Captured: 2025-12-01T07:35:38.221275
File: results\pippinusdt_next_open_sim\2025-11-22_v0.5_c1_sl0.01_summary.csv
Note: [WinError 32] 다른 프로세스가 파일을 사용 중이기 때문에 프로세스가 액세스 할 수 없습니다: 'results\\pippinusdt_next_open_sim\\2025-11-22_v0.5_c1_sl0.01_summary.csv' -> 'C:\\Users\\User\\new\\yona_vanguard_futures\\results_backups\\results\\results\\pippinusdt_next_open_sim\\2025-11-22_v0.5_c1_sl0.01_summary.csv'
Unable to extract x64 image. Run Handle from a writeable directory.

# Captured: 2025-12-01T07:35:38.234289
File: results\pippinusdt_next_open_sim\2025-11-22_v0.5_c2_sl0.005_summary.csv
Note: [WinError 32] 다른 프로세스가 파일을 사용 중이기 때문에 프로세스가 액세스 할 수 없습니다: 'results\\pippinusdt_next_open_sim\\2025-11-22_v0.5_c2_sl0.005_summary.csv' -> 'C:\\Users\\User\\new\\yona_vanguard_futures\\results_backups\\results\\results\\pippinusdt_next_open_sim\\2025-11-22_v0.5_c2_sl0.005_summary.csv'
Unable to extract x64 image. Run Handle from a writeable directory.

# Captured: 2025-12-01T07:35:38.248302
File: results\pippinusdt_next_open_sim\2025-11-22_v0.5_c2_sl0.01_summary.csv
Note: [WinError 32] 다른 프로세스가 파일을 사용 중이기 때문에 프로세스가 액세스 할 수 없습니다: 'results\\pippinusdt_next_open_sim\\2025-11-22_v0.5_c2_sl0.01_summary.csv' -> 'C:\\Users\\User\\new\\yona_vanguard_futures\\results_backups\\results\\results\\pippinusdt_next_open_sim\\2025-11-22_v0.5_c2_sl0.01_summary.csv'
Unable to extract x64 image. Run Handle from a writeable directory.

# Captured: 2025-12-01T07:35:38.262314
File: results\pippinusdt_next_open_sim\2025-11-22_v1.5_c0_sl0.005_summary.csv
Note: [WinError 32] 다른 프로세스가 파일을 사용 중이기 때문에 프로세스가 액세스 할 수 없습니다: 'results\\pippinusdt_next_open_sim\\2025-11-22_v1.5_c0_sl0.005_summary.csv' -> 'C:\\Users\\User\\new\\yona_vanguard_futures\\results_backups\\results\\results\\pippinusdt_next_open_sim\\2025-11-22_v1.5_c0_sl0.005_summary.csv'
Unable to extract x64 image. Run Handle from a writeable directory.

# Captured: 2025-12-01T07:35:38.275326
File: results\pippinusdt_next_open_sim\2025-11-22_v1.5_c0_sl0.01_summary.csv
Note: [WinError 32] 다른 프로세스가 파일을 사용 중이기 때문에 프로세스가 액세스 할 수 없습니다: 'results\\pippinusdt_next_open_sim\\2025-11-22_v1.5_c0_sl0.01_summary.csv' -> 'C:\\Users\\User\\new\\yona_vanguard_futures\\results_backups\\results\\results\\pippinusdt_next_open_sim\\2025-11-22_v1.5_c0_sl0.01_summary.csv'
Unable to extract x64 image. Run Handle from a writeable directory.

# Captured: 2025-12-01T07:35:38.289338
File: results\pippinusdt_next_open_sim\2025-11-22_v1.5_c1_sl0.005_summary.csv
Note: [WinError 32] 다른 프로세스가 파일을 사용 중이기 때문에 프로세스가 액세스 할 수 없습니다: 'results\\pippinusdt_next_open_sim\\2025-11-22_v1.5_c1_sl0.005_summary.csv' -> 'C:\\Users\\User\\new\\yona_vanguard_futures\\results_backups\\results\\results\\pippinusdt_next_open_sim\\2025-11-22_v1.5_c1_sl0.005_summary.csv'
Unable to extract x64 image. Run Handle from a writeable directory.

# Captured: 2025-12-01T07:35:38.303029
File: results\pippinusdt_next_open_sim\2025-11-22_v1.5_c1_sl0.01_summary.csv
Note: [WinError 32] 다른 프로세스가 파일을 사용 중이기 때문에 프로세스가 액세스 할 수 없습니다: 'results\\pippinusdt_next_open_sim\\2025-11-22_v1.5_c1_sl0.01_summary.csv' -> 'C:\\Users\\User\\new\\yona_vanguard_futures\\results_backups\\results\\results\\pippinusdt_next_open_sim\\2025-11-22_v1.5_c1_sl0.01_summary.csv'
Unable to extract x64 image. Run Handle from a writeable directory.

# Captured: 2025-12-01T07:35:38.316365
File: results\pippinusdt_next_open_sim\2025-11-22_v1.5_c2_sl0.005_summary.csv
Note: [WinError 32] 다른 프로세스가 파일을 사용 중이기 때문에 프로세스가 액세스 할 수 없습니다: 'results\\pippinusdt_next_open_sim\\2025-11-22_v1.5_c2_sl0.005_summary.csv' -> 'C:\\Users\\User\\new\\yona_vanguard_futures\\results_backups\\results\\results\\pippinusdt_next_open_sim\\2025-11-22_v1.5_c2_sl0.005_summary.csv'
Unable to extract x64 image. Run Handle from a writeable directory.

# Captured: 2025-12-01T07:35:38.330378
File: results\pippinusdt_next_open_sim\2025-11-22_v1.5_c2_sl0.01_summary.csv
Note: [WinError 32] 다른 프로세스가 파일을 사용 중이기 때문에 프로세스가 액세스 할 수 없습니다: 'results\\pippinusdt_next_open_sim\\2025-11-22_v1.5_c2_sl0.01_summary.csv' -> 'C:\\Users\\User\\new\\yona_vanguard_futures\\results_backups\\results\\results\\pippinusdt_next_open_sim\\2025-11-22_v1.5_c2_sl0.01_summary.csv'
Unable to extract x64 image. Run Handle from a writeable directory.

# Captured: 2025-12-01T07:35:38.344390
File: results\pippinusdt_next_open_sim\2025-11-22_v1_c0_sl0.005_summary.csv
Note: [WinError 32] 다른 프로세스가 파일을 사용 중이기 때문에 프로세스가 액세스 할 수 없습니다: 'results\\pippinusdt_next_open_sim\\2025-11-22_v1_c0_sl0.005_summary.csv' -> 'C:\\Users\\User\\new\\yona_vanguard_futures\\results_backups\\results\\results\\pippinusdt_next_open_sim\\2025-11-22_v1_c0_sl0.005_summary.csv'
Unable to extract x64 image. Run Handle from a writeable directory.

# Captured: 2025-12-01T07:35:38.357402
File: results\pippinusdt_next_open_sim\2025-11-22_v1_c0_sl0.01_summary.csv
Note: [WinError 32] 다른 프로세스가 파일을 사용 중이기 때문에 프로세스가 액세스 할 수 없습니다: 'results\\pippinusdt_next_open_sim\\2025-11-22_v1_c0_sl0.01_summary.csv' -> 'C:\\Users\\User\\new\\yona_vanguard_futures\\results_backups\\results\\results\\pippinusdt_next_open_sim\\2025-11-22_v1_c0_sl0.01_summary.csv'
Unable to extract x64 image. Run Handle from a writeable directory.

# Captured: 2025-12-01T07:35:38.371415
File: results\pippinusdt_next_open_sim\2025-11-22_v1_c1_sl0.005_summary.csv
Note: [WinError 32] 다른 프로세스가 파일을 사용 중이기 때문에 프로세스가 액세스 할 수 없습니다: 'results\\pippinusdt_next_open_sim\\2025-11-22_v1_c1_sl0.005_summary.csv' -> 'C:\\Users\\User\\new\\yona_vanguard_futures\\results_backups\\results\\results\\pippinusdt_next_open_sim\\2025-11-22_v1_c1_sl0.005_summary.csv'
Unable to extract x64 image. Run Handle from a writeable directory.

# Captured: 2025-12-01T07:35:38.384427
File: results\pippinusdt_next_open_sim\2025-11-22_v1_c1_sl0.01_summary.csv
Note: [WinError 32] 다른 프로세스가 파일을 사용 중이기 때문에 프로세스가 액세스 할 수 없습니다: 'results\\pippinusdt_next_open_sim\\2025-11-22_v1_c1_sl0.01_summary.csv' -> 'C:\\Users\\User\\new\\yona_vanguard_futures\\results_backups\\results\\results\\pippinusdt_next_open_sim\\2025-11-22_v1_c1_sl0.01_summary.csv'
Unable to extract x64 image. Run Handle from a writeable directory.

# Captured: 2025-12-01T07:35:38.398439
File: results\pippinusdt_next_open_sim\2025-11-22_v1_c2_sl0.005_summary.csv
Note: [WinError 32] 다른 프로세스가 파일을 사용 중이기 때문에 프로세스가 액세스 할 수 없습니다: 'results\\pippinusdt_next_open_sim\\2025-11-22_v1_c2_sl0.005_summary.csv' -> 'C:\\Users\\User\\new\\yona_vanguard_futures\\results_backups\\results\\results\\pippinusdt_next_open_sim\\2025-11-22_v1_c2_sl0.005_summary.csv'
Unable to extract x64 image. Run Handle from a writeable directory.

# Captured: 2025-12-01T07:35:38.411451
File: results\pippinusdt_next_open_sim\2025-11-22_v1_c2_sl0.01_summary.csv
Note: [WinError 32] 다른 프로세스가 파일을 사용 중이기 때문에 프로세스가 액세스 할 수 없습니다: 'results\\pippinusdt_next_open_sim\\2025-11-22_v1_c2_sl0.01_summary.csv' -> 'C:\\Users\\User\\new\\yona_vanguard_futures\\results_backups\\results\\results\\pippinusdt_next_open_sim\\2025-11-22_v1_c2_sl0.01_summary.csv'
Unable to extract x64 image. Run Handle from a writeable directory.

# Captured: 2025-12-01T07:35:38.425464
File: results\pippinusdt_next_open_sim\2025-11-22_v2_c0_sl0.005_summary.csv
Note: [WinError 32] 다른 프로세스가 파일을 사용 중이기 때문에 프로세스가 액세스 할 수 없습니다: 'results\\pippinusdt_next_open_sim\\2025-11-22_v2_c0_sl0.005_summary.csv' -> 'C:\\Users\\User\\new\\yona_vanguard_futures\\results_backups\\results\\results\\pippinusdt_next_open_sim\\2025-11-22_v2_c0_sl0.005_summary.csv'
Unable to extract x64 image. Run Handle from a writeable directory.

# Captured: 2025-12-01T07:35:38.438476
File: results\pippinusdt_next_open_sim\2025-11-22_v2_c0_sl0.01_summary.csv
Note: [WinError 32] 다른 프로세스가 파일을 사용 중이기 때문에 프로세스가 액세스 할 수 없습니다: 'results\\pippinusdt_next_open_sim\\2025-11-22_v2_c0_sl0.01_summary.csv' -> 'C:\\Users\\User\\new\\yona_vanguard_futures\\results_backups\\results\\results\\pippinusdt_next_open_sim\\2025-11-22_v2_c0_sl0.01_summary.csv'
Unable to extract x64 image. Run Handle from a writeable directory.

# Captured: 2025-12-01T07:35:38.453140
File: results\pippinusdt_next_open_sim\2025-11-22_v2_c1_sl0.005_summary.csv
Note: [WinError 32] 다른 프로세스가 파일을 사용 중이기 때문에 프로세스가 액세스 할 수 없습니다: 'results\\pippinusdt_next_open_sim\\2025-11-22_v2_c1_sl0.005_summary.csv' -> 'C:\\Users\\User\\new\\yona_vanguard_futures\\results_backups\\results\\results\\pippinusdt_next_open_sim\\2025-11-22_v2_c1_sl0.005_summary.csv'
Unable to extract x64 image. Run Handle from a writeable directory.

# Captured: 2025-12-01T07:35:38.466504
File: results\pippinusdt_next_open_sim\2025-11-22_v2_c1_sl0.01_summary.csv
Note: [WinError 32] 다른 프로세스가 파일을 사용 중이기 때문에 프로세스가 액세스 할 수 없습니다: 'results\\pippinusdt_next_open_sim\\2025-11-22_v2_c1_sl0.01_summary.csv' -> 'C:\\Users\\User\\new\\yona_vanguard_futures\\results_backups\\results\\results\\pippinusdt_next_open_sim\\2025-11-22_v2_c1_sl0.01_summary.csv'
Unable to extract x64 image. Run Handle from a writeable directory.

# Captured: 2025-12-01T07:35:38.480772
File: results\pippinusdt_next_open_sim\2025-11-22_v2_c2_sl0.005_summary.csv
Note: [WinError 32] 다른 프로세스가 파일을 사용 중이기 때문에 프로세스가 액세스 할 수 없습니다: 'results\\pippinusdt_next_open_sim\\2025-11-22_v2_c2_sl0.005_summary.csv' -> 'C:\\Users\\User\\new\\yona_vanguard_futures\\results_backups\\results\\results\\pippinusdt_next_open_sim\\2025-11-22_v2_c2_sl0.005_summary.csv'
Unable to extract x64 image. Run Handle from a writeable directory.

# Captured: 2025-12-01T07:35:38.494785
File: results\pippinusdt_next_open_sim\2025-11-22_v2_c2_sl0.01_summary.csv
Note: [WinError 32] 다른 프로세스가 파일을 사용 중이기 때문에 프로세스가 액세스 할 수 없습니다: 'results\\pippinusdt_next_open_sim\\2025-11-22_v2_c2_sl0.01_summary.csv' -> 'C:\\Users\\User\\new\\yona_vanguard_futures\\results_backups\\results\\results\\pippinusdt_next_open_sim\\2025-11-22_v2_c2_sl0.01_summary.csv'
Unable to extract x64 image. Run Handle from a writeable directory.

# Captured: 2025-12-01T07:35:38.507799
File: results\pippinusdt_next_open_sim\2025-11-23_v0.5_c0_sl0.005_summary.csv
Note: [WinError 32] 다른 프로세스가 파일을 사용 중이기 때문에 프로세스가 액세스 할 수 없습니다: 'results\\pippinusdt_next_open_sim\\2025-11-23_v0.5_c0_sl0.005_summary.csv' -> 'C:\\Users\\User\\new\\yona_vanguard_futures\\results_backups\\results\\results\\pippinusdt_next_open_sim\\2025-11-23_v0.5_c0_sl0.005_summary.csv'
Unable to extract x64 image. Run Handle from a writeable directory.

# Captured: 2025-12-01T07:35:38.521811
File: results\pippinusdt_next_open_sim\2025-11-23_v0.5_c0_sl0.01_summary.csv
Note: [WinError 32] 다른 프로세스가 파일을 사용 중이기 때문에 프로세스가 액세스 할 수 없습니다: 'results\\pippinusdt_next_open_sim\\2025-11-23_v0.5_c0_sl0.01_summary.csv' -> 'C:\\Users\\User\\new\\yona_vanguard_futures\\results_backups\\results\\results\\pippinusdt_next_open_sim\\2025-11-23_v0.5_c0_sl0.01_summary.csv'
Unable to extract x64 image. Run Handle from a writeable directory.

# Captured: 2025-12-01T07:35:38.535824
File: results\pippinusdt_next_open_sim\2025-11-23_v0.5_c1_sl0.005_summary.csv
Note: [WinError 32] 다른 프로세스가 파일을 사용 중이기 때문에 프로세스가 액세스 할 수 없습니다: 'results\\pippinusdt_next_open_sim\\2025-11-23_v0.5_c1_sl0.005_summary.csv' -> 'C:\\Users\\User\\new\\yona_vanguard_futures\\results_backups\\results\\results\\pippinusdt_next_open_sim\\2025-11-23_v0.5_c1_sl0.005_summary.csv'
Unable to extract x64 image. Run Handle from a writeable directory.

# Captured: 2025-12-01T07:35:38.549341
File: results\pippinusdt_next_open_sim\2025-11-23_v0.5_c1_sl0.01_summary.csv
Note: [WinError 32] 다른 프로세스가 파일을 사용 중이기 때문에 프로세스가 액세스 할 수 없습니다: 'results\\pippinusdt_next_open_sim\\2025-11-23_v0.5_c1_sl0.01_summary.csv' -> 'C:\\Users\\User\\new\\yona_vanguard_futures\\results_backups\\results\\results\\pippinusdt_next_open_sim\\2025-11-23_v0.5_c1_sl0.01_summary.csv'
Unable to extract x64 image. Run Handle from a writeable directory.

# Captured: 2025-12-01T07:35:38.562352
File: results\pippinusdt_next_open_sim\2025-11-23_v0.5_c2_sl0.005_summary.csv
Note: [WinError 32] 다른 프로세스가 파일을 사용 중이기 때문에 프로세스가 액세스 할 수 없습니다: 'results\\pippinusdt_next_open_sim\\2025-11-23_v0.5_c2_sl0.005_summary.csv' -> 'C:\\Users\\User\\new\\yona_vanguard_futures\\results_backups\\results\\results\\pippinusdt_next_open_sim\\2025-11-23_v0.5_c2_sl0.005_summary.csv'
Unable to extract x64 image. Run Handle from a writeable directory.

# Captured: 2025-12-01T07:35:38.576365
File: results\pippinusdt_next_open_sim\2025-11-23_v0.5_c2_sl0.01_summary.csv
Note: [WinError 32] 다른 프로세스가 파일을 사용 중이기 때문에 프로세스가 액세스 할 수 없습니다: 'results\\pippinusdt_next_open_sim\\2025-11-23_v0.5_c2_sl0.01_summary.csv' -> 'C:\\Users\\User\\new\\yona_vanguard_futures\\results_backups\\results\\results\\pippinusdt_next_open_sim\\2025-11-23_v0.5_c2_sl0.01_summary.csv'
Unable to extract x64 image. Run Handle from a writeable directory.

# Captured: 2025-12-01T07:35:38.589377
File: results\pippinusdt_next_open_sim\2025-11-23_v1.5_c0_sl0.005_summary.csv
Note: [WinError 32] 다른 프로세스가 파일을 사용 중이기 때문에 프로세스가 액세스 할 수 없습니다: 'results\\pippinusdt_next_open_sim\\2025-11-23_v1.5_c0_sl0.005_summary.csv' -> 'C:\\Users\\User\\new\\yona_vanguard_futures\\results_backups\\results\\results\\pippinusdt_next_open_sim\\2025-11-23_v1.5_c0_sl0.005_summary.csv'
Unable to extract x64 image. Run Handle from a writeable directory.

# Captured: 2025-12-01T07:35:38.603389
File: results\pippinusdt_next_open_sim\2025-11-23_v1.5_c0_sl0.01_summary.csv
Note: [WinError 32] 다른 프로세스가 파일을 사용 중이기 때문에 프로세스가 액세스 할 수 없습니다: 'results\\pippinusdt_next_open_sim\\2025-11-23_v1.5_c0_sl0.01_summary.csv' -> 'C:\\Users\\User\\new\\yona_vanguard_futures\\results_backups\\results\\results\\pippinusdt_next_open_sim\\2025-11-23_v1.5_c0_sl0.01_summary.csv'
Unable to extract x64 image. Run Handle from a writeable directory.

# Captured: 2025-12-01T07:35:38.617404
File: results\pippinusdt_next_open_sim\2025-11-23_v1.5_c1_sl0.005_summary.csv
Note: [WinError 32] 다른 프로세스가 파일을 사용 중이기 때문에 프로세스가 액세스 할 수 없습니다: 'results\\pippinusdt_next_open_sim\\2025-11-23_v1.5_c1_sl0.005_summary.csv' -> 'C:\\Users\\User\\new\\yona_vanguard_futures\\results_backups\\results\\results\\pippinusdt_next_open_sim\\2025-11-23_v1.5_c1_sl0.005_summary.csv'
Unable to extract x64 image. Run Handle from a writeable directory.

# Captured: 2025-12-01T07:35:38.630416
File: results\pippinusdt_next_open_sim\2025-11-23_v1.5_c1_sl0.01_summary.csv
Note: [WinError 32] 다른 프로세스가 파일을 사용 중이기 때문에 프로세스가 액세스 할 수 없습니다: 'results\\pippinusdt_next_open_sim\\2025-11-23_v1.5_c1_sl0.01_summary.csv' -> 'C:\\Users\\User\\new\\yona_vanguard_futures\\results_backups\\results\\results\\pippinusdt_next_open_sim\\2025-11-23_v1.5_c1_sl0.01_summary.csv'
Unable to extract x64 image. Run Handle from a writeable directory.

# Captured: 2025-12-01T07:35:38.644429
File: results\pippinusdt_next_open_sim\2025-11-23_v1.5_c2_sl0.005_summary.csv
Note: [WinError 32] 다른 프로세스가 파일을 사용 중이기 때문에 프로세스가 액세스 할 수 없습니다: 'results\\pippinusdt_next_open_sim\\2025-11-23_v1.5_c2_sl0.005_summary.csv' -> 'C:\\Users\\User\\new\\yona_vanguard_futures\\results_backups\\results\\results\\pippinusdt_next_open_sim\\2025-11-23_v1.5_c2_sl0.005_summary.csv'
Unable to extract x64 image. Run Handle from a writeable directory.

# Captured: 2025-12-01T07:35:38.659445
File: results\pippinusdt_next_open_sim\2025-11-23_v1.5_c2_sl0.01_summary.csv
Note: [WinError 32] 다른 프로세스가 파일을 사용 중이기 때문에 프로세스가 액세스 할 수 없습니다: 'results\\pippinusdt_next_open_sim\\2025-11-23_v1.5_c2_sl0.01_summary.csv' -> 'C:\\Users\\User\\new\\yona_vanguard_futures\\results_backups\\results\\results\\pippinusdt_next_open_sim\\2025-11-23_v1.5_c2_sl0.01_summary.csv'
Unable to extract x64 image. Run Handle from a writeable directory.

# Captured: 2025-12-01T07:35:38.673457
File: results\pippinusdt_next_open_sim\2025-11-23_v1_c0_sl0.005_summary.csv
Note: [WinError 32] 다른 프로세스가 파일을 사용 중이기 때문에 프로세스가 액세스 할 수 없습니다: 'results\\pippinusdt_next_open_sim\\2025-11-23_v1_c0_sl0.005_summary.csv' -> 'C:\\Users\\User\\new\\yona_vanguard_futures\\results_backups\\results\\results\\pippinusdt_next_open_sim\\2025-11-23_v1_c0_sl0.005_summary.csv'
Unable to extract x64 image. Run Handle from a writeable directory.

# Captured: 2025-12-01T07:35:38.686468
File: results\pippinusdt_next_open_sim\2025-11-23_v1_c0_sl0.01_summary.csv
Note: [WinError 32] 다른 프로세스가 파일을 사용 중이기 때문에 프로세스가 액세스 할 수 없습니다: 'results\\pippinusdt_next_open_sim\\2025-11-23_v1_c0_sl0.01_summary.csv' -> 'C:\\Users\\User\\new\\yona_vanguard_futures\\results_backups\\results\\results\\pippinusdt_next_open_sim\\2025-11-23_v1_c0_sl0.01_summary.csv'
Unable to extract x64 image. Run Handle from a writeable directory.

# Captured: 2025-12-01T07:35:38.700482
File: results\pippinusdt_next_open_sim\2025-11-23_v1_c1_sl0.005_summary.csv
Note: [WinError 32] 다른 프로세스가 파일을 사용 중이기 때문에 프로세스가 액세스 할 수 없습니다: 'results\\pippinusdt_next_open_sim\\2025-11-23_v1_c1_sl0.005_summary.csv' -> 'C:\\Users\\User\\new\\yona_vanguard_futures\\results_backups\\results\\results\\pippinusdt_next_open_sim\\2025-11-23_v1_c1_sl0.005_summary.csv'
Unable to extract x64 image. Run Handle from a writeable directory.

# Captured: 2025-12-01T07:35:38.714497
File: results\pippinusdt_next_open_sim\2025-11-23_v1_c1_sl0.01_summary.csv
Note: [WinError 32] 다른 프로세스가 파일을 사용 중이기 때문에 프로세스가 액세스 할 수 없습니다: 'results\\pippinusdt_next_open_sim\\2025-11-23_v1_c1_sl0.01_summary.csv' -> 'C:\\Users\\User\\new\\yona_vanguard_futures\\results_backups\\results\\results\\pippinusdt_next_open_sim\\2025-11-23_v1_c1_sl0.01_summary.csv'
Unable to extract x64 image. Run Handle from a writeable directory.

# Captured: 2025-12-01T07:35:38.728509
File: results\pippinusdt_next_open_sim\2025-11-23_v1_c2_sl0.005_summary.csv
Note: [WinError 32] 다른 프로세스가 파일을 사용 중이기 때문에 프로세스가 액세스 할 수 없습니다: 'results\\pippinusdt_next_open_sim\\2025-11-23_v1_c2_sl0.005_summary.csv' -> 'C:\\Users\\User\\new\\yona_vanguard_futures\\results_backups\\results\\results\\pippinusdt_next_open_sim\\2025-11-23_v1_c2_sl0.005_summary.csv'
Unable to extract x64 image. Run Handle from a writeable directory.

# Captured: 2025-12-01T07:35:38.742522
File: results\pippinusdt_next_open_sim\2025-11-23_v1_c2_sl0.01_summary.csv
Note: [WinError 32] 다른 프로세스가 파일을 사용 중이기 때문에 프로세스가 액세스 할 수 없습니다: 'results\\pippinusdt_next_open_sim\\2025-11-23_v1_c2_sl0.01_summary.csv' -> 'C:\\Users\\User\\new\\yona_vanguard_futures\\results_backups\\results\\results\\pippinusdt_next_open_sim\\2025-11-23_v1_c2_sl0.01_summary.csv'
Unable to extract x64 image. Run Handle from a writeable directory.

# Captured: 2025-12-01T07:35:38.755534
File: results\pippinusdt_next_open_sim\2025-11-23_v2_c0_sl0.005_summary.csv
Note: [WinError 32] 다른 프로세스가 파일을 사용 중이기 때문에 프로세스가 액세스 할 수 없습니다: 'results\\pippinusdt_next_open_sim\\2025-11-23_v2_c0_sl0.005_summary.csv' -> 'C:\\Users\\User\\new\\yona_vanguard_futures\\results_backups\\results\\results\\pippinusdt_next_open_sim\\2025-11-23_v2_c0_sl0.005_summary.csv'
Unable to extract x64 image. Run Handle from a writeable directory.

# Captured: 2025-12-01T07:35:38.769965
File: results\pippinusdt_next_open_sim\2025-11-23_v2_c0_sl0.01_summary.csv
Note: [WinError 32] 다른 프로세스가 파일을 사용 중이기 때문에 프로세스가 액세스 할 수 없습니다: 'results\\pippinusdt_next_open_sim\\2025-11-23_v2_c0_sl0.01_summary.csv' -> 'C:\\Users\\User\\new\\yona_vanguard_futures\\results_backups\\results\\results\\pippinusdt_next_open_sim\\2025-11-23_v2_c0_sl0.01_summary.csv'
Unable to extract x64 image. Run Handle from a writeable directory.

# Captured: 2025-12-01T07:35:38.782992
File: results\pippinusdt_next_open_sim\2025-11-23_v2_c1_sl0.005_summary.csv
Note: [WinError 32] 다른 프로세스가 파일을 사용 중이기 때문에 프로세스가 액세스 할 수 없습니다: 'results\\pippinusdt_next_open_sim\\2025-11-23_v2_c1_sl0.005_summary.csv' -> 'C:\\Users\\User\\new\\yona_vanguard_futures\\results_backups\\results\\results\\pippinusdt_next_open_sim\\2025-11-23_v2_c1_sl0.005_summary.csv'
Unable to extract x64 image. Run Handle from a writeable directory.

# Captured: 2025-12-01T07:35:38.797005
File: results\pippinusdt_next_open_sim\2025-11-23_v2_c1_sl0.01_summary.csv
Note: [WinError 32] 다른 프로세스가 파일을 사용 중이기 때문에 프로세스가 액세스 할 수 없습니다: 'results\\pippinusdt_next_open_sim\\2025-11-23_v2_c1_sl0.01_summary.csv' -> 'C:\\Users\\User\\new\\yona_vanguard_futures\\results_backups\\results\\results\\pippinusdt_next_open_sim\\2025-11-23_v2_c1_sl0.01_summary.csv'
Unable to extract x64 image. Run Handle from a writeable directory.

# Captured: 2025-12-01T07:35:38.811143
File: results\pippinusdt_next_open_sim\2025-11-23_v2_c2_sl0.005_summary.csv
Note: [WinError 32] 다른 프로세스가 파일을 사용 중이기 때문에 프로세스가 액세스 할 수 없습니다: 'results\\pippinusdt_next_open_sim\\2025-11-23_v2_c2_sl0.005_summary.csv' -> 'C:\\Users\\User\\new\\yona_vanguard_futures\\results_backups\\results\\results\\pippinusdt_next_open_sim\\2025-11-23_v2_c2_sl0.005_summary.csv'
Unable to extract x64 image. Run Handle from a writeable directory.

# Captured: 2025-12-01T07:35:38.824154
File: results\pippinusdt_next_open_sim\2025-11-23_v2_c2_sl0.01_summary.csv
Note: [WinError 32] 다른 프로세스가 파일을 사용 중이기 때문에 프로세스가 액세스 할 수 없습니다: 'results\\pippinusdt_next_open_sim\\2025-11-23_v2_c2_sl0.01_summary.csv' -> 'C:\\Users\\User\\new\\yona_vanguard_futures\\results_backups\\results\\results\\pippinusdt_next_open_sim\\2025-11-23_v2_c2_sl0.01_summary.csv'
Unable to extract x64 image. Run Handle from a writeable directory.

# Captured: 2025-12-01T07:35:38.838167
File: results\pippinusdt_next_open_sim\2025-11-24_v0.5_c0_sl0.005_summary.csv
Note: [WinError 32] 다른 프로세스가 파일을 사용 중이기 때문에 프로세스가 액세스 할 수 없습니다: 'results\\pippinusdt_next_open_sim\\2025-11-24_v0.5_c0_sl0.005_summary.csv' -> 'C:\\Users\\User\\new\\yona_vanguard_futures\\results_backups\\results\\results\\pippinusdt_next_open_sim\\2025-11-24_v0.5_c0_sl0.005_summary.csv'
Unable to extract x64 image. Run Handle from a writeable directory.

# Captured: 2025-12-01T07:35:38.852180
File: results\pippinusdt_next_open_sim\2025-11-24_v0.5_c0_sl0.01_summary.csv
Note: [WinError 32] 다른 프로세스가 파일을 사용 중이기 때문에 프로세스가 액세스 할 수 없습니다: 'results\\pippinusdt_next_open_sim\\2025-11-24_v0.5_c0_sl0.01_summary.csv' -> 'C:\\Users\\User\\new\\yona_vanguard_futures\\results_backups\\results\\results\\pippinusdt_next_open_sim\\2025-11-24_v0.5_c0_sl0.01_summary.csv'
Unable to extract x64 image. Run Handle from a writeable directory.

# Captured: 2025-12-01T07:35:38.865316
File: results\pippinusdt_next_open_sim\2025-11-24_v0.5_c1_sl0.005_summary.csv
Note: [WinError 32] 다른 프로세스가 파일을 사용 중이기 때문에 프로세스가 액세스 할 수 없습니다: 'results\\pippinusdt_next_open_sim\\2025-11-24_v0.5_c1_sl0.005_summary.csv' -> 'C:\\Users\\User\\new\\yona_vanguard_futures\\results_backups\\results\\results\\pippinusdt_next_open_sim\\2025-11-24_v0.5_c1_sl0.005_summary.csv'
Unable to extract x64 image. Run Handle from a writeable directory.

# Captured: 2025-12-01T07:35:38.879569
File: results\pippinusdt_next_open_sim\2025-11-24_v0.5_c1_sl0.01_summary.csv
Note: [WinError 32] 다른 프로세스가 파일을 사용 중이기 때문에 프로세스가 액세스 할 수 없습니다: 'results\\pippinusdt_next_open_sim\\2025-11-24_v0.5_c1_sl0.01_summary.csv' -> 'C:\\Users\\User\\new\\yona_vanguard_futures\\results_backups\\results\\results\\pippinusdt_next_open_sim\\2025-11-24_v0.5_c1_sl0.01_summary.csv'
Unable to extract x64 image. Run Handle from a writeable directory.

# Captured: 2025-12-01T07:35:38.893583
File: results\pippinusdt_next_open_sim\2025-11-24_v0.5_c2_sl0.005_summary.csv
Note: [WinError 32] 다른 프로세스가 파일을 사용 중이기 때문에 프로세스가 액세스 할 수 없습니다: 'results\\pippinusdt_next_open_sim\\2025-11-24_v0.5_c2_sl0.005_summary.csv' -> 'C:\\Users\\User\\new\\yona_vanguard_futures\\results_backups\\results\\results\\pippinusdt_next_open_sim\\2025-11-24_v0.5_c2_sl0.005_summary.csv'
Unable to extract x64 image. Run Handle from a writeable directory.

# Captured: 2025-12-01T07:35:38.907595
File: results\pippinusdt_next_open_sim\2025-11-24_v0.5_c2_sl0.01_summary.csv
Note: [WinError 32] 다른 프로세스가 파일을 사용 중이기 때문에 프로세스가 액세스 할 수 없습니다: 'results\\pippinusdt_next_open_sim\\2025-11-24_v0.5_c2_sl0.01_summary.csv' -> 'C:\\Users\\User\\new\\yona_vanguard_futures\\results_backups\\results\\results\\pippinusdt_next_open_sim\\2025-11-24_v0.5_c2_sl0.01_summary.csv'
Unable to extract x64 image. Run Handle from a writeable directory.

# Captured: 2025-12-01T07:35:38.920607
File: results\pippinusdt_next_open_sim\2025-11-24_v1.5_c0_sl0.005_summary.csv
Note: [WinError 32] 다른 프로세스가 파일을 사용 중이기 때문에 프로세스가 액세스 할 수 없습니다: 'results\\pippinusdt_next_open_sim\\2025-11-24_v1.5_c0_sl0.005_summary.csv' -> 'C:\\Users\\User\\new\\yona_vanguard_futures\\results_backups\\results\\results\\pippinusdt_next_open_sim\\2025-11-24_v1.5_c0_sl0.005_summary.csv'
Unable to extract x64 image. Run Handle from a writeable directory.

# Captured: 2025-12-01T07:35:38.934622
File: results\pippinusdt_next_open_sim\2025-11-24_v1.5_c0_sl0.01_summary.csv
Note: [WinError 32] 다른 프로세스가 파일을 사용 중이기 때문에 프로세스가 액세스 할 수 없습니다: 'results\\pippinusdt_next_open_sim\\2025-11-24_v1.5_c0_sl0.01_summary.csv' -> 'C:\\Users\\User\\new\\yona_vanguard_futures\\results_backups\\results\\results\\pippinusdt_next_open_sim\\2025-11-24_v1.5_c0_sl0.01_summary.csv'
Unable to extract x64 image. Run Handle from a writeable directory.

# Captured: 2025-12-01T07:35:38.947764
File: results\pippinusdt_next_open_sim\2025-11-24_v1.5_c1_sl0.005_summary.csv
Note: [WinError 32] 다른 프로세스가 파일을 사용 중이기 때문에 프로세스가 액세스 할 수 없습니다: 'results\\pippinusdt_next_open_sim\\2025-11-24_v1.5_c1_sl0.005_summary.csv' -> 'C:\\Users\\User\\new\\yona_vanguard_futures\\results_backups\\results\\results\\pippinusdt_next_open_sim\\2025-11-24_v1.5_c1_sl0.005_summary.csv'
Unable to extract x64 image. Run Handle from a writeable directory.

# Captured: 2025-12-01T07:35:38.962281
File: results\pippinusdt_next_open_sim\2025-11-24_v1.5_c1_sl0.01_summary.csv
Note: [WinError 32] 다른 프로세스가 파일을 사용 중이기 때문에 프로세스가 액세스 할 수 없습니다: 'results\\pippinusdt_next_open_sim\\2025-11-24_v1.5_c1_sl0.01_summary.csv' -> 'C:\\Users\\User\\new\\yona_vanguard_futures\\results_backups\\results\\results\\pippinusdt_next_open_sim\\2025-11-24_v1.5_c1_sl0.01_summary.csv'
Unable to extract x64 image. Run Handle from a writeable directory.

# Captured: 2025-12-01T07:35:38.975293
File: results\pippinusdt_next_open_sim\2025-11-24_v1.5_c2_sl0.005_summary.csv
Note: [WinError 32] 다른 프로세스가 파일을 사용 중이기 때문에 프로세스가 액세스 할 수 없습니다: 'results\\pippinusdt_next_open_sim\\2025-11-24_v1.5_c2_sl0.005_summary.csv' -> 'C:\\Users\\User\\new\\yona_vanguard_futures\\results_backups\\results\\results\\pippinusdt_next_open_sim\\2025-11-24_v1.5_c2_sl0.005_summary.csv'
Unable to extract x64 image. Run Handle from a writeable directory.

# Captured: 2025-12-01T07:35:38.990307
File: results\pippinusdt_next_open_sim\2025-11-24_v1.5_c2_sl0.01_summary.csv
Note: [WinError 32] 다른 프로세스가 파일을 사용 중이기 때문에 프로세스가 액세스 할 수 없습니다: 'results\\pippinusdt_next_open_sim\\2025-11-24_v1.5_c2_sl0.01_summary.csv' -> 'C:\\Users\\User\\new\\yona_vanguard_futures\\results_backups\\results\\results\\pippinusdt_next_open_sim\\2025-11-24_v1.5_c2_sl0.01_summary.csv'
Unable to extract x64 image. Run Handle from a writeable directory.

