# Captured: 2025-12-01T10:19:29.415085
File: results\pippinusdt_next_open_sim\2025-11-24_v0.5_c0_sl0.005_summary.csv
Note: [WinError 32] 다른 프로세스가 파일을 사용 중이기 때문에 프로세스가 액세스 할 수 없습니다: 'results\\pippinusdt_next_open_sim\\2025-11-24_v0.5_c0_sl0.005_summary.csv' -> 'C:\\Users\\User\\new\\yona_vanguard_futures\\results_backups\\results\\results\\pippinusdt_next_open_sim\\2025-11-24_v0.5_c0_sl0.005_summary.csv'
Unable to extract x64 image. Run Handle from a writeable directory.

Unable to extract x64 image. Run Handle from a writeable directory.

Unable to extract x64 image. Run Handle from a writeable directory.

# Captured: 2025-12-01T10:19:29.454123
File: results\pippinusdt_next_open_sim\2025-11-24_v0.5_c0_sl0.01_summary.csv
Note: [WinError 32] 다른 프로세스가 파일을 사용 중이기 때문에 프로세스가 액세스 할 수 없습니다: 'results\\pippinusdt_next_open_sim\\2025-11-24_v0.5_c0_sl0.01_summary.csv' -> 'C:\\Users\\User\\new\\yona_vanguard_futures\\results_backups\\results\\results\\pippinusdt_next_open_sim\\2025-11-24_v0.5_c0_sl0.01_summary.csv'
Unable to extract x64 image. Run Handle from a writeable directory.

Unable to extract x64 image. Run Handle from a writeable directory.

Unable to extract x64 image. Run Handle from a writeable directory.

# Captured: 2025-12-01T10:19:29.492491
File: results\pippinusdt_next_open_sim\2025-11-24_v0.5_c1_sl0.005_summary.csv
Note: [WinError 32] 다른 프로세스가 파일을 사용 중이기 때문에 프로세스가 액세스 할 수 없습니다: 'results\\pippinusdt_next_open_sim\\2025-11-24_v0.5_c1_sl0.005_summary.csv' -> 'C:\\Users\\User\\new\\yona_vanguard_futures\\results_backups\\results\\results\\pippinusdt_next_open_sim\\2025-11-24_v0.5_c1_sl0.005_summary.csv'
Unable to extract x64 image. Run Handle from a writeable directory.

Unable to extract x64 image. Run Handle from a writeable directory.

Unable to extract x64 image. Run Handle from a writeable directory.

# Captured: 2025-12-01T10:19:29.530433
File: results\pippinusdt_next_open_sim\2025-11-24_v0.5_c1_sl0.01_summary.csv
Note: [WinError 32] 다른 프로세스가 파일을 사용 중이기 때문에 프로세스가 액세스 할 수 없습니다: 'results\\pippinusdt_next_open_sim\\2025-11-24_v0.5_c1_sl0.01_summary.csv' -> 'C:\\Users\\User\\new\\yona_vanguard_futures\\results_backups\\results\\results\\pippinusdt_next_open_sim\\2025-11-24_v0.5_c1_sl0.01_summary.csv'
Unable to extract x64 image. Run Handle from a writeable directory.

Unable to extract x64 image. Run Handle from a writeable directory.

Unable to extract x64 image. Run Handle from a writeable directory.

# Captured: 2025-12-01T10:19:29.568277
File: results\pippinusdt_next_open_sim\2025-11-24_v0.5_c2_sl0.005_summary.csv
Note: [WinError 32] 다른 프로세스가 파일을 사용 중이기 때문에 프로세스가 액세스 할 수 없습니다: 'results\\pippinusdt_next_open_sim\\2025-11-24_v0.5_c2_sl0.005_summary.csv' -> 'C:\\Users\\User\\new\\yona_vanguard_futures\\results_backups\\results\\results\\pippinusdt_next_open_sim\\2025-11-24_v0.5_c2_sl0.005_summary.csv'
Unable to extract x64 image. Run Handle from a writeable directory.

Unable to extract x64 image. Run Handle from a writeable directory.

Unable to extract x64 image. Run Handle from a writeable directory.

# Captured: 2025-12-01T10:19:29.606071
File: results\pippinusdt_next_open_sim\2025-11-24_v0.5_c2_sl0.01_summary.csv
Note: [WinError 32] 다른 프로세스가 파일을 사용 중이기 때문에 프로세스가 액세스 할 수 없습니다: 'results\\pippinusdt_next_open_sim\\2025-11-24_v0.5_c2_sl0.01_summary.csv' -> 'C:\\Users\\User\\new\\yona_vanguard_futures\\results_backups\\results\\results\\pippinusdt_next_open_sim\\2025-11-24_v0.5_c2_sl0.01_summary.csv'
Unable to extract x64 image. Run Handle from a writeable directory.

Unable to extract x64 image. Run Handle from a writeable directory.

Unable to extract x64 image. Run Handle from a writeable directory.

# Captured: 2025-12-01T10:19:29.644532
File: results\pippinusdt_next_open_sim\2025-11-24_v1.5_c0_sl0.005_summary.csv
Note: [WinError 32] 다른 프로세스가 파일을 사용 중이기 때문에 프로세스가 액세스 할 수 없습니다: 'results\\pippinusdt_next_open_sim\\2025-11-24_v1.5_c0_sl0.005_summary.csv' -> 'C:\\Users\\User\\new\\yona_vanguard_futures\\results_backups\\results\\results\\pippinusdt_next_open_sim\\2025-11-24_v1.5_c0_sl0.005_summary.csv'
Unable to extract x64 image. Run Handle from a writeable directory.

Unable to extract x64 image. Run Handle from a writeable directory.

Unable to extract x64 image. Run Handle from a writeable directory.

# Captured: 2025-12-01T10:19:29.681849
File: results\pippinusdt_next_open_sim\2025-11-24_v1.5_c0_sl0.01_summary.csv
Note: [WinError 32] 다른 프로세스가 파일을 사용 중이기 때문에 프로세스가 액세스 할 수 없습니다: 'results\\pippinusdt_next_open_sim\\2025-11-24_v1.5_c0_sl0.01_summary.csv' -> 'C:\\Users\\User\\new\\yona_vanguard_futures\\results_backups\\results\\results\\pippinusdt_next_open_sim\\2025-11-24_v1.5_c0_sl0.01_summary.csv'
Unable to extract x64 image. Run Handle from a writeable directory.

Unable to extract x64 image. Run Handle from a writeable directory.

Unable to extract x64 image. Run Handle from a writeable directory.

# Captured: 2025-12-01T10:19:29.719941
File: results\pippinusdt_next_open_sim\2025-11-24_v1.5_c1_sl0.005_summary.csv
Note: [WinError 32] 다른 프로세스가 파일을 사용 중이기 때문에 프로세스가 액세스 할 수 없습니다: 'results\\pippinusdt_next_open_sim\\2025-11-24_v1.5_c1_sl0.005_summary.csv' -> 'C:\\Users\\User\\new\\yona_vanguard_futures\\results_backups\\results\\results\\pippinusdt_next_open_sim\\2025-11-24_v1.5_c1_sl0.005_summary.csv'
Unable to extract x64 image. Run Handle from a writeable directory.

Unable to extract x64 image. Run Handle from a writeable directory.

Unable to extract x64 image. Run Handle from a writeable directory.

# Captured: 2025-12-01T10:19:29.757343
File: results\pippinusdt_next_open_sim\2025-11-24_v1.5_c1_sl0.01_summary.csv
Note: [WinError 32] 다른 프로세스가 파일을 사용 중이기 때문에 프로세스가 액세스 할 수 없습니다: 'results\\pippinusdt_next_open_sim\\2025-11-24_v1.5_c1_sl0.01_summary.csv' -> 'C:\\Users\\User\\new\\yona_vanguard_futures\\results_backups\\results\\results\\pippinusdt_next_open_sim\\2025-11-24_v1.5_c1_sl0.01_summary.csv'
Unable to extract x64 image. Run Handle from a writeable directory.

Unable to extract x64 image. Run Handle from a writeable directory.

Unable to extract x64 image. Run Handle from a writeable directory.

# Captured: 2025-12-01T10:19:29.794930
File: results\pippinusdt_next_open_sim\2025-11-24_v1.5_c2_sl0.005_summary.csv
Note: [WinError 32] 다른 프로세스가 파일을 사용 중이기 때문에 프로세스가 액세스 할 수 없습니다: 'results\\pippinusdt_next_open_sim\\2025-11-24_v1.5_c2_sl0.005_summary.csv' -> 'C:\\Users\\User\\new\\yona_vanguard_futures\\results_backups\\results\\results\\pippinusdt_next_open_sim\\2025-11-24_v1.5_c2_sl0.005_summary.csv'
Unable to extract x64 image. Run Handle from a writeable directory.

Unable to extract x64 image. Run Handle from a writeable directory.

Unable to extract x64 image. Run Handle from a writeable directory.

# Captured: 2025-12-01T10:19:29.832400
File: results\pippinusdt_next_open_sim\2025-11-24_v1.5_c2_sl0.01_summary.csv
Note: [WinError 32] 다른 프로세스가 파일을 사용 중이기 때문에 프로세스가 액세스 할 수 없습니다: 'results\\pippinusdt_next_open_sim\\2025-11-24_v1.5_c2_sl0.01_summary.csv' -> 'C:\\Users\\User\\new\\yona_vanguard_futures\\results_backups\\results\\results\\pippinusdt_next_open_sim\\2025-11-24_v1.5_c2_sl0.01_summary.csv'
Unable to extract x64 image. Run Handle from a writeable directory.

Unable to extract x64 image. Run Handle from a writeable directory.

Unable to extract x64 image. Run Handle from a writeable directory.

# Captured: 2025-12-01T10:19:29.870860
File: results\pippinusdt_next_open_sim\2025-11-24_v1_c0_sl0.005_summary.csv
Note: [WinError 32] 다른 프로세스가 파일을 사용 중이기 때문에 프로세스가 액세스 할 수 없습니다: 'results\\pippinusdt_next_open_sim\\2025-11-24_v1_c0_sl0.005_summary.csv' -> 'C:\\Users\\User\\new\\yona_vanguard_futures\\results_backups\\results\\results\\pippinusdt_next_open_sim\\2025-11-24_v1_c0_sl0.005_summary.csv'
Unable to extract x64 image. Run Handle from a writeable directory.

Unable to extract x64 image. Run Handle from a writeable directory.

Unable to extract x64 image. Run Handle from a writeable directory.

# Captured: 2025-12-01T10:19:29.908898
File: results\pippinusdt_next_open_sim\2025-11-24_v1_c0_sl0.01_summary.csv
Note: [WinError 32] 다른 프로세스가 파일을 사용 중이기 때문에 프로세스가 액세스 할 수 없습니다: 'results\\pippinusdt_next_open_sim\\2025-11-24_v1_c0_sl0.01_summary.csv' -> 'C:\\Users\\User\\new\\yona_vanguard_futures\\results_backups\\results\\results\\pippinusdt_next_open_sim\\2025-11-24_v1_c0_sl0.01_summary.csv'
Unable to extract x64 image. Run Handle from a writeable directory.

Unable to extract x64 image. Run Handle from a writeable directory.

Unable to extract x64 image. Run Handle from a writeable directory.

# Captured: 2025-12-01T10:19:29.947809
File: results\pippinusdt_next_open_sim\2025-11-24_v1_c1_sl0.005_summary.csv
Note: [WinError 32] 다른 프로세스가 파일을 사용 중이기 때문에 프로세스가 액세스 할 수 없습니다: 'results\\pippinusdt_next_open_sim\\2025-11-24_v1_c1_sl0.005_summary.csv' -> 'C:\\Users\\User\\new\\yona_vanguard_futures\\results_backups\\results\\results\\pippinusdt_next_open_sim\\2025-11-24_v1_c1_sl0.005_summary.csv'
Unable to extract x64 image. Run Handle from a writeable directory.

Unable to extract x64 image. Run Handle from a writeable directory.

Unable to extract x64 image. Run Handle from a writeable directory.

# Captured: 2025-12-01T10:19:29.990326
File: results\pippinusdt_next_open_sim\2025-11-24_v1_c1_sl0.01_summary.csv
Note: [WinError 32] 다른 프로세스가 파일을 사용 중이기 때문에 프로세스가 액세스 할 수 없습니다: 'results\\pippinusdt_next_open_sim\\2025-11-24_v1_c1_sl0.01_summary.csv' -> 'C:\\Users\\User\\new\\yona_vanguard_futures\\results_backups\\results\\results\\pippinusdt_next_open_sim\\2025-11-24_v1_c1_sl0.01_summary.csv'
Unable to extract x64 image. Run Handle from a writeable directory.

Unable to extract x64 image. Run Handle from a writeable directory.

Unable to extract x64 image. Run Handle from a writeable directory.

