# Captured: 2025-12-01T10:16:41.031185
File: results\pippinusdt_masked_next_open\2025-11-22_v5_c1_a2_summary.csv
Note: [WinError 32] 다른 프로세스가 파일을 사용 중이기 때문에 프로세스가 액세스 할 수 없습니다: 'results\\pippinusdt_masked_next_open\\2025-11-22_v5_c1_a2_summary.csv' -> 'C:\\Users\\User\\new\\yona_vanguard_futures\\results_backups\\results\\results\\pippinusdt_masked_next_open\\2025-11-22_v5_c1_a2_summary.csv'
Unable to extract x64 image. Run Handle from a writeable directory.

Unable to extract x64 image. Run Handle from a writeable directory.

Unable to extract x64 image. Run Handle from a writeable directory.

# Captured: 2025-12-01T10:16:41.068048
File: results\pippinusdt_masked_next_open\2025-11-22_v5_c1_a3_summary.csv
Note: [WinError 32] 다른 프로세스가 파일을 사용 중이기 때문에 프로세스가 액세스 할 수 없습니다: 'results\\pippinusdt_masked_next_open\\2025-11-22_v5_c1_a3_summary.csv' -> 'C:\\Users\\User\\new\\yona_vanguard_futures\\results_backups\\results\\results\\pippinusdt_masked_next_open\\2025-11-22_v5_c1_a3_summary.csv'
Unable to extract x64 image. Run Handle from a writeable directory.

Unable to extract x64 image. Run Handle from a writeable directory.

Unable to extract x64 image. Run Handle from a writeable directory.

# Captured: 2025-12-01T10:16:41.105155
File: results\pippinusdt_masked_next_open\2025-11-23_v1.5_c0_a1.5_summary.csv
Note: [WinError 32] 다른 프로세스가 파일을 사용 중이기 때문에 프로세스가 액세스 할 수 없습니다: 'results\\pippinusdt_masked_next_open\\2025-11-23_v1.5_c0_a1.5_summary.csv' -> 'C:\\Users\\User\\new\\yona_vanguard_futures\\results_backups\\results\\results\\pippinusdt_masked_next_open\\2025-11-23_v1.5_c0_a1.5_summary.csv'
Unable to extract x64 image. Run Handle from a writeable directory.

Unable to extract x64 image. Run Handle from a writeable directory.

Unable to extract x64 image. Run Handle from a writeable directory.

# Captured: 2025-12-01T10:16:41.142190
File: results\pippinusdt_masked_next_open\2025-11-23_v1.5_c0_a1_summary.csv
Note: [WinError 32] 다른 프로세스가 파일을 사용 중이기 때문에 프로세스가 액세스 할 수 없습니다: 'results\\pippinusdt_masked_next_open\\2025-11-23_v1.5_c0_a1_summary.csv' -> 'C:\\Users\\User\\new\\yona_vanguard_futures\\results_backups\\results\\results\\pippinusdt_masked_next_open\\2025-11-23_v1.5_c0_a1_summary.csv'
Unable to extract x64 image. Run Handle from a writeable directory.

Unable to extract x64 image. Run Handle from a writeable directory.

Unable to extract x64 image. Run Handle from a writeable directory.

# Captured: 2025-12-01T10:16:41.178044
File: results\pippinusdt_masked_next_open\2025-11-23_v1.5_c0_a2_summary.csv
Note: [WinError 32] 다른 프로세스가 파일을 사용 중이기 때문에 프로세스가 액세스 할 수 없습니다: 'results\\pippinusdt_masked_next_open\\2025-11-23_v1.5_c0_a2_summary.csv' -> 'C:\\Users\\User\\new\\yona_vanguard_futures\\results_backups\\results\\results\\pippinusdt_masked_next_open\\2025-11-23_v1.5_c0_a2_summary.csv'
Unable to extract x64 image. Run Handle from a writeable directory.

Unable to extract x64 image. Run Handle from a writeable directory.

Unable to extract x64 image. Run Handle from a writeable directory.

# Captured: 2025-12-01T10:16:41.215258
File: results\pippinusdt_masked_next_open\2025-11-23_v1.5_c0_a3_summary.csv
Note: [WinError 32] 다른 프로세스가 파일을 사용 중이기 때문에 프로세스가 액세스 할 수 없습니다: 'results\\pippinusdt_masked_next_open\\2025-11-23_v1.5_c0_a3_summary.csv' -> 'C:\\Users\\User\\new\\yona_vanguard_futures\\results_backups\\results\\results\\pippinusdt_masked_next_open\\2025-11-23_v1.5_c0_a3_summary.csv'
Unable to extract x64 image. Run Handle from a writeable directory.

Unable to extract x64 image. Run Handle from a writeable directory.

Unable to extract x64 image. Run Handle from a writeable directory.

# Captured: 2025-12-01T10:16:41.252292
File: results\pippinusdt_masked_next_open\2025-11-23_v1.5_c1_a1.5_summary.csv
Note: [WinError 32] 다른 프로세스가 파일을 사용 중이기 때문에 프로세스가 액세스 할 수 없습니다: 'results\\pippinusdt_masked_next_open\\2025-11-23_v1.5_c1_a1.5_summary.csv' -> 'C:\\Users\\User\\new\\yona_vanguard_futures\\results_backups\\results\\results\\pippinusdt_masked_next_open\\2025-11-23_v1.5_c1_a1.5_summary.csv'
Unable to extract x64 image. Run Handle from a writeable directory.

Unable to extract x64 image. Run Handle from a writeable directory.

Unable to extract x64 image. Run Handle from a writeable directory.

# Captured: 2025-12-01T10:16:41.288556
File: results\pippinusdt_masked_next_open\2025-11-23_v1.5_c1_a1_summary.csv
Note: [WinError 32] 다른 프로세스가 파일을 사용 중이기 때문에 프로세스가 액세스 할 수 없습니다: 'results\\pippinusdt_masked_next_open\\2025-11-23_v1.5_c1_a1_summary.csv' -> 'C:\\Users\\User\\new\\yona_vanguard_futures\\results_backups\\results\\results\\pippinusdt_masked_next_open\\2025-11-23_v1.5_c1_a1_summary.csv'
Unable to extract x64 image. Run Handle from a writeable directory.

Unable to extract x64 image. Run Handle from a writeable directory.


# attempt 3 timed out after 40s
