# Captured: 2025-12-01T07:02:38.012923
File: results\pippinusdt_next_open_sim\2025-11-21_v2_c0_sl0.01_summary.csv
Note: [WinError 32] 다른 프로세스가 파일을 사용 중이기 때문에 프로세스가 액세스 할 수 없습니다: 'results\\pippinusdt_next_open_sim\\2025-11-21_v2_c0_sl0.01_summary.csv' -> 'C:\\Users\\User\\new\\yona_vanguard_futures\\results_backups\\results\\results\\pippinusdt_next_open_sim\\2025-11-21_v2_c0_sl0.01_summary.csv'
Unable to extract x64 image. Run Handle from a writeable directory.

# Captured: 2025-12-01T07:02:38.026936
File: results\pippinusdt_next_open_sim\2025-11-21_v2_c1_sl0.005_summary.csv
Note: [WinError 32] 다른 프로세스가 파일을 사용 중이기 때문에 프로세스가 액세스 할 수 없습니다: 'results\\pippinusdt_next_open_sim\\2025-11-21_v2_c1_sl0.005_summary.csv' -> 'C:\\Users\\User\\new\\yona_vanguard_futures\\results_backups\\results\\results\\pippinusdt_next_open_sim\\2025-11-21_v2_c1_sl0.005_summary.csv'
Unable to extract x64 image. Run Handle from a writeable directory.

# Captured: 2025-12-01T07:02:38.040874
File: results\pippinusdt_next_open_sim\2025-11-21_v2_c1_sl0.01_summary.csv
Note: [WinError 32] 다른 프로세스가 파일을 사용 중이기 때문에 프로세스가 액세스 할 수 없습니다: 'results\\pippinusdt_next_open_sim\\2025-11-21_v2_c1_sl0.01_summary.csv' -> 'C:\\Users\\User\\new\\yona_vanguard_futures\\results_backups\\results\\results\\pippinusdt_next_open_sim\\2025-11-21_v2_c1_sl0.01_summary.csv'
Unable to extract x64 image. Run Handle from a writeable directory.

# Captured: 2025-12-01T07:02:38.054887
File: results\pippinusdt_next_open_sim\2025-11-21_v2_c2_sl0.005_summary.csv
Note: [WinError 32] 다른 프로세스가 파일을 사용 중이기 때문에 프로세스가 액세스 할 수 없습니다: 'results\\pippinusdt_next_open_sim\\2025-11-21_v2_c2_sl0.005_summary.csv' -> 'C:\\Users\\User\\new\\yona_vanguard_futures\\results_backups\\results\\results\\pippinusdt_next_open_sim\\2025-11-21_v2_c2_sl0.005_summary.csv'
Unable to extract x64 image. Run Handle from a writeable directory.

# Captured: 2025-12-01T07:02:38.067900
File: results\pippinusdt_next_open_sim\2025-11-21_v2_c2_sl0.01_summary.csv
Note: [WinError 32] 다른 프로세스가 파일을 사용 중이기 때문에 프로세스가 액세스 할 수 없습니다: 'results\\pippinusdt_next_open_sim\\2025-11-21_v2_c2_sl0.01_summary.csv' -> 'C:\\Users\\User\\new\\yona_vanguard_futures\\results_backups\\results\\results\\pippinusdt_next_open_sim\\2025-11-21_v2_c2_sl0.01_summary.csv'
Unable to extract x64 image. Run Handle from a writeable directory.

# Captured: 2025-12-01T07:02:38.081912
File: results\pippinusdt_next_open_sim\2025-11-22_v0.5_c0_sl0.005_summary.csv
Note: [WinError 32] 다른 프로세스가 파일을 사용 중이기 때문에 프로세스가 액세스 할 수 없습니다: 'results\\pippinusdt_next_open_sim\\2025-11-22_v0.5_c0_sl0.005_summary.csv' -> 'C:\\Users\\User\\new\\yona_vanguard_futures\\results_backups\\results\\results\\pippinusdt_next_open_sim\\2025-11-22_v0.5_c0_sl0.005_summary.csv'
Unable to extract x64 image. Run Handle from a writeable directory.

# Captured: 2025-12-01T07:02:38.095925
File: results\pippinusdt_next_open_sim\2025-11-22_v0.5_c0_sl0.01_summary.csv
Note: [WinError 32] 다른 프로세스가 파일을 사용 중이기 때문에 프로세스가 액세스 할 수 없습니다: 'results\\pippinusdt_next_open_sim\\2025-11-22_v0.5_c0_sl0.01_summary.csv' -> 'C:\\Users\\User\\new\\yona_vanguard_futures\\results_backups\\results\\results\\pippinusdt_next_open_sim\\2025-11-22_v0.5_c0_sl0.01_summary.csv'
Unable to extract x64 image. Run Handle from a writeable directory.

# Captured: 2025-12-01T07:02:38.108937
File: results\pippinusdt_next_open_sim\2025-11-22_v0.5_c1_sl0.005_summary.csv
Note: [WinError 32] 다른 프로세스가 파일을 사용 중이기 때문에 프로세스가 액세스 할 수 없습니다: 'results\\pippinusdt_next_open_sim\\2025-11-22_v0.5_c1_sl0.005_summary.csv' -> 'C:\\Users\\User\\new\\yona_vanguard_futures\\results_backups\\results\\results\\pippinusdt_next_open_sim\\2025-11-22_v0.5_c1_sl0.005_summary.csv'
Unable to extract x64 image. Run Handle from a writeable directory.

# Captured: 2025-12-01T07:02:38.122074
File: results\pippinusdt_next_open_sim\2025-11-22_v0.5_c1_sl0.01_summary.csv
Note: [WinError 32] 다른 프로세스가 파일을 사용 중이기 때문에 프로세스가 액세스 할 수 없습니다: 'results\\pippinusdt_next_open_sim\\2025-11-22_v0.5_c1_sl0.01_summary.csv' -> 'C:\\Users\\User\\new\\yona_vanguard_futures\\results_backups\\results\\results\\pippinusdt_next_open_sim\\2025-11-22_v0.5_c1_sl0.01_summary.csv'
Unable to extract x64 image. Run Handle from a writeable directory.

# Captured: 2025-12-01T07:02:38.136087
File: results\pippinusdt_next_open_sim\2025-11-22_v0.5_c2_sl0.005_summary.csv
Note: [WinError 32] 다른 프로세스가 파일을 사용 중이기 때문에 프로세스가 액세스 할 수 없습니다: 'results\\pippinusdt_next_open_sim\\2025-11-22_v0.5_c2_sl0.005_summary.csv' -> 'C:\\Users\\User\\new\\yona_vanguard_futures\\results_backups\\results\\results\\pippinusdt_next_open_sim\\2025-11-22_v0.5_c2_sl0.005_summary.csv'
Unable to extract x64 image. Run Handle from a writeable directory.

# Captured: 2025-12-01T07:02:38.148806
File: results\pippinusdt_next_open_sim\2025-11-22_v0.5_c2_sl0.01_summary.csv
Note: [WinError 32] 다른 프로세스가 파일을 사용 중이기 때문에 프로세스가 액세스 할 수 없습니다: 'results\\pippinusdt_next_open_sim\\2025-11-22_v0.5_c2_sl0.01_summary.csv' -> 'C:\\Users\\User\\new\\yona_vanguard_futures\\results_backups\\results\\results\\pippinusdt_next_open_sim\\2025-11-22_v0.5_c2_sl0.01_summary.csv'
Unable to extract x64 image. Run Handle from a writeable directory.

# Captured: 2025-12-01T07:02:38.162819
File: results\pippinusdt_next_open_sim\2025-11-22_v1.5_c0_sl0.005_summary.csv
Note: [WinError 32] 다른 프로세스가 파일을 사용 중이기 때문에 프로세스가 액세스 할 수 없습니다: 'results\\pippinusdt_next_open_sim\\2025-11-22_v1.5_c0_sl0.005_summary.csv' -> 'C:\\Users\\User\\new\\yona_vanguard_futures\\results_backups\\results\\results\\pippinusdt_next_open_sim\\2025-11-22_v1.5_c0_sl0.005_summary.csv'
Unable to extract x64 image. Run Handle from a writeable directory.

# Captured: 2025-12-01T07:02:38.175830
File: results\pippinusdt_next_open_sim\2025-11-22_v1.5_c0_sl0.01_summary.csv
Note: [WinError 32] 다른 프로세스가 파일을 사용 중이기 때문에 프로세스가 액세스 할 수 없습니다: 'results\\pippinusdt_next_open_sim\\2025-11-22_v1.5_c0_sl0.01_summary.csv' -> 'C:\\Users\\User\\new\\yona_vanguard_futures\\results_backups\\results\\results\\pippinusdt_next_open_sim\\2025-11-22_v1.5_c0_sl0.01_summary.csv'
Unable to extract x64 image. Run Handle from a writeable directory.

# Captured: 2025-12-01T07:02:38.189310
File: results\pippinusdt_next_open_sim\2025-11-22_v1.5_c1_sl0.005_summary.csv
Note: [WinError 32] 다른 프로세스가 파일을 사용 중이기 때문에 프로세스가 액세스 할 수 없습니다: 'results\\pippinusdt_next_open_sim\\2025-11-22_v1.5_c1_sl0.005_summary.csv' -> 'C:\\Users\\User\\new\\yona_vanguard_futures\\results_backups\\results\\results\\pippinusdt_next_open_sim\\2025-11-22_v1.5_c1_sl0.005_summary.csv'
Unable to extract x64 image. Run Handle from a writeable directory.

# Captured: 2025-12-01T07:02:38.202321
File: results\pippinusdt_next_open_sim\2025-11-22_v1.5_c1_sl0.01_summary.csv
Note: [WinError 32] 다른 프로세스가 파일을 사용 중이기 때문에 프로세스가 액세스 할 수 없습니다: 'results\\pippinusdt_next_open_sim\\2025-11-22_v1.5_c1_sl0.01_summary.csv' -> 'C:\\Users\\User\\new\\yona_vanguard_futures\\results_backups\\results\\results\\pippinusdt_next_open_sim\\2025-11-22_v1.5_c1_sl0.01_summary.csv'
Unable to extract x64 image. Run Handle from a writeable directory.

# Captured: 2025-12-01T07:02:38.215333
File: results\pippinusdt_next_open_sim\2025-11-22_v1.5_c2_sl0.005_summary.csv
Note: [WinError 32] 다른 프로세스가 파일을 사용 중이기 때문에 프로세스가 액세스 할 수 없습니다: 'results\\pippinusdt_next_open_sim\\2025-11-22_v1.5_c2_sl0.005_summary.csv' -> 'C:\\Users\\User\\new\\yona_vanguard_futures\\results_backups\\results\\results\\pippinusdt_next_open_sim\\2025-11-22_v1.5_c2_sl0.005_summary.csv'
Unable to extract x64 image. Run Handle from a writeable directory.

# Captured: 2025-12-01T07:02:38.229487
File: results\pippinusdt_next_open_sim\2025-11-22_v1.5_c2_sl0.01_summary.csv
Note: [WinError 32] 다른 프로세스가 파일을 사용 중이기 때문에 프로세스가 액세스 할 수 없습니다: 'results\\pippinusdt_next_open_sim\\2025-11-22_v1.5_c2_sl0.01_summary.csv' -> 'C:\\Users\\User\\new\\yona_vanguard_futures\\results_backups\\results\\results\\pippinusdt_next_open_sim\\2025-11-22_v1.5_c2_sl0.01_summary.csv'
Unable to extract x64 image. Run Handle from a writeable directory.

# Captured: 2025-12-01T07:02:38.243003
File: results\pippinusdt_next_open_sim\2025-11-22_v1_c0_sl0.005_summary.csv
Note: [WinError 32] 다른 프로세스가 파일을 사용 중이기 때문에 프로세스가 액세스 할 수 없습니다: 'results\\pippinusdt_next_open_sim\\2025-11-22_v1_c0_sl0.005_summary.csv' -> 'C:\\Users\\User\\new\\yona_vanguard_futures\\results_backups\\results\\results\\pippinusdt_next_open_sim\\2025-11-22_v1_c0_sl0.005_summary.csv'
Unable to extract x64 image. Run Handle from a writeable directory.

# Captured: 2025-12-01T07:02:38.256706
File: results\pippinusdt_next_open_sim\2025-11-22_v1_c0_sl0.01_summary.csv
Note: [WinError 32] 다른 프로세스가 파일을 사용 중이기 때문에 프로세스가 액세스 할 수 없습니다: 'results\\pippinusdt_next_open_sim\\2025-11-22_v1_c0_sl0.01_summary.csv' -> 'C:\\Users\\User\\new\\yona_vanguard_futures\\results_backups\\results\\results\\pippinusdt_next_open_sim\\2025-11-22_v1_c0_sl0.01_summary.csv'
Unable to extract x64 image. Run Handle from a writeable directory.

# Captured: 2025-12-01T07:02:38.270719
File: results\pippinusdt_next_open_sim\2025-11-22_v1_c1_sl0.005_summary.csv
Note: [WinError 32] 다른 프로세스가 파일을 사용 중이기 때문에 프로세스가 액세스 할 수 없습니다: 'results\\pippinusdt_next_open_sim\\2025-11-22_v1_c1_sl0.005_summary.csv' -> 'C:\\Users\\User\\new\\yona_vanguard_futures\\results_backups\\results\\results\\pippinusdt_next_open_sim\\2025-11-22_v1_c1_sl0.005_summary.csv'
Unable to extract x64 image. Run Handle from a writeable directory.

# Captured: 2025-12-01T07:02:38.283732
File: results\pippinusdt_next_open_sim\2025-11-22_v1_c1_sl0.01_summary.csv
Note: [WinError 32] 다른 프로세스가 파일을 사용 중이기 때문에 프로세스가 액세스 할 수 없습니다: 'results\\pippinusdt_next_open_sim\\2025-11-22_v1_c1_sl0.01_summary.csv' -> 'C:\\Users\\User\\new\\yona_vanguard_futures\\results_backups\\results\\results\\pippinusdt_next_open_sim\\2025-11-22_v1_c1_sl0.01_summary.csv'
Unable to extract x64 image. Run Handle from a writeable directory.

# Captured: 2025-12-01T07:02:38.297752
File: results\pippinusdt_next_open_sim\2025-11-22_v1_c2_sl0.005_summary.csv
Note: [WinError 32] 다른 프로세스가 파일을 사용 중이기 때문에 프로세스가 액세스 할 수 없습니다: 'results\\pippinusdt_next_open_sim\\2025-11-22_v1_c2_sl0.005_summary.csv' -> 'C:\\Users\\User\\new\\yona_vanguard_futures\\results_backups\\results\\results\\pippinusdt_next_open_sim\\2025-11-22_v1_c2_sl0.005_summary.csv'
Unable to extract x64 image. Run Handle from a writeable directory.

# Captured: 2025-12-01T07:02:38.311765
File: results\pippinusdt_next_open_sim\2025-11-22_v1_c2_sl0.01_summary.csv
Note: [WinError 32] 다른 프로세스가 파일을 사용 중이기 때문에 프로세스가 액세스 할 수 없습니다: 'results\\pippinusdt_next_open_sim\\2025-11-22_v1_c2_sl0.01_summary.csv' -> 'C:\\Users\\User\\new\\yona_vanguard_futures\\results_backups\\results\\results\\pippinusdt_next_open_sim\\2025-11-22_v1_c2_sl0.01_summary.csv'
Unable to extract x64 image. Run Handle from a writeable directory.

# Captured: 2025-12-01T07:02:38.325320
File: results\pippinusdt_next_open_sim\2025-11-22_v2_c0_sl0.005_summary.csv
Note: [WinError 32] 다른 프로세스가 파일을 사용 중이기 때문에 프로세스가 액세스 할 수 없습니다: 'results\\pippinusdt_next_open_sim\\2025-11-22_v2_c0_sl0.005_summary.csv' -> 'C:\\Users\\User\\new\\yona_vanguard_futures\\results_backups\\results\\results\\pippinusdt_next_open_sim\\2025-11-22_v2_c0_sl0.005_summary.csv'
Unable to extract x64 image. Run Handle from a writeable directory.

# Captured: 2025-12-01T07:02:38.338331
File: results\pippinusdt_next_open_sim\2025-11-22_v2_c0_sl0.01_summary.csv
Note: [WinError 32] 다른 프로세스가 파일을 사용 중이기 때문에 프로세스가 액세스 할 수 없습니다: 'results\\pippinusdt_next_open_sim\\2025-11-22_v2_c0_sl0.01_summary.csv' -> 'C:\\Users\\User\\new\\yona_vanguard_futures\\results_backups\\results\\results\\pippinusdt_next_open_sim\\2025-11-22_v2_c0_sl0.01_summary.csv'
Unable to extract x64 image. Run Handle from a writeable directory.

# Captured: 2025-12-01T07:02:38.352382
File: results\pippinusdt_next_open_sim\2025-11-22_v2_c1_sl0.005_summary.csv
Note: [WinError 32] 다른 프로세스가 파일을 사용 중이기 때문에 프로세스가 액세스 할 수 없습니다: 'results\\pippinusdt_next_open_sim\\2025-11-22_v2_c1_sl0.005_summary.csv' -> 'C:\\Users\\User\\new\\yona_vanguard_futures\\results_backups\\results\\results\\pippinusdt_next_open_sim\\2025-11-22_v2_c1_sl0.005_summary.csv'
Unable to extract x64 image. Run Handle from a writeable directory.

# Captured: 2025-12-01T07:02:38.365874
File: results\pippinusdt_next_open_sim\2025-11-22_v2_c1_sl0.01_summary.csv
Note: [WinError 32] 다른 프로세스가 파일을 사용 중이기 때문에 프로세스가 액세스 할 수 없습니다: 'results\\pippinusdt_next_open_sim\\2025-11-22_v2_c1_sl0.01_summary.csv' -> 'C:\\Users\\User\\new\\yona_vanguard_futures\\results_backups\\results\\results\\pippinusdt_next_open_sim\\2025-11-22_v2_c1_sl0.01_summary.csv'
Unable to extract x64 image. Run Handle from a writeable directory.

# Captured: 2025-12-01T07:02:38.378886
File: results\pippinusdt_next_open_sim\2025-11-22_v2_c2_sl0.005_summary.csv
Note: [WinError 32] 다른 프로세스가 파일을 사용 중이기 때문에 프로세스가 액세스 할 수 없습니다: 'results\\pippinusdt_next_open_sim\\2025-11-22_v2_c2_sl0.005_summary.csv' -> 'C:\\Users\\User\\new\\yona_vanguard_futures\\results_backups\\results\\results\\pippinusdt_next_open_sim\\2025-11-22_v2_c2_sl0.005_summary.csv'
Unable to extract x64 image. Run Handle from a writeable directory.

# Captured: 2025-12-01T07:02:38.392401
File: results\pippinusdt_next_open_sim\2025-11-22_v2_c2_sl0.01_summary.csv
Note: [WinError 32] 다른 프로세스가 파일을 사용 중이기 때문에 프로세스가 액세스 할 수 없습니다: 'results\\pippinusdt_next_open_sim\\2025-11-22_v2_c2_sl0.01_summary.csv' -> 'C:\\Users\\User\\new\\yona_vanguard_futures\\results_backups\\results\\results\\pippinusdt_next_open_sim\\2025-11-22_v2_c2_sl0.01_summary.csv'
Unable to extract x64 image. Run Handle from a writeable directory.

# Captured: 2025-12-01T07:02:38.406414
File: results\pippinusdt_next_open_sim\2025-11-23_v0.5_c0_sl0.005_summary.csv
Note: [WinError 32] 다른 프로세스가 파일을 사용 중이기 때문에 프로세스가 액세스 할 수 없습니다: 'results\\pippinusdt_next_open_sim\\2025-11-23_v0.5_c0_sl0.005_summary.csv' -> 'C:\\Users\\User\\new\\yona_vanguard_futures\\results_backups\\results\\results\\pippinusdt_next_open_sim\\2025-11-23_v0.5_c0_sl0.005_summary.csv'
Unable to extract x64 image. Run Handle from a writeable directory.

# Captured: 2025-12-01T07:02:38.420427
File: results\pippinusdt_next_open_sim\2025-11-23_v0.5_c0_sl0.01_summary.csv
Note: [WinError 32] 다른 프로세스가 파일을 사용 중이기 때문에 프로세스가 액세스 할 수 없습니다: 'results\\pippinusdt_next_open_sim\\2025-11-23_v0.5_c0_sl0.01_summary.csv' -> 'C:\\Users\\User\\new\\yona_vanguard_futures\\results_backups\\results\\results\\pippinusdt_next_open_sim\\2025-11-23_v0.5_c0_sl0.01_summary.csv'
Unable to extract x64 image. Run Handle from a writeable directory.

# Captured: 2025-12-01T07:02:38.433194
File: results\pippinusdt_next_open_sim\2025-11-23_v0.5_c1_sl0.005_summary.csv
Note: [WinError 32] 다른 프로세스가 파일을 사용 중이기 때문에 프로세스가 액세스 할 수 없습니다: 'results\\pippinusdt_next_open_sim\\2025-11-23_v0.5_c1_sl0.005_summary.csv' -> 'C:\\Users\\User\\new\\yona_vanguard_futures\\results_backups\\results\\results\\pippinusdt_next_open_sim\\2025-11-23_v0.5_c1_sl0.005_summary.csv'
Unable to extract x64 image. Run Handle from a writeable directory.

# Captured: 2025-12-01T07:02:38.447143
File: results\pippinusdt_next_open_sim\2025-11-23_v0.5_c1_sl0.01_summary.csv
Note: [WinError 32] 다른 프로세스가 파일을 사용 중이기 때문에 프로세스가 액세스 할 수 없습니다: 'results\\pippinusdt_next_open_sim\\2025-11-23_v0.5_c1_sl0.01_summary.csv' -> 'C:\\Users\\User\\new\\yona_vanguard_futures\\results_backups\\results\\results\\pippinusdt_next_open_sim\\2025-11-23_v0.5_c1_sl0.01_summary.csv'
Unable to extract x64 image. Run Handle from a writeable directory.

# Captured: 2025-12-01T07:02:38.460155
File: results\pippinusdt_next_open_sim\2025-11-23_v0.5_c2_sl0.005_summary.csv
Note: [WinError 32] 다른 프로세스가 파일을 사용 중이기 때문에 프로세스가 액세스 할 수 없습니다: 'results\\pippinusdt_next_open_sim\\2025-11-23_v0.5_c2_sl0.005_summary.csv' -> 'C:\\Users\\User\\new\\yona_vanguard_futures\\results_backups\\results\\results\\pippinusdt_next_open_sim\\2025-11-23_v0.5_c2_sl0.005_summary.csv'
Unable to extract x64 image. Run Handle from a writeable directory.

# Captured: 2025-12-01T07:02:38.474168
File: results\pippinusdt_next_open_sim\2025-11-23_v0.5_c2_sl0.01_summary.csv
Note: [WinError 32] 다른 프로세스가 파일을 사용 중이기 때문에 프로세스가 액세스 할 수 없습니다: 'results\\pippinusdt_next_open_sim\\2025-11-23_v0.5_c2_sl0.01_summary.csv' -> 'C:\\Users\\User\\new\\yona_vanguard_futures\\results_backups\\results\\results\\pippinusdt_next_open_sim\\2025-11-23_v0.5_c2_sl0.01_summary.csv'
Unable to extract x64 image. Run Handle from a writeable directory.

# Captured: 2025-12-01T07:02:38.488180
File: results\pippinusdt_next_open_sim\2025-11-23_v1.5_c0_sl0.005_summary.csv
Note: [WinError 32] 다른 프로세스가 파일을 사용 중이기 때문에 프로세스가 액세스 할 수 없습니다: 'results\\pippinusdt_next_open_sim\\2025-11-23_v1.5_c0_sl0.005_summary.csv' -> 'C:\\Users\\User\\new\\yona_vanguard_futures\\results_backups\\results\\results\\pippinusdt_next_open_sim\\2025-11-23_v1.5_c0_sl0.005_summary.csv'
Unable to extract x64 image. Run Handle from a writeable directory.

# Captured: 2025-12-01T07:02:38.501697
File: results\pippinusdt_next_open_sim\2025-11-23_v1.5_c0_sl0.01_summary.csv
Note: [WinError 32] 다른 프로세스가 파일을 사용 중이기 때문에 프로세스가 액세스 할 수 없습니다: 'results\\pippinusdt_next_open_sim\\2025-11-23_v1.5_c0_sl0.01_summary.csv' -> 'C:\\Users\\User\\new\\yona_vanguard_futures\\results_backups\\results\\results\\pippinusdt_next_open_sim\\2025-11-23_v1.5_c0_sl0.01_summary.csv'
Unable to extract x64 image. Run Handle from a writeable directory.

# Captured: 2025-12-01T07:02:38.515710
File: results\pippinusdt_next_open_sim\2025-11-23_v1.5_c1_sl0.005_summary.csv
Note: [WinError 32] 다른 프로세스가 파일을 사용 중이기 때문에 프로세스가 액세스 할 수 없습니다: 'results\\pippinusdt_next_open_sim\\2025-11-23_v1.5_c1_sl0.005_summary.csv' -> 'C:\\Users\\User\\new\\yona_vanguard_futures\\results_backups\\results\\results\\pippinusdt_next_open_sim\\2025-11-23_v1.5_c1_sl0.005_summary.csv'
Unable to extract x64 image. Run Handle from a writeable directory.

# Captured: 2025-12-01T07:02:38.529727
File: results\pippinusdt_next_open_sim\2025-11-23_v1.5_c1_sl0.01_summary.csv
Note: [WinError 32] 다른 프로세스가 파일을 사용 중이기 때문에 프로세스가 액세스 할 수 없습니다: 'results\\pippinusdt_next_open_sim\\2025-11-23_v1.5_c1_sl0.01_summary.csv' -> 'C:\\Users\\User\\new\\yona_vanguard_futures\\results_backups\\results\\results\\pippinusdt_next_open_sim\\2025-11-23_v1.5_c1_sl0.01_summary.csv'
Unable to extract x64 image. Run Handle from a writeable directory.

# Captured: 2025-12-01T07:02:38.544254
File: results\pippinusdt_next_open_sim\2025-11-23_v1.5_c2_sl0.005_summary.csv
Note: [WinError 32] 다른 프로세스가 파일을 사용 중이기 때문에 프로세스가 액세스 할 수 없습니다: 'results\\pippinusdt_next_open_sim\\2025-11-23_v1.5_c2_sl0.005_summary.csv' -> 'C:\\Users\\User\\new\\yona_vanguard_futures\\results_backups\\results\\results\\pippinusdt_next_open_sim\\2025-11-23_v1.5_c2_sl0.005_summary.csv'
Unable to extract x64 image. Run Handle from a writeable directory.

# Captured: 2025-12-01T07:02:38.558267
File: results\pippinusdt_next_open_sim\2025-11-23_v1.5_c2_sl0.01_summary.csv
Note: [WinError 32] 다른 프로세스가 파일을 사용 중이기 때문에 프로세스가 액세스 할 수 없습니다: 'results\\pippinusdt_next_open_sim\\2025-11-23_v1.5_c2_sl0.01_summary.csv' -> 'C:\\Users\\User\\new\\yona_vanguard_futures\\results_backups\\results\\results\\pippinusdt_next_open_sim\\2025-11-23_v1.5_c2_sl0.01_summary.csv'
Unable to extract x64 image. Run Handle from a writeable directory.

# Captured: 2025-12-01T07:02:38.572280
File: results\pippinusdt_next_open_sim\2025-11-23_v1_c0_sl0.005_summary.csv
Note: [WinError 32] 다른 프로세스가 파일을 사용 중이기 때문에 프로세스가 액세스 할 수 없습니다: 'results\\pippinusdt_next_open_sim\\2025-11-23_v1_c0_sl0.005_summary.csv' -> 'C:\\Users\\User\\new\\yona_vanguard_futures\\results_backups\\results\\results\\pippinusdt_next_open_sim\\2025-11-23_v1_c0_sl0.005_summary.csv'
Unable to extract x64 image. Run Handle from a writeable directory.

# Captured: 2025-12-01T07:02:38.586353
File: results\pippinusdt_next_open_sim\2025-11-23_v1_c0_sl0.01_summary.csv
Note: [WinError 32] 다른 프로세스가 파일을 사용 중이기 때문에 프로세스가 액세스 할 수 없습니다: 'results\\pippinusdt_next_open_sim\\2025-11-23_v1_c0_sl0.01_summary.csv' -> 'C:\\Users\\User\\new\\yona_vanguard_futures\\results_backups\\results\\results\\pippinusdt_next_open_sim\\2025-11-23_v1_c0_sl0.01_summary.csv'
Unable to extract x64 image. Run Handle from a writeable directory.

# Captured: 2025-12-01T07:02:38.600306
File: results\pippinusdt_next_open_sim\2025-11-23_v1_c1_sl0.005_summary.csv
Note: [WinError 32] 다른 프로세스가 파일을 사용 중이기 때문에 프로세스가 액세스 할 수 없습니다: 'results\\pippinusdt_next_open_sim\\2025-11-23_v1_c1_sl0.005_summary.csv' -> 'C:\\Users\\User\\new\\yona_vanguard_futures\\results_backups\\results\\results\\pippinusdt_next_open_sim\\2025-11-23_v1_c1_sl0.005_summary.csv'
Unable to extract x64 image. Run Handle from a writeable directory.

# Captured: 2025-12-01T07:02:38.613638
File: results\pippinusdt_next_open_sim\2025-11-23_v1_c1_sl0.01_summary.csv
Note: [WinError 32] 다른 프로세스가 파일을 사용 중이기 때문에 프로세스가 액세스 할 수 없습니다: 'results\\pippinusdt_next_open_sim\\2025-11-23_v1_c1_sl0.01_summary.csv' -> 'C:\\Users\\User\\new\\yona_vanguard_futures\\results_backups\\results\\results\\pippinusdt_next_open_sim\\2025-11-23_v1_c1_sl0.01_summary.csv'
Unable to extract x64 image. Run Handle from a writeable directory.

# Captured: 2025-12-01T07:02:38.627660
File: results\pippinusdt_next_open_sim\2025-11-23_v1_c2_sl0.005_summary.csv
Note: [WinError 32] 다른 프로세스가 파일을 사용 중이기 때문에 프로세스가 액세스 할 수 없습니다: 'results\\pippinusdt_next_open_sim\\2025-11-23_v1_c2_sl0.005_summary.csv' -> 'C:\\Users\\User\\new\\yona_vanguard_futures\\results_backups\\results\\results\\pippinusdt_next_open_sim\\2025-11-23_v1_c2_sl0.005_summary.csv'
Unable to extract x64 image. Run Handle from a writeable directory.

# Captured: 2025-12-01T07:02:38.641683
File: results\pippinusdt_next_open_sim\2025-11-23_v1_c2_sl0.01_summary.csv
Note: [WinError 32] 다른 프로세스가 파일을 사용 중이기 때문에 프로세스가 액세스 할 수 없습니다: 'results\\pippinusdt_next_open_sim\\2025-11-23_v1_c2_sl0.01_summary.csv' -> 'C:\\Users\\User\\new\\yona_vanguard_futures\\results_backups\\results\\results\\pippinusdt_next_open_sim\\2025-11-23_v1_c2_sl0.01_summary.csv'
Unable to extract x64 image. Run Handle from a writeable directory.

# Captured: 2025-12-01T07:02:38.655696
File: results\pippinusdt_next_open_sim\2025-11-23_v2_c0_sl0.005_summary.csv
Note: [WinError 32] 다른 프로세스가 파일을 사용 중이기 때문에 프로세스가 액세스 할 수 없습니다: 'results\\pippinusdt_next_open_sim\\2025-11-23_v2_c0_sl0.005_summary.csv' -> 'C:\\Users\\User\\new\\yona_vanguard_futures\\results_backups\\results\\results\\pippinusdt_next_open_sim\\2025-11-23_v2_c0_sl0.005_summary.csv'
Unable to extract x64 image. Run Handle from a writeable directory.

# Captured: 2025-12-01T07:02:38.669709
File: results\pippinusdt_next_open_sim\2025-11-23_v2_c0_sl0.01_summary.csv
Note: [WinError 32] 다른 프로세스가 파일을 사용 중이기 때문에 프로세스가 액세스 할 수 없습니다: 'results\\pippinusdt_next_open_sim\\2025-11-23_v2_c0_sl0.01_summary.csv' -> 'C:\\Users\\User\\new\\yona_vanguard_futures\\results_backups\\results\\results\\pippinusdt_next_open_sim\\2025-11-23_v2_c0_sl0.01_summary.csv'
Unable to extract x64 image. Run Handle from a writeable directory.

# Captured: 2025-12-01T07:02:38.682721
File: results\pippinusdt_next_open_sim\2025-11-23_v2_c1_sl0.005_summary.csv
Note: [WinError 32] 다른 프로세스가 파일을 사용 중이기 때문에 프로세스가 액세스 할 수 없습니다: 'results\\pippinusdt_next_open_sim\\2025-11-23_v2_c1_sl0.005_summary.csv' -> 'C:\\Users\\User\\new\\yona_vanguard_futures\\results_backups\\results\\results\\pippinusdt_next_open_sim\\2025-11-23_v2_c1_sl0.005_summary.csv'
Unable to extract x64 image. Run Handle from a writeable directory.

# Captured: 2025-12-01T07:02:38.697050
File: results\pippinusdt_next_open_sim\2025-11-23_v2_c1_sl0.01_summary.csv
Note: [WinError 32] 다른 프로세스가 파일을 사용 중이기 때문에 프로세스가 액세스 할 수 없습니다: 'results\\pippinusdt_next_open_sim\\2025-11-23_v2_c1_sl0.01_summary.csv' -> 'C:\\Users\\User\\new\\yona_vanguard_futures\\results_backups\\results\\results\\pippinusdt_next_open_sim\\2025-11-23_v2_c1_sl0.01_summary.csv'
Unable to extract x64 image. Run Handle from a writeable directory.

# Captured: 2025-12-01T07:02:38.710062
File: results\pippinusdt_next_open_sim\2025-11-23_v2_c2_sl0.005_summary.csv
Note: [WinError 32] 다른 프로세스가 파일을 사용 중이기 때문에 프로세스가 액세스 할 수 없습니다: 'results\\pippinusdt_next_open_sim\\2025-11-23_v2_c2_sl0.005_summary.csv' -> 'C:\\Users\\User\\new\\yona_vanguard_futures\\results_backups\\results\\results\\pippinusdt_next_open_sim\\2025-11-23_v2_c2_sl0.005_summary.csv'
Unable to extract x64 image. Run Handle from a writeable directory.

# Captured: 2025-12-01T07:02:38.724075
File: results\pippinusdt_next_open_sim\2025-11-23_v2_c2_sl0.01_summary.csv
Note: [WinError 32] 다른 프로세스가 파일을 사용 중이기 때문에 프로세스가 액세스 할 수 없습니다: 'results\\pippinusdt_next_open_sim\\2025-11-23_v2_c2_sl0.01_summary.csv' -> 'C:\\Users\\User\\new\\yona_vanguard_futures\\results_backups\\results\\results\\pippinusdt_next_open_sim\\2025-11-23_v2_c2_sl0.01_summary.csv'
Unable to extract x64 image. Run Handle from a writeable directory.

# Captured: 2025-12-01T07:02:38.737087
File: results\pippinusdt_next_open_sim\2025-11-24_v0.5_c0_sl0.005_summary.csv
Note: [WinError 32] 다른 프로세스가 파일을 사용 중이기 때문에 프로세스가 액세스 할 수 없습니다: 'results\\pippinusdt_next_open_sim\\2025-11-24_v0.5_c0_sl0.005_summary.csv' -> 'C:\\Users\\User\\new\\yona_vanguard_futures\\results_backups\\results\\results\\pippinusdt_next_open_sim\\2025-11-24_v0.5_c0_sl0.005_summary.csv'
Unable to extract x64 image. Run Handle from a writeable directory.

# Captured: 2025-12-01T07:02:38.750099
File: results\pippinusdt_next_open_sim\2025-11-24_v0.5_c0_sl0.01_summary.csv
Note: [WinError 32] 다른 프로세스가 파일을 사용 중이기 때문에 프로세스가 액세스 할 수 없습니다: 'results\\pippinusdt_next_open_sim\\2025-11-24_v0.5_c0_sl0.01_summary.csv' -> 'C:\\Users\\User\\new\\yona_vanguard_futures\\results_backups\\results\\results\\pippinusdt_next_open_sim\\2025-11-24_v0.5_c0_sl0.01_summary.csv'
Unable to extract x64 image. Run Handle from a writeable directory.

# Captured: 2025-12-01T07:02:38.764111
File: results\pippinusdt_next_open_sim\2025-11-24_v0.5_c1_sl0.005_summary.csv
Note: [WinError 32] 다른 프로세스가 파일을 사용 중이기 때문에 프로세스가 액세스 할 수 없습니다: 'results\\pippinusdt_next_open_sim\\2025-11-24_v0.5_c1_sl0.005_summary.csv' -> 'C:\\Users\\User\\new\\yona_vanguard_futures\\results_backups\\results\\results\\pippinusdt_next_open_sim\\2025-11-24_v0.5_c1_sl0.005_summary.csv'
Unable to extract x64 image. Run Handle from a writeable directory.

# Captured: 2025-12-01T07:02:38.778124
File: results\pippinusdt_next_open_sim\2025-11-24_v0.5_c1_sl0.01_summary.csv
Note: [WinError 32] 다른 프로세스가 파일을 사용 중이기 때문에 프로세스가 액세스 할 수 없습니다: 'results\\pippinusdt_next_open_sim\\2025-11-24_v0.5_c1_sl0.01_summary.csv' -> 'C:\\Users\\User\\new\\yona_vanguard_futures\\results_backups\\results\\results\\pippinusdt_next_open_sim\\2025-11-24_v0.5_c1_sl0.01_summary.csv'
Unable to extract x64 image. Run Handle from a writeable directory.

# Captured: 2025-12-01T07:02:38.791136
File: results\pippinusdt_next_open_sim\2025-11-24_v0.5_c2_sl0.005_summary.csv
Note: [WinError 32] 다른 프로세스가 파일을 사용 중이기 때문에 프로세스가 액세스 할 수 없습니다: 'results\\pippinusdt_next_open_sim\\2025-11-24_v0.5_c2_sl0.005_summary.csv' -> 'C:\\Users\\User\\new\\yona_vanguard_futures\\results_backups\\results\\results\\pippinusdt_next_open_sim\\2025-11-24_v0.5_c2_sl0.005_summary.csv'
Unable to extract x64 image. Run Handle from a writeable directory.

# Captured: 2025-12-01T07:02:38.805150
File: results\pippinusdt_next_open_sim\2025-11-24_v0.5_c2_sl0.01_summary.csv
Note: [WinError 32] 다른 프로세스가 파일을 사용 중이기 때문에 프로세스가 액세스 할 수 없습니다: 'results\\pippinusdt_next_open_sim\\2025-11-24_v0.5_c2_sl0.01_summary.csv' -> 'C:\\Users\\User\\new\\yona_vanguard_futures\\results_backups\\results\\results\\pippinusdt_next_open_sim\\2025-11-24_v0.5_c2_sl0.01_summary.csv'
Unable to extract x64 image. Run Handle from a writeable directory.

# Captured: 2025-12-01T07:02:38.818161
File: results\pippinusdt_next_open_sim\2025-11-24_v1.5_c0_sl0.005_summary.csv
Note: [WinError 32] 다른 프로세스가 파일을 사용 중이기 때문에 프로세스가 액세스 할 수 없습니다: 'results\\pippinusdt_next_open_sim\\2025-11-24_v1.5_c0_sl0.005_summary.csv' -> 'C:\\Users\\User\\new\\yona_vanguard_futures\\results_backups\\results\\results\\pippinusdt_next_open_sim\\2025-11-24_v1.5_c0_sl0.005_summary.csv'
Unable to extract x64 image. Run Handle from a writeable directory.

# Captured: 2025-12-01T07:02:38.831677
File: results\pippinusdt_next_open_sim\2025-11-24_v1.5_c0_sl0.01_summary.csv
Note: [WinError 32] 다른 프로세스가 파일을 사용 중이기 때문에 프로세스가 액세스 할 수 없습니다: 'results\\pippinusdt_next_open_sim\\2025-11-24_v1.5_c0_sl0.01_summary.csv' -> 'C:\\Users\\User\\new\\yona_vanguard_futures\\results_backups\\results\\results\\pippinusdt_next_open_sim\\2025-11-24_v1.5_c0_sl0.01_summary.csv'
Unable to extract x64 image. Run Handle from a writeable directory.

# Captured: 2025-12-01T07:02:38.845379
File: results\pippinusdt_next_open_sim\2025-11-24_v1.5_c1_sl0.005_summary.csv
Note: [WinError 32] 다른 프로세스가 파일을 사용 중이기 때문에 프로세스가 액세스 할 수 없습니다: 'results\\pippinusdt_next_open_sim\\2025-11-24_v1.5_c1_sl0.005_summary.csv' -> 'C:\\Users\\User\\new\\yona_vanguard_futures\\results_backups\\results\\results\\pippinusdt_next_open_sim\\2025-11-24_v1.5_c1_sl0.005_summary.csv'
Unable to extract x64 image. Run Handle from a writeable directory.

# Captured: 2025-12-01T07:02:38.858391
File: results\pippinusdt_next_open_sim\2025-11-24_v1.5_c1_sl0.01_summary.csv
Note: [WinError 32] 다른 프로세스가 파일을 사용 중이기 때문에 프로세스가 액세스 할 수 없습니다: 'results\\pippinusdt_next_open_sim\\2025-11-24_v1.5_c1_sl0.01_summary.csv' -> 'C:\\Users\\User\\new\\yona_vanguard_futures\\results_backups\\results\\results\\pippinusdt_next_open_sim\\2025-11-24_v1.5_c1_sl0.01_summary.csv'
Unable to extract x64 image. Run Handle from a writeable directory.

# Captured: 2025-12-01T07:02:38.871403
File: results\pippinusdt_next_open_sim\2025-11-24_v1.5_c2_sl0.005_summary.csv
Note: [WinError 32] 다른 프로세스가 파일을 사용 중이기 때문에 프로세스가 액세스 할 수 없습니다: 'results\\pippinusdt_next_open_sim\\2025-11-24_v1.5_c2_sl0.005_summary.csv' -> 'C:\\Users\\User\\new\\yona_vanguard_futures\\results_backups\\results\\results\\pippinusdt_next_open_sim\\2025-11-24_v1.5_c2_sl0.005_summary.csv'
Unable to extract x64 image. Run Handle from a writeable directory.

# Captured: 2025-12-01T07:02:38.886416
File: results\pippinusdt_next_open_sim\2025-11-24_v1.5_c2_sl0.01_summary.csv
Note: [WinError 32] 다른 프로세스가 파일을 사용 중이기 때문에 프로세스가 액세스 할 수 없습니다: 'results\\pippinusdt_next_open_sim\\2025-11-24_v1.5_c2_sl0.01_summary.csv' -> 'C:\\Users\\User\\new\\yona_vanguard_futures\\results_backups\\results\\results\\pippinusdt_next_open_sim\\2025-11-24_v1.5_c2_sl0.01_summary.csv'
Unable to extract x64 image. Run Handle from a writeable directory.

# Captured: 2025-12-01T07:02:38.899428
File: results\pippinusdt_next_open_sim\2025-11-24_v1_c0_sl0.005_summary.csv
Note: [WinError 32] 다른 프로세스가 파일을 사용 중이기 때문에 프로세스가 액세스 할 수 없습니다: 'results\\pippinusdt_next_open_sim\\2025-11-24_v1_c0_sl0.005_summary.csv' -> 'C:\\Users\\User\\new\\yona_vanguard_futures\\results_backups\\results\\results\\pippinusdt_next_open_sim\\2025-11-24_v1_c0_sl0.005_summary.csv'
Unable to extract x64 image. Run Handle from a writeable directory.

# Captured: 2025-12-01T07:02:38.913441
File: results\pippinusdt_next_open_sim\2025-11-24_v1_c0_sl0.01_summary.csv
Note: [WinError 32] 다른 프로세스가 파일을 사용 중이기 때문에 프로세스가 액세스 할 수 없습니다: 'results\\pippinusdt_next_open_sim\\2025-11-24_v1_c0_sl0.01_summary.csv' -> 'C:\\Users\\User\\new\\yona_vanguard_futures\\results_backups\\results\\results\\pippinusdt_next_open_sim\\2025-11-24_v1_c0_sl0.01_summary.csv'
Unable to extract x64 image. Run Handle from a writeable directory.

# Captured: 2025-12-01T07:02:38.926453
File: results\pippinusdt_next_open_sim\2025-11-24_v1_c1_sl0.005_summary.csv
Note: [WinError 32] 다른 프로세스가 파일을 사용 중이기 때문에 프로세스가 액세스 할 수 없습니다: 'results\\pippinusdt_next_open_sim\\2025-11-24_v1_c1_sl0.005_summary.csv' -> 'C:\\Users\\User\\new\\yona_vanguard_futures\\results_backups\\results\\results\\pippinusdt_next_open_sim\\2025-11-24_v1_c1_sl0.005_summary.csv'
Unable to extract x64 image. Run Handle from a writeable directory.

# Captured: 2025-12-01T07:02:38.940466
File: results\pippinusdt_next_open_sim\2025-11-24_v1_c1_sl0.01_summary.csv
Note: [WinError 32] 다른 프로세스가 파일을 사용 중이기 때문에 프로세스가 액세스 할 수 없습니다: 'results\\pippinusdt_next_open_sim\\2025-11-24_v1_c1_sl0.01_summary.csv' -> 'C:\\Users\\User\\new\\yona_vanguard_futures\\results_backups\\results\\results\\pippinusdt_next_open_sim\\2025-11-24_v1_c1_sl0.01_summary.csv'
Unable to extract x64 image. Run Handle from a writeable directory.

# Captured: 2025-12-01T07:02:38.954479
File: results\pippinusdt_next_open_sim\2025-11-24_v1_c2_sl0.005_summary.csv
Note: [WinError 32] 다른 프로세스가 파일을 사용 중이기 때문에 프로세스가 액세스 할 수 없습니다: 'results\\pippinusdt_next_open_sim\\2025-11-24_v1_c2_sl0.005_summary.csv' -> 'C:\\Users\\User\\new\\yona_vanguard_futures\\results_backups\\results\\results\\pippinusdt_next_open_sim\\2025-11-24_v1_c2_sl0.005_summary.csv'
Unable to extract x64 image. Run Handle from a writeable directory.

# Captured: 2025-12-01T07:02:38.967491
File: results\pippinusdt_next_open_sim\2025-11-24_v1_c2_sl0.01_summary.csv
Note: [WinError 32] 다른 프로세스가 파일을 사용 중이기 때문에 프로세스가 액세스 할 수 없습니다: 'results\\pippinusdt_next_open_sim\\2025-11-24_v1_c2_sl0.01_summary.csv' -> 'C:\\Users\\User\\new\\yona_vanguard_futures\\results_backups\\results\\results\\pippinusdt_next_open_sim\\2025-11-24_v1_c2_sl0.01_summary.csv'
Unable to extract x64 image. Run Handle from a writeable directory.

# Captured: 2025-12-01T07:02:38.980502
File: results\pippinusdt_next_open_sim\2025-11-24_v2_c0_sl0.005_summary.csv
Note: [WinError 32] 다른 프로세스가 파일을 사용 중이기 때문에 프로세스가 액세스 할 수 없습니다: 'results\\pippinusdt_next_open_sim\\2025-11-24_v2_c0_sl0.005_summary.csv' -> 'C:\\Users\\User\\new\\yona_vanguard_futures\\results_backups\\results\\results\\pippinusdt_next_open_sim\\2025-11-24_v2_c0_sl0.005_summary.csv'
Unable to extract x64 image. Run Handle from a writeable directory.

# Captured: 2025-12-01T07:02:38.994515
File: results\pippinusdt_next_open_sim\2025-11-24_v2_c0_sl0.01_summary.csv
Note: [WinError 32] 다른 프로세스가 파일을 사용 중이기 때문에 프로세스가 액세스 할 수 없습니다: 'results\\pippinusdt_next_open_sim\\2025-11-24_v2_c0_sl0.01_summary.csv' -> 'C:\\Users\\User\\new\\yona_vanguard_futures\\results_backups\\results\\results\\pippinusdt_next_open_sim\\2025-11-24_v2_c0_sl0.01_summary.csv'
Unable to extract x64 image. Run Handle from a writeable directory.

