# Captured: 2025-12-01T07:02:37.005379
File: results\pippinusdt_next_open_sim\2025-11-18_v1_c2_sl0.01_summary.csv
Note: [WinError 32] 다른 프로세스가 파일을 사용 중이기 때문에 프로세스가 액세스 할 수 없습니다: 'results\\pippinusdt_next_open_sim\\2025-11-18_v1_c2_sl0.01_summary.csv' -> 'C:\\Users\\User\\new\\yona_vanguard_futures\\results_backups\\results\\results\\pippinusdt_next_open_sim\\2025-11-18_v1_c2_sl0.01_summary.csv'
Unable to extract x64 image. Run Handle from a writeable directory.

# Captured: 2025-12-01T07:02:37.018392
File: results\pippinusdt_next_open_sim\2025-11-18_v2_c0_sl0.005_summary.csv
Note: [WinError 32] 다른 프로세스가 파일을 사용 중이기 때문에 프로세스가 액세스 할 수 없습니다: 'results\\pippinusdt_next_open_sim\\2025-11-18_v2_c0_sl0.005_summary.csv' -> 'C:\\Users\\User\\new\\yona_vanguard_futures\\results_backups\\results\\results\\pippinusdt_next_open_sim\\2025-11-18_v2_c0_sl0.005_summary.csv'
Unable to extract x64 image. Run Handle from a writeable directory.

# Captured: 2025-12-01T07:02:37.032127
File: results\pippinusdt_next_open_sim\2025-11-18_v2_c0_sl0.01_summary.csv
Note: [WinError 32] 다른 프로세스가 파일을 사용 중이기 때문에 프로세스가 액세스 할 수 없습니다: 'results\\pippinusdt_next_open_sim\\2025-11-18_v2_c0_sl0.01_summary.csv' -> 'C:\\Users\\User\\new\\yona_vanguard_futures\\results_backups\\results\\results\\pippinusdt_next_open_sim\\2025-11-18_v2_c0_sl0.01_summary.csv'
Unable to extract x64 image. Run Handle from a writeable directory.

# Captured: 2025-12-01T07:02:37.046173
File: results\pippinusdt_next_open_sim\2025-11-18_v2_c1_sl0.005_summary.csv
Note: [WinError 32] 다른 프로세스가 파일을 사용 중이기 때문에 프로세스가 액세스 할 수 없습니다: 'results\\pippinusdt_next_open_sim\\2025-11-18_v2_c1_sl0.005_summary.csv' -> 'C:\\Users\\User\\new\\yona_vanguard_futures\\results_backups\\results\\results\\pippinusdt_next_open_sim\\2025-11-18_v2_c1_sl0.005_summary.csv'
Unable to extract x64 image. Run Handle from a writeable directory.

# Captured: 2025-12-01T07:02:37.060186
File: results\pippinusdt_next_open_sim\2025-11-18_v2_c1_sl0.01_summary.csv
Note: [WinError 32] 다른 프로세스가 파일을 사용 중이기 때문에 프로세스가 액세스 할 수 없습니다: 'results\\pippinusdt_next_open_sim\\2025-11-18_v2_c1_sl0.01_summary.csv' -> 'C:\\Users\\User\\new\\yona_vanguard_futures\\results_backups\\results\\results\\pippinusdt_next_open_sim\\2025-11-18_v2_c1_sl0.01_summary.csv'
Unable to extract x64 image. Run Handle from a writeable directory.

# Captured: 2025-12-01T07:02:37.073198
File: results\pippinusdt_next_open_sim\2025-11-18_v2_c2_sl0.005_summary.csv
Note: [WinError 32] 다른 프로세스가 파일을 사용 중이기 때문에 프로세스가 액세스 할 수 없습니다: 'results\\pippinusdt_next_open_sim\\2025-11-18_v2_c2_sl0.005_summary.csv' -> 'C:\\Users\\User\\new\\yona_vanguard_futures\\results_backups\\results\\results\\pippinusdt_next_open_sim\\2025-11-18_v2_c2_sl0.005_summary.csv'
Unable to extract x64 image. Run Handle from a writeable directory.

# Captured: 2025-12-01T07:02:37.087211
File: results\pippinusdt_next_open_sim\2025-11-18_v2_c2_sl0.01_summary.csv
Note: [WinError 32] 다른 프로세스가 파일을 사용 중이기 때문에 프로세스가 액세스 할 수 없습니다: 'results\\pippinusdt_next_open_sim\\2025-11-18_v2_c2_sl0.01_summary.csv' -> 'C:\\Users\\User\\new\\yona_vanguard_futures\\results_backups\\results\\results\\pippinusdt_next_open_sim\\2025-11-18_v2_c2_sl0.01_summary.csv'
Unable to extract x64 image. Run Handle from a writeable directory.

# Captured: 2025-12-01T07:02:37.099727
File: results\pippinusdt_next_open_sim\2025-11-19_v0.5_c0_sl0.005_summary.csv
Note: [WinError 32] 다른 프로세스가 파일을 사용 중이기 때문에 프로세스가 액세스 할 수 없습니다: 'results\\pippinusdt_next_open_sim\\2025-11-19_v0.5_c0_sl0.005_summary.csv' -> 'C:\\Users\\User\\new\\yona_vanguard_futures\\results_backups\\results\\results\\pippinusdt_next_open_sim\\2025-11-19_v0.5_c0_sl0.005_summary.csv'
Unable to extract x64 image. Run Handle from a writeable directory.

# Captured: 2025-12-01T07:02:37.113740
File: results\pippinusdt_next_open_sim\2025-11-19_v0.5_c0_sl0.01_summary.csv
Note: [WinError 32] 다른 프로세스가 파일을 사용 중이기 때문에 프로세스가 액세스 할 수 없습니다: 'results\\pippinusdt_next_open_sim\\2025-11-19_v0.5_c0_sl0.01_summary.csv' -> 'C:\\Users\\User\\new\\yona_vanguard_futures\\results_backups\\results\\results\\pippinusdt_next_open_sim\\2025-11-19_v0.5_c0_sl0.01_summary.csv'
Unable to extract x64 image. Run Handle from a writeable directory.

# Captured: 2025-12-01T07:02:37.128265
File: results\pippinusdt_next_open_sim\2025-11-19_v0.5_c1_sl0.005_summary.csv
Note: [WinError 32] 다른 프로세스가 파일을 사용 중이기 때문에 프로세스가 액세스 할 수 없습니다: 'results\\pippinusdt_next_open_sim\\2025-11-19_v0.5_c1_sl0.005_summary.csv' -> 'C:\\Users\\User\\new\\yona_vanguard_futures\\results_backups\\results\\results\\pippinusdt_next_open_sim\\2025-11-19_v0.5_c1_sl0.005_summary.csv'
Unable to extract x64 image. Run Handle from a writeable directory.

# Captured: 2025-12-01T07:02:37.141277
File: results\pippinusdt_next_open_sim\2025-11-19_v0.5_c1_sl0.01_summary.csv
Note: [WinError 32] 다른 프로세스가 파일을 사용 중이기 때문에 프로세스가 액세스 할 수 없습니다: 'results\\pippinusdt_next_open_sim\\2025-11-19_v0.5_c1_sl0.01_summary.csv' -> 'C:\\Users\\User\\new\\yona_vanguard_futures\\results_backups\\results\\results\\pippinusdt_next_open_sim\\2025-11-19_v0.5_c1_sl0.01_summary.csv'
Unable to extract x64 image. Run Handle from a writeable directory.

# Captured: 2025-12-01T07:02:37.155289
File: results\pippinusdt_next_open_sim\2025-11-19_v0.5_c2_sl0.005_summary.csv
Note: [WinError 32] 다른 프로세스가 파일을 사용 중이기 때문에 프로세스가 액세스 할 수 없습니다: 'results\\pippinusdt_next_open_sim\\2025-11-19_v0.5_c2_sl0.005_summary.csv' -> 'C:\\Users\\User\\new\\yona_vanguard_futures\\results_backups\\results\\results\\pippinusdt_next_open_sim\\2025-11-19_v0.5_c2_sl0.005_summary.csv'
Unable to extract x64 image. Run Handle from a writeable directory.

# Captured: 2025-12-01T07:02:37.168302
File: results\pippinusdt_next_open_sim\2025-11-19_v0.5_c2_sl0.01_summary.csv
Note: [WinError 32] 다른 프로세스가 파일을 사용 중이기 때문에 프로세스가 액세스 할 수 없습니다: 'results\\pippinusdt_next_open_sim\\2025-11-19_v0.5_c2_sl0.01_summary.csv' -> 'C:\\Users\\User\\new\\yona_vanguard_futures\\results_backups\\results\\results\\pippinusdt_next_open_sim\\2025-11-19_v0.5_c2_sl0.01_summary.csv'
Unable to extract x64 image. Run Handle from a writeable directory.

# Captured: 2025-12-01T07:02:37.181313
File: results\pippinusdt_next_open_sim\2025-11-19_v1.5_c0_sl0.005_summary.csv
Note: [WinError 32] 다른 프로세스가 파일을 사용 중이기 때문에 프로세스가 액세스 할 수 없습니다: 'results\\pippinusdt_next_open_sim\\2025-11-19_v1.5_c0_sl0.005_summary.csv' -> 'C:\\Users\\User\\new\\yona_vanguard_futures\\results_backups\\results\\results\\pippinusdt_next_open_sim\\2025-11-19_v1.5_c0_sl0.005_summary.csv'
Unable to extract x64 image. Run Handle from a writeable directory.

# Captured: 2025-12-01T07:02:37.194325
File: results\pippinusdt_next_open_sim\2025-11-19_v1.5_c0_sl0.01_summary.csv
Note: [WinError 32] 다른 프로세스가 파일을 사용 중이기 때문에 프로세스가 액세스 할 수 없습니다: 'results\\pippinusdt_next_open_sim\\2025-11-19_v1.5_c0_sl0.01_summary.csv' -> 'C:\\Users\\User\\new\\yona_vanguard_futures\\results_backups\\results\\results\\pippinusdt_next_open_sim\\2025-11-19_v1.5_c0_sl0.01_summary.csv'
Unable to extract x64 image. Run Handle from a writeable directory.

# Captured: 2025-12-01T07:02:37.208338
File: results\pippinusdt_next_open_sim\2025-11-19_v1.5_c1_sl0.005_summary.csv
Note: [WinError 32] 다른 프로세스가 파일을 사용 중이기 때문에 프로세스가 액세스 할 수 없습니다: 'results\\pippinusdt_next_open_sim\\2025-11-19_v1.5_c1_sl0.005_summary.csv' -> 'C:\\Users\\User\\new\\yona_vanguard_futures\\results_backups\\results\\results\\pippinusdt_next_open_sim\\2025-11-19_v1.5_c1_sl0.005_summary.csv'
Unable to extract x64 image. Run Handle from a writeable directory.

# Captured: 2025-12-01T07:02:37.222350
File: results\pippinusdt_next_open_sim\2025-11-19_v1.5_c1_sl0.01_summary.csv
Note: [WinError 32] 다른 프로세스가 파일을 사용 중이기 때문에 프로세스가 액세스 할 수 없습니다: 'results\\pippinusdt_next_open_sim\\2025-11-19_v1.5_c1_sl0.01_summary.csv' -> 'C:\\Users\\User\\new\\yona_vanguard_futures\\results_backups\\results\\results\\pippinusdt_next_open_sim\\2025-11-19_v1.5_c1_sl0.01_summary.csv'
Unable to extract x64 image. Run Handle from a writeable directory.

# Captured: 2025-12-01T07:02:37.236364
File: results\pippinusdt_next_open_sim\2025-11-19_v1.5_c2_sl0.005_summary.csv
Note: [WinError 32] 다른 프로세스가 파일을 사용 중이기 때문에 프로세스가 액세스 할 수 없습니다: 'results\\pippinusdt_next_open_sim\\2025-11-19_v1.5_c2_sl0.005_summary.csv' -> 'C:\\Users\\User\\new\\yona_vanguard_futures\\results_backups\\results\\results\\pippinusdt_next_open_sim\\2025-11-19_v1.5_c2_sl0.005_summary.csv'
Unable to extract x64 image. Run Handle from a writeable directory.

# Captured: 2025-12-01T07:02:37.250376
File: results\pippinusdt_next_open_sim\2025-11-19_v1.5_c2_sl0.01_summary.csv
Note: [WinError 32] 다른 프로세스가 파일을 사용 중이기 때문에 프로세스가 액세스 할 수 없습니다: 'results\\pippinusdt_next_open_sim\\2025-11-19_v1.5_c2_sl0.01_summary.csv' -> 'C:\\Users\\User\\new\\yona_vanguard_futures\\results_backups\\results\\results\\pippinusdt_next_open_sim\\2025-11-19_v1.5_c2_sl0.01_summary.csv'
Unable to extract x64 image. Run Handle from a writeable directory.

# Captured: 2025-12-01T07:02:37.263388
File: results\pippinusdt_next_open_sim\2025-11-19_v1_c0_sl0.005_summary.csv
Note: [WinError 32] 다른 프로세스가 파일을 사용 중이기 때문에 프로세스가 액세스 할 수 없습니다: 'results\\pippinusdt_next_open_sim\\2025-11-19_v1_c0_sl0.005_summary.csv' -> 'C:\\Users\\User\\new\\yona_vanguard_futures\\results_backups\\results\\results\\pippinusdt_next_open_sim\\2025-11-19_v1_c0_sl0.005_summary.csv'
Unable to extract x64 image. Run Handle from a writeable directory.

# Captured: 2025-12-01T07:02:37.276400
File: results\pippinusdt_next_open_sim\2025-11-19_v1_c0_sl0.01_summary.csv
Note: [WinError 32] 다른 프로세스가 파일을 사용 중이기 때문에 프로세스가 액세스 할 수 없습니다: 'results\\pippinusdt_next_open_sim\\2025-11-19_v1_c0_sl0.01_summary.csv' -> 'C:\\Users\\User\\new\\yona_vanguard_futures\\results_backups\\results\\results\\pippinusdt_next_open_sim\\2025-11-19_v1_c0_sl0.01_summary.csv'
Unable to extract x64 image. Run Handle from a writeable directory.

# Captured: 2025-12-01T07:02:37.289824
File: results\pippinusdt_next_open_sim\2025-11-19_v1_c1_sl0.005_summary.csv
Note: [WinError 32] 다른 프로세스가 파일을 사용 중이기 때문에 프로세스가 액세스 할 수 없습니다: 'results\\pippinusdt_next_open_sim\\2025-11-19_v1_c1_sl0.005_summary.csv' -> 'C:\\Users\\User\\new\\yona_vanguard_futures\\results_backups\\results\\results\\pippinusdt_next_open_sim\\2025-11-19_v1_c1_sl0.005_summary.csv'
Unable to extract x64 image. Run Handle from a writeable directory.

# Captured: 2025-12-01T07:02:37.302836
File: results\pippinusdt_next_open_sim\2025-11-19_v1_c1_sl0.01_summary.csv
Note: [WinError 32] 다른 프로세스가 파일을 사용 중이기 때문에 프로세스가 액세스 할 수 없습니다: 'results\\pippinusdt_next_open_sim\\2025-11-19_v1_c1_sl0.01_summary.csv' -> 'C:\\Users\\User\\new\\yona_vanguard_futures\\results_backups\\results\\results\\pippinusdt_next_open_sim\\2025-11-19_v1_c1_sl0.01_summary.csv'
Unable to extract x64 image. Run Handle from a writeable directory.

# Captured: 2025-12-01T07:02:37.315848
File: results\pippinusdt_next_open_sim\2025-11-19_v1_c2_sl0.005_summary.csv
Note: [WinError 32] 다른 프로세스가 파일을 사용 중이기 때문에 프로세스가 액세스 할 수 없습니다: 'results\\pippinusdt_next_open_sim\\2025-11-19_v1_c2_sl0.005_summary.csv' -> 'C:\\Users\\User\\new\\yona_vanguard_futures\\results_backups\\results\\results\\pippinusdt_next_open_sim\\2025-11-19_v1_c2_sl0.005_summary.csv'
Unable to extract x64 image. Run Handle from a writeable directory.

# Captured: 2025-12-01T07:02:37.329584
File: results\pippinusdt_next_open_sim\2025-11-19_v1_c2_sl0.01_summary.csv
Note: [WinError 32] 다른 프로세스가 파일을 사용 중이기 때문에 프로세스가 액세스 할 수 없습니다: 'results\\pippinusdt_next_open_sim\\2025-11-19_v1_c2_sl0.01_summary.csv' -> 'C:\\Users\\User\\new\\yona_vanguard_futures\\results_backups\\results\\results\\pippinusdt_next_open_sim\\2025-11-19_v1_c2_sl0.01_summary.csv'
Unable to extract x64 image. Run Handle from a writeable directory.

# Captured: 2025-12-01T07:02:37.343597
File: results\pippinusdt_next_open_sim\2025-11-19_v2_c0_sl0.005_summary.csv
Note: [WinError 32] 다른 프로세스가 파일을 사용 중이기 때문에 프로세스가 액세스 할 수 없습니다: 'results\\pippinusdt_next_open_sim\\2025-11-19_v2_c0_sl0.005_summary.csv' -> 'C:\\Users\\User\\new\\yona_vanguard_futures\\results_backups\\results\\results\\pippinusdt_next_open_sim\\2025-11-19_v2_c0_sl0.005_summary.csv'
Unable to extract x64 image. Run Handle from a writeable directory.

# Captured: 2025-12-01T07:02:37.356608
File: results\pippinusdt_next_open_sim\2025-11-19_v2_c0_sl0.01_summary.csv
Note: [WinError 32] 다른 프로세스가 파일을 사용 중이기 때문에 프로세스가 액세스 할 수 없습니다: 'results\\pippinusdt_next_open_sim\\2025-11-19_v2_c0_sl0.01_summary.csv' -> 'C:\\Users\\User\\new\\yona_vanguard_futures\\results_backups\\results\\results\\pippinusdt_next_open_sim\\2025-11-19_v2_c0_sl0.01_summary.csv'
Unable to extract x64 image. Run Handle from a writeable directory.

# Captured: 2025-12-01T07:02:37.370621
File: results\pippinusdt_next_open_sim\2025-11-19_v2_c1_sl0.005_summary.csv
Note: [WinError 32] 다른 프로세스가 파일을 사용 중이기 때문에 프로세스가 액세스 할 수 없습니다: 'results\\pippinusdt_next_open_sim\\2025-11-19_v2_c1_sl0.005_summary.csv' -> 'C:\\Users\\User\\new\\yona_vanguard_futures\\results_backups\\results\\results\\pippinusdt_next_open_sim\\2025-11-19_v2_c1_sl0.005_summary.csv'
Unable to extract x64 image. Run Handle from a writeable directory.

# Captured: 2025-12-01T07:02:37.383633
File: results\pippinusdt_next_open_sim\2025-11-19_v2_c1_sl0.01_summary.csv
Note: [WinError 32] 다른 프로세스가 파일을 사용 중이기 때문에 프로세스가 액세스 할 수 없습니다: 'results\\pippinusdt_next_open_sim\\2025-11-19_v2_c1_sl0.01_summary.csv' -> 'C:\\Users\\User\\new\\yona_vanguard_futures\\results_backups\\results\\results\\pippinusdt_next_open_sim\\2025-11-19_v2_c1_sl0.01_summary.csv'
Unable to extract x64 image. Run Handle from a writeable directory.

# Captured: 2025-12-01T07:02:37.397646
File: results\pippinusdt_next_open_sim\2025-11-19_v2_c2_sl0.005_summary.csv
Note: [WinError 32] 다른 프로세스가 파일을 사용 중이기 때문에 프로세스가 액세스 할 수 없습니다: 'results\\pippinusdt_next_open_sim\\2025-11-19_v2_c2_sl0.005_summary.csv' -> 'C:\\Users\\User\\new\\yona_vanguard_futures\\results_backups\\results\\results\\pippinusdt_next_open_sim\\2025-11-19_v2_c2_sl0.005_summary.csv'
Unable to extract x64 image. Run Handle from a writeable directory.

# Captured: 2025-12-01T07:02:37.411658
File: results\pippinusdt_next_open_sim\2025-11-19_v2_c2_sl0.01_summary.csv
Note: [WinError 32] 다른 프로세스가 파일을 사용 중이기 때문에 프로세스가 액세스 할 수 없습니다: 'results\\pippinusdt_next_open_sim\\2025-11-19_v2_c2_sl0.01_summary.csv' -> 'C:\\Users\\User\\new\\yona_vanguard_futures\\results_backups\\results\\results\\pippinusdt_next_open_sim\\2025-11-19_v2_c2_sl0.01_summary.csv'
Unable to extract x64 image. Run Handle from a writeable directory.

# Captured: 2025-12-01T07:02:37.424462
File: results\pippinusdt_next_open_sim\2025-11-20_v0.5_c0_sl0.005_summary.csv
Note: [WinError 32] 다른 프로세스가 파일을 사용 중이기 때문에 프로세스가 액세스 할 수 없습니다: 'results\\pippinusdt_next_open_sim\\2025-11-20_v0.5_c0_sl0.005_summary.csv' -> 'C:\\Users\\User\\new\\yona_vanguard_futures\\results_backups\\results\\results\\pippinusdt_next_open_sim\\2025-11-20_v0.5_c0_sl0.005_summary.csv'
Unable to extract x64 image. Run Handle from a writeable directory.

# Captured: 2025-12-01T07:02:37.437670
File: results\pippinusdt_next_open_sim\2025-11-20_v0.5_c0_sl0.01_summary.csv
Note: [WinError 32] 다른 프로세스가 파일을 사용 중이기 때문에 프로세스가 액세스 할 수 없습니다: 'results\\pippinusdt_next_open_sim\\2025-11-20_v0.5_c0_sl0.01_summary.csv' -> 'C:\\Users\\User\\new\\yona_vanguard_futures\\results_backups\\results\\results\\pippinusdt_next_open_sim\\2025-11-20_v0.5_c0_sl0.01_summary.csv'
Unable to extract x64 image. Run Handle from a writeable directory.

# Captured: 2025-12-01T07:02:37.451490
File: results\pippinusdt_next_open_sim\2025-11-20_v0.5_c1_sl0.005_summary.csv
Note: [WinError 32] 다른 프로세스가 파일을 사용 중이기 때문에 프로세스가 액세스 할 수 없습니다: 'results\\pippinusdt_next_open_sim\\2025-11-20_v0.5_c1_sl0.005_summary.csv' -> 'C:\\Users\\User\\new\\yona_vanguard_futures\\results_backups\\results\\results\\pippinusdt_next_open_sim\\2025-11-20_v0.5_c1_sl0.005_summary.csv'
Unable to extract x64 image. Run Handle from a writeable directory.

# Captured: 2025-12-01T07:02:37.464501
File: results\pippinusdt_next_open_sim\2025-11-20_v0.5_c1_sl0.01_summary.csv
Note: [WinError 32] 다른 프로세스가 파일을 사용 중이기 때문에 프로세스가 액세스 할 수 없습니다: 'results\\pippinusdt_next_open_sim\\2025-11-20_v0.5_c1_sl0.01_summary.csv' -> 'C:\\Users\\User\\new\\yona_vanguard_futures\\results_backups\\results\\results\\pippinusdt_next_open_sim\\2025-11-20_v0.5_c1_sl0.01_summary.csv'
Unable to extract x64 image. Run Handle from a writeable directory.

# Captured: 2025-12-01T07:02:37.479514
File: results\pippinusdt_next_open_sim\2025-11-20_v0.5_c2_sl0.005_summary.csv
Note: [WinError 32] 다른 프로세스가 파일을 사용 중이기 때문에 프로세스가 액세스 할 수 없습니다: 'results\\pippinusdt_next_open_sim\\2025-11-20_v0.5_c2_sl0.005_summary.csv' -> 'C:\\Users\\User\\new\\yona_vanguard_futures\\results_backups\\results\\results\\pippinusdt_next_open_sim\\2025-11-20_v0.5_c2_sl0.005_summary.csv'
Unable to extract x64 image. Run Handle from a writeable directory.

# Captured: 2025-12-01T07:02:37.493527
File: results\pippinusdt_next_open_sim\2025-11-20_v0.5_c2_sl0.01_summary.csv
Note: [WinError 32] 다른 프로세스가 파일을 사용 중이기 때문에 프로세스가 액세스 할 수 없습니다: 'results\\pippinusdt_next_open_sim\\2025-11-20_v0.5_c2_sl0.01_summary.csv' -> 'C:\\Users\\User\\new\\yona_vanguard_futures\\results_backups\\results\\results\\pippinusdt_next_open_sim\\2025-11-20_v0.5_c2_sl0.01_summary.csv'
Unable to extract x64 image. Run Handle from a writeable directory.

# Captured: 2025-12-01T07:02:37.507540
File: results\pippinusdt_next_open_sim\2025-11-20_v1.5_c0_sl0.005_summary.csv
Note: [WinError 32] 다른 프로세스가 파일을 사용 중이기 때문에 프로세스가 액세스 할 수 없습니다: 'results\\pippinusdt_next_open_sim\\2025-11-20_v1.5_c0_sl0.005_summary.csv' -> 'C:\\Users\\User\\new\\yona_vanguard_futures\\results_backups\\results\\results\\pippinusdt_next_open_sim\\2025-11-20_v1.5_c0_sl0.005_summary.csv'
Unable to extract x64 image. Run Handle from a writeable directory.

# Captured: 2025-12-01T07:02:37.521844
File: results\pippinusdt_next_open_sim\2025-11-20_v1.5_c0_sl0.01_summary.csv
Note: [WinError 32] 다른 프로세스가 파일을 사용 중이기 때문에 프로세스가 액세스 할 수 없습니다: 'results\\pippinusdt_next_open_sim\\2025-11-20_v1.5_c0_sl0.01_summary.csv' -> 'C:\\Users\\User\\new\\yona_vanguard_futures\\results_backups\\results\\results\\pippinusdt_next_open_sim\\2025-11-20_v1.5_c0_sl0.01_summary.csv'
Unable to extract x64 image. Run Handle from a writeable directory.

# Captured: 2025-12-01T07:02:37.535857
File: results\pippinusdt_next_open_sim\2025-11-20_v1.5_c1_sl0.005_summary.csv
Note: [WinError 32] 다른 프로세스가 파일을 사용 중이기 때문에 프로세스가 액세스 할 수 없습니다: 'results\\pippinusdt_next_open_sim\\2025-11-20_v1.5_c1_sl0.005_summary.csv' -> 'C:\\Users\\User\\new\\yona_vanguard_futures\\results_backups\\results\\results\\pippinusdt_next_open_sim\\2025-11-20_v1.5_c1_sl0.005_summary.csv'
Unable to extract x64 image. Run Handle from a writeable directory.

# Captured: 2025-12-01T07:02:37.550164
File: results\pippinusdt_next_open_sim\2025-11-20_v1.5_c1_sl0.01_summary.csv
Note: [WinError 32] 다른 프로세스가 파일을 사용 중이기 때문에 프로세스가 액세스 할 수 없습니다: 'results\\pippinusdt_next_open_sim\\2025-11-20_v1.5_c1_sl0.01_summary.csv' -> 'C:\\Users\\User\\new\\yona_vanguard_futures\\results_backups\\results\\results\\pippinusdt_next_open_sim\\2025-11-20_v1.5_c1_sl0.01_summary.csv'
Unable to extract x64 image. Run Handle from a writeable directory.

# Captured: 2025-12-01T07:02:37.563180
File: results\pippinusdt_next_open_sim\2025-11-20_v1.5_c2_sl0.005_summary.csv
Note: [WinError 32] 다른 프로세스가 파일을 사용 중이기 때문에 프로세스가 액세스 할 수 없습니다: 'results\\pippinusdt_next_open_sim\\2025-11-20_v1.5_c2_sl0.005_summary.csv' -> 'C:\\Users\\User\\new\\yona_vanguard_futures\\results_backups\\results\\results\\pippinusdt_next_open_sim\\2025-11-20_v1.5_c2_sl0.005_summary.csv'
Unable to extract x64 image. Run Handle from a writeable directory.

# Captured: 2025-12-01T07:02:37.577790
File: results\pippinusdt_next_open_sim\2025-11-20_v1.5_c2_sl0.01_summary.csv
Note: [WinError 32] 다른 프로세스가 파일을 사용 중이기 때문에 프로세스가 액세스 할 수 없습니다: 'results\\pippinusdt_next_open_sim\\2025-11-20_v1.5_c2_sl0.01_summary.csv' -> 'C:\\Users\\User\\new\\yona_vanguard_futures\\results_backups\\results\\results\\pippinusdt_next_open_sim\\2025-11-20_v1.5_c2_sl0.01_summary.csv'
Unable to extract x64 image. Run Handle from a writeable directory.

# Captured: 2025-12-01T07:02:37.590803
File: results\pippinusdt_next_open_sim\2025-11-20_v1_c0_sl0.005_summary.csv
Note: [WinError 32] 다른 프로세스가 파일을 사용 중이기 때문에 프로세스가 액세스 할 수 없습니다: 'results\\pippinusdt_next_open_sim\\2025-11-20_v1_c0_sl0.005_summary.csv' -> 'C:\\Users\\User\\new\\yona_vanguard_futures\\results_backups\\results\\results\\pippinusdt_next_open_sim\\2025-11-20_v1_c0_sl0.005_summary.csv'
Unable to extract x64 image. Run Handle from a writeable directory.

# Captured: 2025-12-01T07:02:37.604896
File: results\pippinusdt_next_open_sim\2025-11-20_v1_c0_sl0.01_summary.csv
Note: [WinError 32] 다른 프로세스가 파일을 사용 중이기 때문에 프로세스가 액세스 할 수 없습니다: 'results\\pippinusdt_next_open_sim\\2025-11-20_v1_c0_sl0.01_summary.csv' -> 'C:\\Users\\User\\new\\yona_vanguard_futures\\results_backups\\results\\results\\pippinusdt_next_open_sim\\2025-11-20_v1_c0_sl0.01_summary.csv'
Unable to extract x64 image. Run Handle from a writeable directory.

# Captured: 2025-12-01T07:02:37.617827
File: results\pippinusdt_next_open_sim\2025-11-20_v1_c1_sl0.005_summary.csv
Note: [WinError 32] 다른 프로세스가 파일을 사용 중이기 때문에 프로세스가 액세스 할 수 없습니다: 'results\\pippinusdt_next_open_sim\\2025-11-20_v1_c1_sl0.005_summary.csv' -> 'C:\\Users\\User\\new\\yona_vanguard_futures\\results_backups\\results\\results\\pippinusdt_next_open_sim\\2025-11-20_v1_c1_sl0.005_summary.csv'
Unable to extract x64 image. Run Handle from a writeable directory.

# Captured: 2025-12-01T07:02:37.631554
File: results\pippinusdt_next_open_sim\2025-11-20_v1_c1_sl0.01_summary.csv
Note: [WinError 32] 다른 프로세스가 파일을 사용 중이기 때문에 프로세스가 액세스 할 수 없습니다: 'results\\pippinusdt_next_open_sim\\2025-11-20_v1_c1_sl0.01_summary.csv' -> 'C:\\Users\\User\\new\\yona_vanguard_futures\\results_backups\\results\\results\\pippinusdt_next_open_sim\\2025-11-20_v1_c1_sl0.01_summary.csv'
Unable to extract x64 image. Run Handle from a writeable directory.

# Captured: 2025-12-01T07:02:37.646093
File: results\pippinusdt_next_open_sim\2025-11-20_v1_c2_sl0.005_summary.csv
Note: [WinError 32] 다른 프로세스가 파일을 사용 중이기 때문에 프로세스가 액세스 할 수 없습니다: 'results\\pippinusdt_next_open_sim\\2025-11-20_v1_c2_sl0.005_summary.csv' -> 'C:\\Users\\User\\new\\yona_vanguard_futures\\results_backups\\results\\results\\pippinusdt_next_open_sim\\2025-11-20_v1_c2_sl0.005_summary.csv'
Unable to extract x64 image. Run Handle from a writeable directory.

# Captured: 2025-12-01T07:02:37.660105
File: results\pippinusdt_next_open_sim\2025-11-20_v1_c2_sl0.01_summary.csv
Note: [WinError 32] 다른 프로세스가 파일을 사용 중이기 때문에 프로세스가 액세스 할 수 없습니다: 'results\\pippinusdt_next_open_sim\\2025-11-20_v1_c2_sl0.01_summary.csv' -> 'C:\\Users\\User\\new\\yona_vanguard_futures\\results_backups\\results\\results\\pippinusdt_next_open_sim\\2025-11-20_v1_c2_sl0.01_summary.csv'
Unable to extract x64 image. Run Handle from a writeable directory.

# Captured: 2025-12-01T07:02:37.674118
File: results\pippinusdt_next_open_sim\2025-11-20_v2_c0_sl0.005_summary.csv
Note: [WinError 32] 다른 프로세스가 파일을 사용 중이기 때문에 프로세스가 액세스 할 수 없습니다: 'results\\pippinusdt_next_open_sim\\2025-11-20_v2_c0_sl0.005_summary.csv' -> 'C:\\Users\\User\\new\\yona_vanguard_futures\\results_backups\\results\\results\\pippinusdt_next_open_sim\\2025-11-20_v2_c0_sl0.005_summary.csv'
Unable to extract x64 image. Run Handle from a writeable directory.

# Captured: 2025-12-01T07:02:37.687130
File: results\pippinusdt_next_open_sim\2025-11-20_v2_c0_sl0.01_summary.csv
Note: [WinError 32] 다른 프로세스가 파일을 사용 중이기 때문에 프로세스가 액세스 할 수 없습니다: 'results\\pippinusdt_next_open_sim\\2025-11-20_v2_c0_sl0.01_summary.csv' -> 'C:\\Users\\User\\new\\yona_vanguard_futures\\results_backups\\results\\results\\pippinusdt_next_open_sim\\2025-11-20_v2_c0_sl0.01_summary.csv'
Unable to extract x64 image. Run Handle from a writeable directory.

# Captured: 2025-12-01T07:02:37.700563
File: results\pippinusdt_next_open_sim\2025-11-20_v2_c1_sl0.005_summary.csv
Note: [WinError 32] 다른 프로세스가 파일을 사용 중이기 때문에 프로세스가 액세스 할 수 없습니다: 'results\\pippinusdt_next_open_sim\\2025-11-20_v2_c1_sl0.005_summary.csv' -> 'C:\\Users\\User\\new\\yona_vanguard_futures\\results_backups\\results\\results\\pippinusdt_next_open_sim\\2025-11-20_v2_c1_sl0.005_summary.csv'
Unable to extract x64 image. Run Handle from a writeable directory.

# Captured: 2025-12-01T07:02:37.713575
File: results\pippinusdt_next_open_sim\2025-11-20_v2_c1_sl0.01_summary.csv
Note: [WinError 32] 다른 프로세스가 파일을 사용 중이기 때문에 프로세스가 액세스 할 수 없습니다: 'results\\pippinusdt_next_open_sim\\2025-11-20_v2_c1_sl0.01_summary.csv' -> 'C:\\Users\\User\\new\\yona_vanguard_futures\\results_backups\\results\\results\\pippinusdt_next_open_sim\\2025-11-20_v2_c1_sl0.01_summary.csv'
Unable to extract x64 image. Run Handle from a writeable directory.

# Captured: 2025-12-01T07:02:37.727588
File: results\pippinusdt_next_open_sim\2025-11-20_v2_c2_sl0.005_summary.csv
Note: [WinError 32] 다른 프로세스가 파일을 사용 중이기 때문에 프로세스가 액세스 할 수 없습니다: 'results\\pippinusdt_next_open_sim\\2025-11-20_v2_c2_sl0.005_summary.csv' -> 'C:\\Users\\User\\new\\yona_vanguard_futures\\results_backups\\results\\results\\pippinusdt_next_open_sim\\2025-11-20_v2_c2_sl0.005_summary.csv'
Unable to extract x64 image. Run Handle from a writeable directory.

# Captured: 2025-12-01T07:02:37.741926
File: results\pippinusdt_next_open_sim\2025-11-20_v2_c2_sl0.01_summary.csv
Note: [WinError 32] 다른 프로세스가 파일을 사용 중이기 때문에 프로세스가 액세스 할 수 없습니다: 'results\\pippinusdt_next_open_sim\\2025-11-20_v2_c2_sl0.01_summary.csv' -> 'C:\\Users\\User\\new\\yona_vanguard_futures\\results_backups\\results\\results\\pippinusdt_next_open_sim\\2025-11-20_v2_c2_sl0.01_summary.csv'
Unable to extract x64 image. Run Handle from a writeable directory.

# Captured: 2025-12-01T07:02:37.755939
File: results\pippinusdt_next_open_sim\2025-11-21_v0.5_c0_sl0.005_summary.csv
Note: [WinError 32] 다른 프로세스가 파일을 사용 중이기 때문에 프로세스가 액세스 할 수 없습니다: 'results\\pippinusdt_next_open_sim\\2025-11-21_v0.5_c0_sl0.005_summary.csv' -> 'C:\\Users\\User\\new\\yona_vanguard_futures\\results_backups\\results\\results\\pippinusdt_next_open_sim\\2025-11-21_v0.5_c0_sl0.005_summary.csv'
Unable to extract x64 image. Run Handle from a writeable directory.

# Captured: 2025-12-01T07:02:37.769952
File: results\pippinusdt_next_open_sim\2025-11-21_v0.5_c0_sl0.01_summary.csv
Note: [WinError 32] 다른 프로세스가 파일을 사용 중이기 때문에 프로세스가 액세스 할 수 없습니다: 'results\\pippinusdt_next_open_sim\\2025-11-21_v0.5_c0_sl0.01_summary.csv' -> 'C:\\Users\\User\\new\\yona_vanguard_futures\\results_backups\\results\\results\\pippinusdt_next_open_sim\\2025-11-21_v0.5_c0_sl0.01_summary.csv'
Unable to extract x64 image. Run Handle from a writeable directory.

# Captured: 2025-12-01T07:02:37.782964
File: results\pippinusdt_next_open_sim\2025-11-21_v0.5_c1_sl0.005_summary.csv
Note: [WinError 32] 다른 프로세스가 파일을 사용 중이기 때문에 프로세스가 액세스 할 수 없습니다: 'results\\pippinusdt_next_open_sim\\2025-11-21_v0.5_c1_sl0.005_summary.csv' -> 'C:\\Users\\User\\new\\yona_vanguard_futures\\results_backups\\results\\results\\pippinusdt_next_open_sim\\2025-11-21_v0.5_c1_sl0.005_summary.csv'
Unable to extract x64 image. Run Handle from a writeable directory.

# Captured: 2025-12-01T07:02:37.796976
File: results\pippinusdt_next_open_sim\2025-11-21_v0.5_c1_sl0.01_summary.csv
Note: [WinError 32] 다른 프로세스가 파일을 사용 중이기 때문에 프로세스가 액세스 할 수 없습니다: 'results\\pippinusdt_next_open_sim\\2025-11-21_v0.5_c1_sl0.01_summary.csv' -> 'C:\\Users\\User\\new\\yona_vanguard_futures\\results_backups\\results\\results\\pippinusdt_next_open_sim\\2025-11-21_v0.5_c1_sl0.01_summary.csv'
Unable to extract x64 image. Run Handle from a writeable directory.

# Captured: 2025-12-01T07:02:37.809988
File: results\pippinusdt_next_open_sim\2025-11-21_v0.5_c2_sl0.005_summary.csv
Note: [WinError 32] 다른 프로세스가 파일을 사용 중이기 때문에 프로세스가 액세스 할 수 없습니다: 'results\\pippinusdt_next_open_sim\\2025-11-21_v0.5_c2_sl0.005_summary.csv' -> 'C:\\Users\\User\\new\\yona_vanguard_futures\\results_backups\\results\\results\\pippinusdt_next_open_sim\\2025-11-21_v0.5_c2_sl0.005_summary.csv'
Unable to extract x64 image. Run Handle from a writeable directory.

# Captured: 2025-12-01T07:02:37.823000
File: results\pippinusdt_next_open_sim\2025-11-21_v0.5_c2_sl0.01_summary.csv
Note: [WinError 32] 다른 프로세스가 파일을 사용 중이기 때문에 프로세스가 액세스 할 수 없습니다: 'results\\pippinusdt_next_open_sim\\2025-11-21_v0.5_c2_sl0.01_summary.csv' -> 'C:\\Users\\User\\new\\yona_vanguard_futures\\results_backups\\results\\results\\pippinusdt_next_open_sim\\2025-11-21_v0.5_c2_sl0.01_summary.csv'
Unable to extract x64 image. Run Handle from a writeable directory.

# Captured: 2025-12-01T07:02:37.836012
File: results\pippinusdt_next_open_sim\2025-11-21_v1.5_c0_sl0.005_summary.csv
Note: [WinError 32] 다른 프로세스가 파일을 사용 중이기 때문에 프로세스가 액세스 할 수 없습니다: 'results\\pippinusdt_next_open_sim\\2025-11-21_v1.5_c0_sl0.005_summary.csv' -> 'C:\\Users\\User\\new\\yona_vanguard_futures\\results_backups\\results\\results\\pippinusdt_next_open_sim\\2025-11-21_v1.5_c0_sl0.005_summary.csv'
Unable to extract x64 image. Run Handle from a writeable directory.

# Captured: 2025-12-01T07:02:37.850024
File: results\pippinusdt_next_open_sim\2025-11-21_v1.5_c0_sl0.01_summary.csv
Note: [WinError 32] 다른 프로세스가 파일을 사용 중이기 때문에 프로세스가 액세스 할 수 없습니다: 'results\\pippinusdt_next_open_sim\\2025-11-21_v1.5_c0_sl0.01_summary.csv' -> 'C:\\Users\\User\\new\\yona_vanguard_futures\\results_backups\\results\\results\\pippinusdt_next_open_sim\\2025-11-21_v1.5_c0_sl0.01_summary.csv'
Unable to extract x64 image. Run Handle from a writeable directory.

# Captured: 2025-12-01T07:02:37.863036
File: results\pippinusdt_next_open_sim\2025-11-21_v1.5_c1_sl0.005_summary.csv
Note: [WinError 32] 다른 프로세스가 파일을 사용 중이기 때문에 프로세스가 액세스 할 수 없습니다: 'results\\pippinusdt_next_open_sim\\2025-11-21_v1.5_c1_sl0.005_summary.csv' -> 'C:\\Users\\User\\new\\yona_vanguard_futures\\results_backups\\results\\results\\pippinusdt_next_open_sim\\2025-11-21_v1.5_c1_sl0.005_summary.csv'
Unable to extract x64 image. Run Handle from a writeable directory.

# Captured: 2025-12-01T07:02:37.877049
File: results\pippinusdt_next_open_sim\2025-11-21_v1.5_c1_sl0.01_summary.csv
Note: [WinError 32] 다른 프로세스가 파일을 사용 중이기 때문에 프로세스가 액세스 할 수 없습니다: 'results\\pippinusdt_next_open_sim\\2025-11-21_v1.5_c1_sl0.01_summary.csv' -> 'C:\\Users\\User\\new\\yona_vanguard_futures\\results_backups\\results\\results\\pippinusdt_next_open_sim\\2025-11-21_v1.5_c1_sl0.01_summary.csv'
Unable to extract x64 image. Run Handle from a writeable directory.

# Captured: 2025-12-01T07:02:37.890061
File: results\pippinusdt_next_open_sim\2025-11-21_v1.5_c2_sl0.005_summary.csv
Note: [WinError 32] 다른 프로세스가 파일을 사용 중이기 때문에 프로세스가 액세스 할 수 없습니다: 'results\\pippinusdt_next_open_sim\\2025-11-21_v1.5_c2_sl0.005_summary.csv' -> 'C:\\Users\\User\\new\\yona_vanguard_futures\\results_backups\\results\\results\\pippinusdt_next_open_sim\\2025-11-21_v1.5_c2_sl0.005_summary.csv'
Unable to extract x64 image. Run Handle from a writeable directory.

# Captured: 2025-12-01T07:02:37.904074
File: results\pippinusdt_next_open_sim\2025-11-21_v1.5_c2_sl0.01_summary.csv
Note: [WinError 32] 다른 프로세스가 파일을 사용 중이기 때문에 프로세스가 액세스 할 수 없습니다: 'results\\pippinusdt_next_open_sim\\2025-11-21_v1.5_c2_sl0.01_summary.csv' -> 'C:\\Users\\User\\new\\yona_vanguard_futures\\results_backups\\results\\results\\pippinusdt_next_open_sim\\2025-11-21_v1.5_c2_sl0.01_summary.csv'
Unable to extract x64 image. Run Handle from a writeable directory.

# Captured: 2025-12-01T07:02:37.918087
File: results\pippinusdt_next_open_sim\2025-11-21_v1_c0_sl0.005_summary.csv
Note: [WinError 32] 다른 프로세스가 파일을 사용 중이기 때문에 프로세스가 액세스 할 수 없습니다: 'results\\pippinusdt_next_open_sim\\2025-11-21_v1_c0_sl0.005_summary.csv' -> 'C:\\Users\\User\\new\\yona_vanguard_futures\\results_backups\\results\\results\\pippinusdt_next_open_sim\\2025-11-21_v1_c0_sl0.005_summary.csv'
Unable to extract x64 image. Run Handle from a writeable directory.

# Captured: 2025-12-01T07:02:37.930850
File: results\pippinusdt_next_open_sim\2025-11-21_v1_c0_sl0.01_summary.csv
Note: [WinError 32] 다른 프로세스가 파일을 사용 중이기 때문에 프로세스가 액세스 할 수 없습니다: 'results\\pippinusdt_next_open_sim\\2025-11-21_v1_c0_sl0.01_summary.csv' -> 'C:\\Users\\User\\new\\yona_vanguard_futures\\results_backups\\results\\results\\pippinusdt_next_open_sim\\2025-11-21_v1_c0_sl0.01_summary.csv'
Unable to extract x64 image. Run Handle from a writeable directory.

# Captured: 2025-12-01T07:02:37.944862
File: results\pippinusdt_next_open_sim\2025-11-21_v1_c1_sl0.005_summary.csv
Note: [WinError 32] 다른 프로세스가 파일을 사용 중이기 때문에 프로세스가 액세스 할 수 없습니다: 'results\\pippinusdt_next_open_sim\\2025-11-21_v1_c1_sl0.005_summary.csv' -> 'C:\\Users\\User\\new\\yona_vanguard_futures\\results_backups\\results\\results\\pippinusdt_next_open_sim\\2025-11-21_v1_c1_sl0.005_summary.csv'
Unable to extract x64 image. Run Handle from a writeable directory.

# Captured: 2025-12-01T07:02:37.957874
File: results\pippinusdt_next_open_sim\2025-11-21_v1_c1_sl0.01_summary.csv
Note: [WinError 32] 다른 프로세스가 파일을 사용 중이기 때문에 프로세스가 액세스 할 수 없습니다: 'results\\pippinusdt_next_open_sim\\2025-11-21_v1_c1_sl0.01_summary.csv' -> 'C:\\Users\\User\\new\\yona_vanguard_futures\\results_backups\\results\\results\\pippinusdt_next_open_sim\\2025-11-21_v1_c1_sl0.01_summary.csv'
Unable to extract x64 image. Run Handle from a writeable directory.

# Captured: 2025-12-01T07:02:37.971886
File: results\pippinusdt_next_open_sim\2025-11-21_v1_c2_sl0.005_summary.csv
Note: [WinError 32] 다른 프로세스가 파일을 사용 중이기 때문에 프로세스가 액세스 할 수 없습니다: 'results\\pippinusdt_next_open_sim\\2025-11-21_v1_c2_sl0.005_summary.csv' -> 'C:\\Users\\User\\new\\yona_vanguard_futures\\results_backups\\results\\results\\pippinusdt_next_open_sim\\2025-11-21_v1_c2_sl0.005_summary.csv'
Unable to extract x64 image. Run Handle from a writeable directory.

# Captured: 2025-12-01T07:02:37.984930
File: results\pippinusdt_next_open_sim\2025-11-21_v1_c2_sl0.01_summary.csv
Note: [WinError 32] 다른 프로세스가 파일을 사용 중이기 때문에 프로세스가 액세스 할 수 없습니다: 'results\\pippinusdt_next_open_sim\\2025-11-21_v1_c2_sl0.01_summary.csv' -> 'C:\\Users\\User\\new\\yona_vanguard_futures\\results_backups\\results\\results\\pippinusdt_next_open_sim\\2025-11-21_v1_c2_sl0.01_summary.csv'
Unable to extract x64 image. Run Handle from a writeable directory.

# Captured: 2025-12-01T07:02:37.998911
File: results\pippinusdt_next_open_sim\2025-11-21_v2_c0_sl0.005_summary.csv
Note: [WinError 32] 다른 프로세스가 파일을 사용 중이기 때문에 프로세스가 액세스 할 수 없습니다: 'results\\pippinusdt_next_open_sim\\2025-11-21_v2_c0_sl0.005_summary.csv' -> 'C:\\Users\\User\\new\\yona_vanguard_futures\\results_backups\\results\\results\\pippinusdt_next_open_sim\\2025-11-21_v2_c0_sl0.005_summary.csv'
Unable to extract x64 image. Run Handle from a writeable directory.

