# Captured: 2025-12-01T07:00:24.013944
File: results\pippinusdt_masked_next_open\2025-11-18_v3_c1_a1.5_summary.csv
Note: [WinError 32] 다른 프로세스가 파일을 사용 중이기 때문에 프로세스가 액세스 할 수 없습니다: 'results\\pippinusdt_masked_next_open\\2025-11-18_v3_c1_a1.5_summary.csv' -> 'C:\\Users\\User\\new\\yona_vanguard_futures\\results_backups\\results\\results\\pippinusdt_masked_next_open\\2025-11-18_v3_c1_a1.5_summary.csv'
Unable to extract x64 image. Run Handle from a writeable directory.

# Captured: 2025-12-01T07:00:24.026956
File: results\pippinusdt_masked_next_open\2025-11-18_v3_c1_a1_summary.csv
Note: [WinError 32] 다른 프로세스가 파일을 사용 중이기 때문에 프로세스가 액세스 할 수 없습니다: 'results\\pippinusdt_masked_next_open\\2025-11-18_v3_c1_a1_summary.csv' -> 'C:\\Users\\User\\new\\yona_vanguard_futures\\results_backups\\results\\results\\pippinusdt_masked_next_open\\2025-11-18_v3_c1_a1_summary.csv'
Unable to extract x64 image. Run Handle from a writeable directory.

# Captured: 2025-12-01T07:00:24.040485
File: results\pippinusdt_masked_next_open\2025-11-18_v3_c1_a2_summary.csv
Note: [WinError 32] 다른 프로세스가 파일을 사용 중이기 때문에 프로세스가 액세스 할 수 없습니다: 'results\\pippinusdt_masked_next_open\\2025-11-18_v3_c1_a2_summary.csv' -> 'C:\\Users\\User\\new\\yona_vanguard_futures\\results_backups\\results\\results\\pippinusdt_masked_next_open\\2025-11-18_v3_c1_a2_summary.csv'
Unable to extract x64 image. Run Handle from a writeable directory.

# Captured: 2025-12-01T07:00:24.054498
File: results\pippinusdt_masked_next_open\2025-11-18_v3_c1_a3_summary.csv
Note: [WinError 32] 다른 프로세스가 파일을 사용 중이기 때문에 프로세스가 액세스 할 수 없습니다: 'results\\pippinusdt_masked_next_open\\2025-11-18_v3_c1_a3_summary.csv' -> 'C:\\Users\\User\\new\\yona_vanguard_futures\\results_backups\\results\\results\\pippinusdt_masked_next_open\\2025-11-18_v3_c1_a3_summary.csv'
Unable to extract x64 image. Run Handle from a writeable directory.

# Captured: 2025-12-01T07:00:24.067510
File: results\pippinusdt_masked_next_open\2025-11-18_v4_c0_a1.5_summary.csv
Note: [WinError 32] 다른 프로세스가 파일을 사용 중이기 때문에 프로세스가 액세스 할 수 없습니다: 'results\\pippinusdt_masked_next_open\\2025-11-18_v4_c0_a1.5_summary.csv' -> 'C:\\Users\\User\\new\\yona_vanguard_futures\\results_backups\\results\\results\\pippinusdt_masked_next_open\\2025-11-18_v4_c0_a1.5_summary.csv'
Unable to extract x64 image. Run Handle from a writeable directory.

# Captured: 2025-12-01T07:00:24.081523
File: results\pippinusdt_masked_next_open\2025-11-18_v4_c0_a1_summary.csv
Note: [WinError 32] 다른 프로세스가 파일을 사용 중이기 때문에 프로세스가 액세스 할 수 없습니다: 'results\\pippinusdt_masked_next_open\\2025-11-18_v4_c0_a1_summary.csv' -> 'C:\\Users\\User\\new\\yona_vanguard_futures\\results_backups\\results\\results\\pippinusdt_masked_next_open\\2025-11-18_v4_c0_a1_summary.csv'
Unable to extract x64 image. Run Handle from a writeable directory.

# Captured: 2025-12-01T07:00:24.094535
File: results\pippinusdt_masked_next_open\2025-11-18_v4_c0_a2_summary.csv
Note: [WinError 32] 다른 프로세스가 파일을 사용 중이기 때문에 프로세스가 액세스 할 수 없습니다: 'results\\pippinusdt_masked_next_open\\2025-11-18_v4_c0_a2_summary.csv' -> 'C:\\Users\\User\\new\\yona_vanguard_futures\\results_backups\\results\\results\\pippinusdt_masked_next_open\\2025-11-18_v4_c0_a2_summary.csv'
Unable to extract x64 image. Run Handle from a writeable directory.

# Captured: 2025-12-01T07:00:24.109182
File: results\pippinusdt_masked_next_open\2025-11-18_v4_c0_a3_summary.csv
Note: [WinError 32] 다른 프로세스가 파일을 사용 중이기 때문에 프로세스가 액세스 할 수 없습니다: 'results\\pippinusdt_masked_next_open\\2025-11-18_v4_c0_a3_summary.csv' -> 'C:\\Users\\User\\new\\yona_vanguard_futures\\results_backups\\results\\results\\pippinusdt_masked_next_open\\2025-11-18_v4_c0_a3_summary.csv'
Unable to extract x64 image. Run Handle from a writeable directory.

# Captured: 2025-12-01T07:00:24.123195
File: results\pippinusdt_masked_next_open\2025-11-18_v4_c1_a1.5_summary.csv
Note: [WinError 32] 다른 프로세스가 파일을 사용 중이기 때문에 프로세스가 액세스 할 수 없습니다: 'results\\pippinusdt_masked_next_open\\2025-11-18_v4_c1_a1.5_summary.csv' -> 'C:\\Users\\User\\new\\yona_vanguard_futures\\results_backups\\results\\results\\pippinusdt_masked_next_open\\2025-11-18_v4_c1_a1.5_summary.csv'
Unable to extract x64 image. Run Handle from a writeable directory.

# Captured: 2025-12-01T07:00:24.136208
File: results\pippinusdt_masked_next_open\2025-11-18_v4_c1_a1_summary.csv
Note: [WinError 32] 다른 프로세스가 파일을 사용 중이기 때문에 프로세스가 액세스 할 수 없습니다: 'results\\pippinusdt_masked_next_open\\2025-11-18_v4_c1_a1_summary.csv' -> 'C:\\Users\\User\\new\\yona_vanguard_futures\\results_backups\\results\\results\\pippinusdt_masked_next_open\\2025-11-18_v4_c1_a1_summary.csv'
Unable to extract x64 image. Run Handle from a writeable directory.

# Captured: 2025-12-01T07:00:24.150219
File: results\pippinusdt_masked_next_open\2025-11-18_v4_c1_a2_summary.csv
Note: [WinError 32] 다른 프로세스가 파일을 사용 중이기 때문에 프로세스가 액세스 할 수 없습니다: 'results\\pippinusdt_masked_next_open\\2025-11-18_v4_c1_a2_summary.csv' -> 'C:\\Users\\User\\new\\yona_vanguard_futures\\results_backups\\results\\results\\pippinusdt_masked_next_open\\2025-11-18_v4_c1_a2_summary.csv'
Unable to extract x64 image. Run Handle from a writeable directory.

# Captured: 2025-12-01T07:00:24.164236
File: results\pippinusdt_masked_next_open\2025-11-18_v4_c1_a3_summary.csv
Note: [WinError 32] 다른 프로세스가 파일을 사용 중이기 때문에 프로세스가 액세스 할 수 없습니다: 'results\\pippinusdt_masked_next_open\\2025-11-18_v4_c1_a3_summary.csv' -> 'C:\\Users\\User\\new\\yona_vanguard_futures\\results_backups\\results\\results\\pippinusdt_masked_next_open\\2025-11-18_v4_c1_a3_summary.csv'
Unable to extract x64 image. Run Handle from a writeable directory.

# Captured: 2025-12-01T07:00:24.178050
File: results\pippinusdt_masked_next_open\2025-11-18_v5_c0_a1.5_summary.csv
Note: [WinError 32] 다른 프로세스가 파일을 사용 중이기 때문에 프로세스가 액세스 할 수 없습니다: 'results\\pippinusdt_masked_next_open\\2025-11-18_v5_c0_a1.5_summary.csv' -> 'C:\\Users\\User\\new\\yona_vanguard_futures\\results_backups\\results\\results\\pippinusdt_masked_next_open\\2025-11-18_v5_c0_a1.5_summary.csv'
Unable to extract x64 image. Run Handle from a writeable directory.

# Captured: 2025-12-01T07:00:24.192062
File: results\pippinusdt_masked_next_open\2025-11-18_v5_c0_a1_summary.csv
Note: [WinError 32] 다른 프로세스가 파일을 사용 중이기 때문에 프로세스가 액세스 할 수 없습니다: 'results\\pippinusdt_masked_next_open\\2025-11-18_v5_c0_a1_summary.csv' -> 'C:\\Users\\User\\new\\yona_vanguard_futures\\results_backups\\results\\results\\pippinusdt_masked_next_open\\2025-11-18_v5_c0_a1_summary.csv'
Unable to extract x64 image. Run Handle from a writeable directory.

# Captured: 2025-12-01T07:00:24.205074
File: results\pippinusdt_masked_next_open\2025-11-18_v5_c0_a2_summary.csv
Note: [WinError 32] 다른 프로세스가 파일을 사용 중이기 때문에 프로세스가 액세스 할 수 없습니다: 'results\\pippinusdt_masked_next_open\\2025-11-18_v5_c0_a2_summary.csv' -> 'C:\\Users\\User\\new\\yona_vanguard_futures\\results_backups\\results\\results\\pippinusdt_masked_next_open\\2025-11-18_v5_c0_a2_summary.csv'
Unable to extract x64 image. Run Handle from a writeable directory.

# Captured: 2025-12-01T07:00:24.220088
File: results\pippinusdt_masked_next_open\2025-11-18_v5_c0_a3_summary.csv
Note: [WinError 32] 다른 프로세스가 파일을 사용 중이기 때문에 프로세스가 액세스 할 수 없습니다: 'results\\pippinusdt_masked_next_open\\2025-11-18_v5_c0_a3_summary.csv' -> 'C:\\Users\\User\\new\\yona_vanguard_futures\\results_backups\\results\\results\\pippinusdt_masked_next_open\\2025-11-18_v5_c0_a3_summary.csv'
Unable to extract x64 image. Run Handle from a writeable directory.

# Captured: 2025-12-01T07:00:24.234101
File: results\pippinusdt_masked_next_open\2025-11-18_v5_c1_a1.5_summary.csv
Note: [WinError 32] 다른 프로세스가 파일을 사용 중이기 때문에 프로세스가 액세스 할 수 없습니다: 'results\\pippinusdt_masked_next_open\\2025-11-18_v5_c1_a1.5_summary.csv' -> 'C:\\Users\\User\\new\\yona_vanguard_futures\\results_backups\\results\\results\\pippinusdt_masked_next_open\\2025-11-18_v5_c1_a1.5_summary.csv'
Unable to extract x64 image. Run Handle from a writeable directory.

# Captured: 2025-12-01T07:00:24.248113
File: results\pippinusdt_masked_next_open\2025-11-18_v5_c1_a1_summary.csv
Note: [WinError 32] 다른 프로세스가 파일을 사용 중이기 때문에 프로세스가 액세스 할 수 없습니다: 'results\\pippinusdt_masked_next_open\\2025-11-18_v5_c1_a1_summary.csv' -> 'C:\\Users\\User\\new\\yona_vanguard_futures\\results_backups\\results\\results\\pippinusdt_masked_next_open\\2025-11-18_v5_c1_a1_summary.csv'
Unable to extract x64 image. Run Handle from a writeable directory.

# Captured: 2025-12-01T07:00:24.261867
File: results\pippinusdt_masked_next_open\2025-11-18_v5_c1_a2_summary.csv
Note: [WinError 32] 다른 프로세스가 파일을 사용 중이기 때문에 프로세스가 액세스 할 수 없습니다: 'results\\pippinusdt_masked_next_open\\2025-11-18_v5_c1_a2_summary.csv' -> 'C:\\Users\\User\\new\\yona_vanguard_futures\\results_backups\\results\\results\\pippinusdt_masked_next_open\\2025-11-18_v5_c1_a2_summary.csv'
Unable to extract x64 image. Run Handle from a writeable directory.

# Captured: 2025-12-01T07:00:24.275880
File: results\pippinusdt_masked_next_open\2025-11-18_v5_c1_a3_summary.csv
Note: [WinError 32] 다른 프로세스가 파일을 사용 중이기 때문에 프로세스가 액세스 할 수 없습니다: 'results\\pippinusdt_masked_next_open\\2025-11-18_v5_c1_a3_summary.csv' -> 'C:\\Users\\User\\new\\yona_vanguard_futures\\results_backups\\results\\results\\pippinusdt_masked_next_open\\2025-11-18_v5_c1_a3_summary.csv'
Unable to extract x64 image. Run Handle from a writeable directory.

# Captured: 2025-12-01T07:00:24.290894
File: results\pippinusdt_masked_next_open\2025-11-19_v1.5_c0_a1.5_summary.csv
Note: [WinError 32] 다른 프로세스가 파일을 사용 중이기 때문에 프로세스가 액세스 할 수 없습니다: 'results\\pippinusdt_masked_next_open\\2025-11-19_v1.5_c0_a1.5_summary.csv' -> 'C:\\Users\\User\\new\\yona_vanguard_futures\\results_backups\\results\\results\\pippinusdt_masked_next_open\\2025-11-19_v1.5_c0_a1.5_summary.csv'
Unable to extract x64 image. Run Handle from a writeable directory.

# Captured: 2025-12-01T07:00:24.303906
File: results\pippinusdt_masked_next_open\2025-11-19_v1.5_c0_a1_summary.csv
Note: [WinError 32] 다른 프로세스가 파일을 사용 중이기 때문에 프로세스가 액세스 할 수 없습니다: 'results\\pippinusdt_masked_next_open\\2025-11-19_v1.5_c0_a1_summary.csv' -> 'C:\\Users\\User\\new\\yona_vanguard_futures\\results_backups\\results\\results\\pippinusdt_masked_next_open\\2025-11-19_v1.5_c0_a1_summary.csv'
Unable to extract x64 image. Run Handle from a writeable directory.

# Captured: 2025-12-01T07:00:24.316917
File: results\pippinusdt_masked_next_open\2025-11-19_v1.5_c0_a2_summary.csv
Note: [WinError 32] 다른 프로세스가 파일을 사용 중이기 때문에 프로세스가 액세스 할 수 없습니다: 'results\\pippinusdt_masked_next_open\\2025-11-19_v1.5_c0_a2_summary.csv' -> 'C:\\Users\\User\\new\\yona_vanguard_futures\\results_backups\\results\\results\\pippinusdt_masked_next_open\\2025-11-19_v1.5_c0_a2_summary.csv'
Unable to extract x64 image. Run Handle from a writeable directory.

# Captured: 2025-12-01T07:00:24.330930
File: results\pippinusdt_masked_next_open\2025-11-19_v1.5_c0_a3_summary.csv
Note: [WinError 32] 다른 프로세스가 파일을 사용 중이기 때문에 프로세스가 액세스 할 수 없습니다: 'results\\pippinusdt_masked_next_open\\2025-11-19_v1.5_c0_a3_summary.csv' -> 'C:\\Users\\User\\new\\yona_vanguard_futures\\results_backups\\results\\results\\pippinusdt_masked_next_open\\2025-11-19_v1.5_c0_a3_summary.csv'
Unable to extract x64 image. Run Handle from a writeable directory.

# Captured: 2025-12-01T07:00:24.343942
File: results\pippinusdt_masked_next_open\2025-11-19_v1.5_c1_a1.5_summary.csv
Note: [WinError 32] 다른 프로세스가 파일을 사용 중이기 때문에 프로세스가 액세스 할 수 없습니다: 'results\\pippinusdt_masked_next_open\\2025-11-19_v1.5_c1_a1.5_summary.csv' -> 'C:\\Users\\User\\new\\yona_vanguard_futures\\results_backups\\results\\results\\pippinusdt_masked_next_open\\2025-11-19_v1.5_c1_a1.5_summary.csv'
Unable to extract x64 image. Run Handle from a writeable directory.

# Captured: 2025-12-01T07:00:24.357955
File: results\pippinusdt_masked_next_open\2025-11-19_v1.5_c1_a1_summary.csv
Note: [WinError 32] 다른 프로세스가 파일을 사용 중이기 때문에 프로세스가 액세스 할 수 없습니다: 'results\\pippinusdt_masked_next_open\\2025-11-19_v1.5_c1_a1_summary.csv' -> 'C:\\Users\\User\\new\\yona_vanguard_futures\\results_backups\\results\\results\\pippinusdt_masked_next_open\\2025-11-19_v1.5_c1_a1_summary.csv'
Unable to extract x64 image. Run Handle from a writeable directory.

# Captured: 2025-12-01T07:00:24.371967
File: results\pippinusdt_masked_next_open\2025-11-19_v1.5_c1_a2_summary.csv
Note: [WinError 32] 다른 프로세스가 파일을 사용 중이기 때문에 프로세스가 액세스 할 수 없습니다: 'results\\pippinusdt_masked_next_open\\2025-11-19_v1.5_c1_a2_summary.csv' -> 'C:\\Users\\User\\new\\yona_vanguard_futures\\results_backups\\results\\results\\pippinusdt_masked_next_open\\2025-11-19_v1.5_c1_a2_summary.csv'
Unable to extract x64 image. Run Handle from a writeable directory.

# Captured: 2025-12-01T07:00:24.385276
File: results\pippinusdt_masked_next_open\2025-11-19_v1.5_c1_a3_summary.csv
Note: [WinError 32] 다른 프로세스가 파일을 사용 중이기 때문에 프로세스가 액세스 할 수 없습니다: 'results\\pippinusdt_masked_next_open\\2025-11-19_v1.5_c1_a3_summary.csv' -> 'C:\\Users\\User\\new\\yona_vanguard_futures\\results_backups\\results\\results\\pippinusdt_masked_next_open\\2025-11-19_v1.5_c1_a3_summary.csv'
Unable to extract x64 image. Run Handle from a writeable directory.

# Captured: 2025-12-01T07:00:24.399289
File: results\pippinusdt_masked_next_open\2025-11-19_v2_c0_a1.5_summary.csv
Note: [WinError 32] 다른 프로세스가 파일을 사용 중이기 때문에 프로세스가 액세스 할 수 없습니다: 'results\\pippinusdt_masked_next_open\\2025-11-19_v2_c0_a1.5_summary.csv' -> 'C:\\Users\\User\\new\\yona_vanguard_futures\\results_backups\\results\\results\\pippinusdt_masked_next_open\\2025-11-19_v2_c0_a1.5_summary.csv'
Unable to extract x64 image. Run Handle from a writeable directory.

# Captured: 2025-12-01T07:00:24.412301
File: results\pippinusdt_masked_next_open\2025-11-19_v2_c0_a1_summary.csv
Note: [WinError 32] 다른 프로세스가 파일을 사용 중이기 때문에 프로세스가 액세스 할 수 없습니다: 'results\\pippinusdt_masked_next_open\\2025-11-19_v2_c0_a1_summary.csv' -> 'C:\\Users\\User\\new\\yona_vanguard_futures\\results_backups\\results\\results\\pippinusdt_masked_next_open\\2025-11-19_v2_c0_a1_summary.csv'
Unable to extract x64 image. Run Handle from a writeable directory.

# Captured: 2025-12-01T07:00:24.425312
File: results\pippinusdt_masked_next_open\2025-11-19_v2_c0_a2_summary.csv
Note: [WinError 32] 다른 프로세스가 파일을 사용 중이기 때문에 프로세스가 액세스 할 수 없습니다: 'results\\pippinusdt_masked_next_open\\2025-11-19_v2_c0_a2_summary.csv' -> 'C:\\Users\\User\\new\\yona_vanguard_futures\\results_backups\\results\\results\\pippinusdt_masked_next_open\\2025-11-19_v2_c0_a2_summary.csv'
Unable to extract x64 image. Run Handle from a writeable directory.

# Captured: 2025-12-01T07:00:24.439325
File: results\pippinusdt_masked_next_open\2025-11-19_v2_c0_a3_summary.csv
Note: [WinError 32] 다른 프로세스가 파일을 사용 중이기 때문에 프로세스가 액세스 할 수 없습니다: 'results\\pippinusdt_masked_next_open\\2025-11-19_v2_c0_a3_summary.csv' -> 'C:\\Users\\User\\new\\yona_vanguard_futures\\results_backups\\results\\results\\pippinusdt_masked_next_open\\2025-11-19_v2_c0_a3_summary.csv'
Unable to extract x64 image. Run Handle from a writeable directory.

# Captured: 2025-12-01T07:00:24.452337
File: results\pippinusdt_masked_next_open\2025-11-19_v2_c1_a1.5_summary.csv
Note: [WinError 32] 다른 프로세스가 파일을 사용 중이기 때문에 프로세스가 액세스 할 수 없습니다: 'results\\pippinusdt_masked_next_open\\2025-11-19_v2_c1_a1.5_summary.csv' -> 'C:\\Users\\User\\new\\yona_vanguard_futures\\results_backups\\results\\results\\pippinusdt_masked_next_open\\2025-11-19_v2_c1_a1.5_summary.csv'
Unable to extract x64 image. Run Handle from a writeable directory.

# Captured: 2025-12-01T07:00:24.466277
File: results\pippinusdt_masked_next_open\2025-11-19_v2_c1_a1_summary.csv
Note: [WinError 32] 다른 프로세스가 파일을 사용 중이기 때문에 프로세스가 액세스 할 수 없습니다: 'results\\pippinusdt_masked_next_open\\2025-11-19_v2_c1_a1_summary.csv' -> 'C:\\Users\\User\\new\\yona_vanguard_futures\\results_backups\\results\\results\\pippinusdt_masked_next_open\\2025-11-19_v2_c1_a1_summary.csv'
Unable to extract x64 image. Run Handle from a writeable directory.

# Captured: 2025-12-01T07:00:24.479288
File: results\pippinusdt_masked_next_open\2025-11-19_v2_c1_a2_summary.csv
Note: [WinError 32] 다른 프로세스가 파일을 사용 중이기 때문에 프로세스가 액세스 할 수 없습니다: 'results\\pippinusdt_masked_next_open\\2025-11-19_v2_c1_a2_summary.csv' -> 'C:\\Users\\User\\new\\yona_vanguard_futures\\results_backups\\results\\results\\pippinusdt_masked_next_open\\2025-11-19_v2_c1_a2_summary.csv'
Unable to extract x64 image. Run Handle from a writeable directory.

# Captured: 2025-12-01T07:00:24.493301
File: results\pippinusdt_masked_next_open\2025-11-19_v2_c1_a3_summary.csv
Note: [WinError 32] 다른 프로세스가 파일을 사용 중이기 때문에 프로세스가 액세스 할 수 없습니다: 'results\\pippinusdt_masked_next_open\\2025-11-19_v2_c1_a3_summary.csv' -> 'C:\\Users\\User\\new\\yona_vanguard_futures\\results_backups\\results\\results\\pippinusdt_masked_next_open\\2025-11-19_v2_c1_a3_summary.csv'
Unable to extract x64 image. Run Handle from a writeable directory.

# Captured: 2025-12-01T07:00:24.506457
File: results\pippinusdt_masked_next_open\2025-11-19_v3_c0_a1.5_summary.csv
Note: [WinError 32] 다른 프로세스가 파일을 사용 중이기 때문에 프로세스가 액세스 할 수 없습니다: 'results\\pippinusdt_masked_next_open\\2025-11-19_v3_c0_a1.5_summary.csv' -> 'C:\\Users\\User\\new\\yona_vanguard_futures\\results_backups\\results\\results\\pippinusdt_masked_next_open\\2025-11-19_v3_c0_a1.5_summary.csv'
Unable to extract x64 image. Run Handle from a writeable directory.

# Captured: 2025-12-01T07:00:24.520464
File: results\pippinusdt_masked_next_open\2025-11-19_v3_c0_a1_summary.csv
Note: [WinError 32] 다른 프로세스가 파일을 사용 중이기 때문에 프로세스가 액세스 할 수 없습니다: 'results\\pippinusdt_masked_next_open\\2025-11-19_v3_c0_a1_summary.csv' -> 'C:\\Users\\User\\new\\yona_vanguard_futures\\results_backups\\results\\results\\pippinusdt_masked_next_open\\2025-11-19_v3_c0_a1_summary.csv'
Unable to extract x64 image. Run Handle from a writeable directory.

# Captured: 2025-12-01T07:00:24.534338
File: results\pippinusdt_masked_next_open\2025-11-19_v3_c0_a2_summary.csv
Note: [WinError 32] 다른 프로세스가 파일을 사용 중이기 때문에 프로세스가 액세스 할 수 없습니다: 'results\\pippinusdt_masked_next_open\\2025-11-19_v3_c0_a2_summary.csv' -> 'C:\\Users\\User\\new\\yona_vanguard_futures\\results_backups\\results\\results\\pippinusdt_masked_next_open\\2025-11-19_v3_c0_a2_summary.csv'
Unable to extract x64 image. Run Handle from a writeable directory.

# Captured: 2025-12-01T07:00:24.547350
File: results\pippinusdt_masked_next_open\2025-11-19_v3_c0_a3_summary.csv
Note: [WinError 32] 다른 프로세스가 파일을 사용 중이기 때문에 프로세스가 액세스 할 수 없습니다: 'results\\pippinusdt_masked_next_open\\2025-11-19_v3_c0_a3_summary.csv' -> 'C:\\Users\\User\\new\\yona_vanguard_futures\\results_backups\\results\\results\\pippinusdt_masked_next_open\\2025-11-19_v3_c0_a3_summary.csv'
Unable to extract x64 image. Run Handle from a writeable directory.

# Captured: 2025-12-01T07:00:24.560362
File: results\pippinusdt_masked_next_open\2025-11-19_v3_c1_a1.5_summary.csv
Note: [WinError 32] 다른 프로세스가 파일을 사용 중이기 때문에 프로세스가 액세스 할 수 없습니다: 'results\\pippinusdt_masked_next_open\\2025-11-19_v3_c1_a1.5_summary.csv' -> 'C:\\Users\\User\\new\\yona_vanguard_futures\\results_backups\\results\\results\\pippinusdt_masked_next_open\\2025-11-19_v3_c1_a1.5_summary.csv'
Unable to extract x64 image. Run Handle from a writeable directory.

# Captured: 2025-12-01T07:00:24.574374
File: results\pippinusdt_masked_next_open\2025-11-19_v3_c1_a1_summary.csv
Note: [WinError 32] 다른 프로세스가 파일을 사용 중이기 때문에 프로세스가 액세스 할 수 없습니다: 'results\\pippinusdt_masked_next_open\\2025-11-19_v3_c1_a1_summary.csv' -> 'C:\\Users\\User\\new\\yona_vanguard_futures\\results_backups\\results\\results\\pippinusdt_masked_next_open\\2025-11-19_v3_c1_a1_summary.csv'
Unable to extract x64 image. Run Handle from a writeable directory.

# Captured: 2025-12-01T07:00:24.588387
File: results\pippinusdt_masked_next_open\2025-11-19_v3_c1_a2_summary.csv
Note: [WinError 32] 다른 프로세스가 파일을 사용 중이기 때문에 프로세스가 액세스 할 수 없습니다: 'results\\pippinusdt_masked_next_open\\2025-11-19_v3_c1_a2_summary.csv' -> 'C:\\Users\\User\\new\\yona_vanguard_futures\\results_backups\\results\\results\\pippinusdt_masked_next_open\\2025-11-19_v3_c1_a2_summary.csv'
Unable to extract x64 image. Run Handle from a writeable directory.

# Captured: 2025-12-01T07:00:24.601399
File: results\pippinusdt_masked_next_open\2025-11-19_v3_c1_a3_summary.csv
Note: [WinError 32] 다른 프로세스가 파일을 사용 중이기 때문에 프로세스가 액세스 할 수 없습니다: 'results\\pippinusdt_masked_next_open\\2025-11-19_v3_c1_a3_summary.csv' -> 'C:\\Users\\User\\new\\yona_vanguard_futures\\results_backups\\results\\results\\pippinusdt_masked_next_open\\2025-11-19_v3_c1_a3_summary.csv'
Unable to extract x64 image. Run Handle from a writeable directory.

# Captured: 2025-12-01T07:00:24.615412
File: results\pippinusdt_masked_next_open\2025-11-19_v4_c0_a1.5_summary.csv
Note: [WinError 32] 다른 프로세스가 파일을 사용 중이기 때문에 프로세스가 액세스 할 수 없습니다: 'results\\pippinusdt_masked_next_open\\2025-11-19_v4_c0_a1.5_summary.csv' -> 'C:\\Users\\User\\new\\yona_vanguard_futures\\results_backups\\results\\results\\pippinusdt_masked_next_open\\2025-11-19_v4_c0_a1.5_summary.csv'
Unable to extract x64 image. Run Handle from a writeable directory.

# Captured: 2025-12-01T07:00:24.629425
File: results\pippinusdt_masked_next_open\2025-11-19_v4_c0_a1_summary.csv
Note: [WinError 32] 다른 프로세스가 파일을 사용 중이기 때문에 프로세스가 액세스 할 수 없습니다: 'results\\pippinusdt_masked_next_open\\2025-11-19_v4_c0_a1_summary.csv' -> 'C:\\Users\\User\\new\\yona_vanguard_futures\\results_backups\\results\\results\\pippinusdt_masked_next_open\\2025-11-19_v4_c0_a1_summary.csv'
Unable to extract x64 image. Run Handle from a writeable directory.

# Captured: 2025-12-01T07:00:24.643437
File: results\pippinusdt_masked_next_open\2025-11-19_v4_c0_a2_summary.csv
Note: [WinError 32] 다른 프로세스가 파일을 사용 중이기 때문에 프로세스가 액세스 할 수 없습니다: 'results\\pippinusdt_masked_next_open\\2025-11-19_v4_c0_a2_summary.csv' -> 'C:\\Users\\User\\new\\yona_vanguard_futures\\results_backups\\results\\results\\pippinusdt_masked_next_open\\2025-11-19_v4_c0_a2_summary.csv'
Unable to extract x64 image. Run Handle from a writeable directory.

# Captured: 2025-12-01T07:00:24.657450
File: results\pippinusdt_masked_next_open\2025-11-19_v4_c0_a3_summary.csv
Note: [WinError 32] 다른 프로세스가 파일을 사용 중이기 때문에 프로세스가 액세스 할 수 없습니다: 'results\\pippinusdt_masked_next_open\\2025-11-19_v4_c0_a3_summary.csv' -> 'C:\\Users\\User\\new\\yona_vanguard_futures\\results_backups\\results\\results\\pippinusdt_masked_next_open\\2025-11-19_v4_c0_a3_summary.csv'
Unable to extract x64 image. Run Handle from a writeable directory.

# Captured: 2025-12-01T07:00:24.670462
File: results\pippinusdt_masked_next_open\2025-11-19_v4_c1_a1.5_summary.csv
Note: [WinError 32] 다른 프로세스가 파일을 사용 중이기 때문에 프로세스가 액세스 할 수 없습니다: 'results\\pippinusdt_masked_next_open\\2025-11-19_v4_c1_a1.5_summary.csv' -> 'C:\\Users\\User\\new\\yona_vanguard_futures\\results_backups\\results\\results\\pippinusdt_masked_next_open\\2025-11-19_v4_c1_a1.5_summary.csv'
Unable to extract x64 image. Run Handle from a writeable directory.

# Captured: 2025-12-01T07:00:24.684475
File: results\pippinusdt_masked_next_open\2025-11-19_v4_c1_a1_summary.csv
Note: [WinError 32] 다른 프로세스가 파일을 사용 중이기 때문에 프로세스가 액세스 할 수 없습니다: 'results\\pippinusdt_masked_next_open\\2025-11-19_v4_c1_a1_summary.csv' -> 'C:\\Users\\User\\new\\yona_vanguard_futures\\results_backups\\results\\results\\pippinusdt_masked_next_open\\2025-11-19_v4_c1_a1_summary.csv'
Unable to extract x64 image. Run Handle from a writeable directory.

# Captured: 2025-12-01T07:00:24.698488
File: results\pippinusdt_masked_next_open\2025-11-19_v4_c1_a2_summary.csv
Note: [WinError 32] 다른 프로세스가 파일을 사용 중이기 때문에 프로세스가 액세스 할 수 없습니다: 'results\\pippinusdt_masked_next_open\\2025-11-19_v4_c1_a2_summary.csv' -> 'C:\\Users\\User\\new\\yona_vanguard_futures\\results_backups\\results\\results\\pippinusdt_masked_next_open\\2025-11-19_v4_c1_a2_summary.csv'
Unable to extract x64 image. Run Handle from a writeable directory.

# Captured: 2025-12-01T07:00:24.712500
File: results\pippinusdt_masked_next_open\2025-11-19_v4_c1_a3_summary.csv
Note: [WinError 32] 다른 프로세스가 파일을 사용 중이기 때문에 프로세스가 액세스 할 수 없습니다: 'results\\pippinusdt_masked_next_open\\2025-11-19_v4_c1_a3_summary.csv' -> 'C:\\Users\\User\\new\\yona_vanguard_futures\\results_backups\\results\\results\\pippinusdt_masked_next_open\\2025-11-19_v4_c1_a3_summary.csv'
Unable to extract x64 image. Run Handle from a writeable directory.

# Captured: 2025-12-01T07:00:24.726513
File: results\pippinusdt_masked_next_open\2025-11-19_v5_c0_a1.5_summary.csv
Note: [WinError 32] 다른 프로세스가 파일을 사용 중이기 때문에 프로세스가 액세스 할 수 없습니다: 'results\\pippinusdt_masked_next_open\\2025-11-19_v5_c0_a1.5_summary.csv' -> 'C:\\Users\\User\\new\\yona_vanguard_futures\\results_backups\\results\\results\\pippinusdt_masked_next_open\\2025-11-19_v5_c0_a1.5_summary.csv'
Unable to extract x64 image. Run Handle from a writeable directory.

# Captured: 2025-12-01T07:00:24.744336
File: results\pippinusdt_masked_next_open\2025-11-19_v5_c0_a1_summary.csv
Note: [WinError 32] 다른 프로세스가 파일을 사용 중이기 때문에 프로세스가 액세스 할 수 없습니다: 'results\\pippinusdt_masked_next_open\\2025-11-19_v5_c0_a1_summary.csv' -> 'C:\\Users\\User\\new\\yona_vanguard_futures\\results_backups\\results\\results\\pippinusdt_masked_next_open\\2025-11-19_v5_c0_a1_summary.csv'
Unable to extract x64 image. Run Handle from a writeable directory.

# Captured: 2025-12-01T07:00:24.758906
File: results\pippinusdt_masked_next_open\2025-11-19_v5_c0_a2_summary.csv
Note: [WinError 32] 다른 프로세스가 파일을 사용 중이기 때문에 프로세스가 액세스 할 수 없습니다: 'results\\pippinusdt_masked_next_open\\2025-11-19_v5_c0_a2_summary.csv' -> 'C:\\Users\\User\\new\\yona_vanguard_futures\\results_backups\\results\\results\\pippinusdt_masked_next_open\\2025-11-19_v5_c0_a2_summary.csv'
Unable to extract x64 image. Run Handle from a writeable directory.

# Captured: 2025-12-01T07:00:24.774475
File: results\pippinusdt_masked_next_open\2025-11-19_v5_c0_a3_summary.csv
Note: [WinError 32] 다른 프로세스가 파일을 사용 중이기 때문에 프로세스가 액세스 할 수 없습니다: 'results\\pippinusdt_masked_next_open\\2025-11-19_v5_c0_a3_summary.csv' -> 'C:\\Users\\User\\new\\yona_vanguard_futures\\results_backups\\results\\results\\pippinusdt_masked_next_open\\2025-11-19_v5_c0_a3_summary.csv'
Unable to extract x64 image. Run Handle from a writeable directory.

# Captured: 2025-12-01T07:00:24.788483
File: results\pippinusdt_masked_next_open\2025-11-19_v5_c1_a1.5_summary.csv
Note: [WinError 32] 다른 프로세스가 파일을 사용 중이기 때문에 프로세스가 액세스 할 수 없습니다: 'results\\pippinusdt_masked_next_open\\2025-11-19_v5_c1_a1.5_summary.csv' -> 'C:\\Users\\User\\new\\yona_vanguard_futures\\results_backups\\results\\results\\pippinusdt_masked_next_open\\2025-11-19_v5_c1_a1.5_summary.csv'
Unable to extract x64 image. Run Handle from a writeable directory.

# Captured: 2025-12-01T07:00:24.802496
File: results\pippinusdt_masked_next_open\2025-11-19_v5_c1_a1_summary.csv
Note: [WinError 32] 다른 프로세스가 파일을 사용 중이기 때문에 프로세스가 액세스 할 수 없습니다: 'results\\pippinusdt_masked_next_open\\2025-11-19_v5_c1_a1_summary.csv' -> 'C:\\Users\\User\\new\\yona_vanguard_futures\\results_backups\\results\\results\\pippinusdt_masked_next_open\\2025-11-19_v5_c1_a1_summary.csv'
Unable to extract x64 image. Run Handle from a writeable directory.

# Captured: 2025-12-01T07:00:24.816509
File: results\pippinusdt_masked_next_open\2025-11-19_v5_c1_a2_summary.csv
Note: [WinError 32] 다른 프로세스가 파일을 사용 중이기 때문에 프로세스가 액세스 할 수 없습니다: 'results\\pippinusdt_masked_next_open\\2025-11-19_v5_c1_a2_summary.csv' -> 'C:\\Users\\User\\new\\yona_vanguard_futures\\results_backups\\results\\results\\pippinusdt_masked_next_open\\2025-11-19_v5_c1_a2_summary.csv'
Unable to extract x64 image. Run Handle from a writeable directory.

# Captured: 2025-12-01T07:00:24.829484
File: results\pippinusdt_masked_next_open\2025-11-19_v5_c1_a3_summary.csv
Note: [WinError 32] 다른 프로세스가 파일을 사용 중이기 때문에 프로세스가 액세스 할 수 없습니다: 'results\\pippinusdt_masked_next_open\\2025-11-19_v5_c1_a3_summary.csv' -> 'C:\\Users\\User\\new\\yona_vanguard_futures\\results_backups\\results\\results\\pippinusdt_masked_next_open\\2025-11-19_v5_c1_a3_summary.csv'
Unable to extract x64 image. Run Handle from a writeable directory.

# Captured: 2025-12-01T07:00:24.844014
File: results\pippinusdt_masked_next_open\2025-11-20_v1.5_c0_a1.5_summary.csv
Note: [WinError 32] 다른 프로세스가 파일을 사용 중이기 때문에 프로세스가 액세스 할 수 없습니다: 'results\\pippinusdt_masked_next_open\\2025-11-20_v1.5_c0_a1.5_summary.csv' -> 'C:\\Users\\User\\new\\yona_vanguard_futures\\results_backups\\results\\results\\pippinusdt_masked_next_open\\2025-11-20_v1.5_c0_a1.5_summary.csv'
Unable to extract x64 image. Run Handle from a writeable directory.

# Captured: 2025-12-01T07:00:24.857020
File: results\pippinusdt_masked_next_open\2025-11-20_v1.5_c0_a1_summary.csv
Note: [WinError 32] 다른 프로세스가 파일을 사용 중이기 때문에 프로세스가 액세스 할 수 없습니다: 'results\\pippinusdt_masked_next_open\\2025-11-20_v1.5_c0_a1_summary.csv' -> 'C:\\Users\\User\\new\\yona_vanguard_futures\\results_backups\\results\\results\\pippinusdt_masked_next_open\\2025-11-20_v1.5_c0_a1_summary.csv'
Unable to extract x64 image. Run Handle from a writeable directory.

# Captured: 2025-12-01T07:00:24.871033
File: results\pippinusdt_masked_next_open\2025-11-20_v1.5_c0_a2_summary.csv
Note: [WinError 32] 다른 프로세스가 파일을 사용 중이기 때문에 프로세스가 액세스 할 수 없습니다: 'results\\pippinusdt_masked_next_open\\2025-11-20_v1.5_c0_a2_summary.csv' -> 'C:\\Users\\User\\new\\yona_vanguard_futures\\results_backups\\results\\results\\pippinusdt_masked_next_open\\2025-11-20_v1.5_c0_a2_summary.csv'
Unable to extract x64 image. Run Handle from a writeable directory.

# Captured: 2025-12-01T07:00:24.885046
File: results\pippinusdt_masked_next_open\2025-11-20_v1.5_c0_a3_summary.csv
Note: [WinError 32] 다른 프로세스가 파일을 사용 중이기 때문에 프로세스가 액세스 할 수 없습니다: 'results\\pippinusdt_masked_next_open\\2025-11-20_v1.5_c0_a3_summary.csv' -> 'C:\\Users\\User\\new\\yona_vanguard_futures\\results_backups\\results\\results\\pippinusdt_masked_next_open\\2025-11-20_v1.5_c0_a3_summary.csv'
Unable to extract x64 image. Run Handle from a writeable directory.

# Captured: 2025-12-01T07:00:24.899059
File: results\pippinusdt_masked_next_open\2025-11-20_v1.5_c1_a1.5_summary.csv
Note: [WinError 32] 다른 프로세스가 파일을 사용 중이기 때문에 프로세스가 액세스 할 수 없습니다: 'results\\pippinusdt_masked_next_open\\2025-11-20_v1.5_c1_a1.5_summary.csv' -> 'C:\\Users\\User\\new\\yona_vanguard_futures\\results_backups\\results\\results\\pippinusdt_masked_next_open\\2025-11-20_v1.5_c1_a1.5_summary.csv'
Unable to extract x64 image. Run Handle from a writeable directory.

# Captured: 2025-12-01T07:00:24.913071
File: results\pippinusdt_masked_next_open\2025-11-20_v1.5_c1_a1_summary.csv
Note: [WinError 32] 다른 프로세스가 파일을 사용 중이기 때문에 프로세스가 액세스 할 수 없습니다: 'results\\pippinusdt_masked_next_open\\2025-11-20_v1.5_c1_a1_summary.csv' -> 'C:\\Users\\User\\new\\yona_vanguard_futures\\results_backups\\results\\results\\pippinusdt_masked_next_open\\2025-11-20_v1.5_c1_a1_summary.csv'
Unable to extract x64 image. Run Handle from a writeable directory.

# Captured: 2025-12-01T07:00:24.926083
File: results\pippinusdt_masked_next_open\2025-11-20_v1.5_c1_a2_summary.csv
Note: [WinError 32] 다른 프로세스가 파일을 사용 중이기 때문에 프로세스가 액세스 할 수 없습니다: 'results\\pippinusdt_masked_next_open\\2025-11-20_v1.5_c1_a2_summary.csv' -> 'C:\\Users\\User\\new\\yona_vanguard_futures\\results_backups\\results\\results\\pippinusdt_masked_next_open\\2025-11-20_v1.5_c1_a2_summary.csv'
Unable to extract x64 image. Run Handle from a writeable directory.

# Captured: 2025-12-01T07:00:24.940096
File: results\pippinusdt_masked_next_open\2025-11-20_v1.5_c1_a3_summary.csv
Note: [WinError 32] 다른 프로세스가 파일을 사용 중이기 때문에 프로세스가 액세스 할 수 없습니다: 'results\\pippinusdt_masked_next_open\\2025-11-20_v1.5_c1_a3_summary.csv' -> 'C:\\Users\\User\\new\\yona_vanguard_futures\\results_backups\\results\\results\\pippinusdt_masked_next_open\\2025-11-20_v1.5_c1_a3_summary.csv'
Unable to extract x64 image. Run Handle from a writeable directory.

# Captured: 2025-12-01T07:00:24.953109
File: results\pippinusdt_masked_next_open\2025-11-20_v2_c0_a1.5_summary.csv
Note: [WinError 32] 다른 프로세스가 파일을 사용 중이기 때문에 프로세스가 액세스 할 수 없습니다: 'results\\pippinusdt_masked_next_open\\2025-11-20_v2_c0_a1.5_summary.csv' -> 'C:\\Users\\User\\new\\yona_vanguard_futures\\results_backups\\results\\results\\pippinusdt_masked_next_open\\2025-11-20_v2_c0_a1.5_summary.csv'
Unable to extract x64 image. Run Handle from a writeable directory.

# Captured: 2025-12-01T07:00:24.966629
File: results\pippinusdt_masked_next_open\2025-11-20_v2_c0_a1_summary.csv
Note: [WinError 32] 다른 프로세스가 파일을 사용 중이기 때문에 프로세스가 액세스 할 수 없습니다: 'results\\pippinusdt_masked_next_open\\2025-11-20_v2_c0_a1_summary.csv' -> 'C:\\Users\\User\\new\\yona_vanguard_futures\\results_backups\\results\\results\\pippinusdt_masked_next_open\\2025-11-20_v2_c0_a1_summary.csv'
Unable to extract x64 image. Run Handle from a writeable directory.

# Captured: 2025-12-01T07:00:24.980642
File: results\pippinusdt_masked_next_open\2025-11-20_v2_c0_a2_summary.csv
Note: [WinError 32] 다른 프로세스가 파일을 사용 중이기 때문에 프로세스가 액세스 할 수 없습니다: 'results\\pippinusdt_masked_next_open\\2025-11-20_v2_c0_a2_summary.csv' -> 'C:\\Users\\User\\new\\yona_vanguard_futures\\results_backups\\results\\results\\pippinusdt_masked_next_open\\2025-11-20_v2_c0_a2_summary.csv'
Unable to extract x64 image. Run Handle from a writeable directory.

# Captured: 2025-12-01T07:00:24.994655
File: results\pippinusdt_masked_next_open\2025-11-20_v2_c0_a3_summary.csv
Note: [WinError 32] 다른 프로세스가 파일을 사용 중이기 때문에 프로세스가 액세스 할 수 없습니다: 'results\\pippinusdt_masked_next_open\\2025-11-20_v2_c0_a3_summary.csv' -> 'C:\\Users\\User\\new\\yona_vanguard_futures\\results_backups\\results\\results\\pippinusdt_masked_next_open\\2025-11-20_v2_c0_a3_summary.csv'
Unable to extract x64 image. Run Handle from a writeable directory.

