# Captured: 2025-12-01T10:17:23.010516
File: results\pippinusdt_masked_next_open\2025-11-24_v2_c1_a1.5_summary.csv
Note: [WinError 32] 다른 프로세스가 파일을 사용 중이기 때문에 프로세스가 액세스 할 수 없습니다: 'results\\pippinusdt_masked_next_open\\2025-11-24_v2_c1_a1.5_summary.csv' -> 'C:\\Users\\User\\new\\yona_vanguard_futures\\results_backups\\results\\results\\pippinusdt_masked_next_open\\2025-11-24_v2_c1_a1.5_summary.csv'
Unable to extract x64 image. Run Handle from a writeable directory.

Unable to extract x64 image. Run Handle from a writeable directory.

Unable to extract x64 image. Run Handle from a writeable directory.

# Captured: 2025-12-01T10:17:23.047254
File: results\pippinusdt_masked_next_open\2025-11-24_v2_c1_a1_summary.csv
Note: [WinError 32] 다른 프로세스가 파일을 사용 중이기 때문에 프로세스가 액세스 할 수 없습니다: 'results\\pippinusdt_masked_next_open\\2025-11-24_v2_c1_a1_summary.csv' -> 'C:\\Users\\User\\new\\yona_vanguard_futures\\results_backups\\results\\results\\pippinusdt_masked_next_open\\2025-11-24_v2_c1_a1_summary.csv'
Unable to extract x64 image. Run Handle from a writeable directory.

Unable to extract x64 image. Run Handle from a writeable directory.

Unable to extract x64 image. Run Handle from a writeable directory.

# Captured: 2025-12-01T10:17:23.083248
File: results\pippinusdt_masked_next_open\2025-11-24_v2_c1_a2_summary.csv
Note: [WinError 32] 다른 프로세스가 파일을 사용 중이기 때문에 프로세스가 액세스 할 수 없습니다: 'results\\pippinusdt_masked_next_open\\2025-11-24_v2_c1_a2_summary.csv' -> 'C:\\Users\\User\\new\\yona_vanguard_futures\\results_backups\\results\\results\\pippinusdt_masked_next_open\\2025-11-24_v2_c1_a2_summary.csv'
Unable to extract x64 image. Run Handle from a writeable directory.

Unable to extract x64 image. Run Handle from a writeable directory.

Unable to extract x64 image. Run Handle from a writeable directory.

# Captured: 2025-12-01T10:17:23.119280
File: results\pippinusdt_masked_next_open\2025-11-24_v2_c1_a3_summary.csv
Note: [WinError 32] 다른 프로세스가 파일을 사용 중이기 때문에 프로세스가 액세스 할 수 없습니다: 'results\\pippinusdt_masked_next_open\\2025-11-24_v2_c1_a3_summary.csv' -> 'C:\\Users\\User\\new\\yona_vanguard_futures\\results_backups\\results\\results\\pippinusdt_masked_next_open\\2025-11-24_v2_c1_a3_summary.csv'
Unable to extract x64 image. Run Handle from a writeable directory.

Unable to extract x64 image. Run Handle from a writeable directory.

Unable to extract x64 image. Run Handle from a writeable directory.

# Captured: 2025-12-01T10:17:23.155318
File: results\pippinusdt_masked_next_open\2025-11-24_v3_c0_a1.5_summary.csv
Note: [WinError 32] 다른 프로세스가 파일을 사용 중이기 때문에 프로세스가 액세스 할 수 없습니다: 'results\\pippinusdt_masked_next_open\\2025-11-24_v3_c0_a1.5_summary.csv' -> 'C:\\Users\\User\\new\\yona_vanguard_futures\\results_backups\\results\\results\\pippinusdt_masked_next_open\\2025-11-24_v3_c0_a1.5_summary.csv'
Unable to extract x64 image. Run Handle from a writeable directory.

Unable to extract x64 image. Run Handle from a writeable directory.

Unable to extract x64 image. Run Handle from a writeable directory.

# Captured: 2025-12-01T10:17:23.192765
File: results\pippinusdt_masked_next_open\2025-11-24_v3_c0_a1_summary.csv
Note: [WinError 32] 다른 프로세스가 파일을 사용 중이기 때문에 프로세스가 액세스 할 수 없습니다: 'results\\pippinusdt_masked_next_open\\2025-11-24_v3_c0_a1_summary.csv' -> 'C:\\Users\\User\\new\\yona_vanguard_futures\\results_backups\\results\\results\\pippinusdt_masked_next_open\\2025-11-24_v3_c0_a1_summary.csv'
Unable to extract x64 image. Run Handle from a writeable directory.

Unable to extract x64 image. Run Handle from a writeable directory.

Unable to extract x64 image. Run Handle from a writeable directory.

# Captured: 2025-12-01T10:17:23.229799
File: results\pippinusdt_masked_next_open\2025-11-24_v3_c0_a2_summary.csv
Note: [WinError 32] 다른 프로세스가 파일을 사용 중이기 때문에 프로세스가 액세스 할 수 없습니다: 'results\\pippinusdt_masked_next_open\\2025-11-24_v3_c0_a2_summary.csv' -> 'C:\\Users\\User\\new\\yona_vanguard_futures\\results_backups\\results\\results\\pippinusdt_masked_next_open\\2025-11-24_v3_c0_a2_summary.csv'
Unable to extract x64 image. Run Handle from a writeable directory.

Unable to extract x64 image. Run Handle from a writeable directory.

Unable to extract x64 image. Run Handle from a writeable directory.

# Captured: 2025-12-01T10:17:23.266839
File: results\pippinusdt_masked_next_open\2025-11-24_v3_c0_a3_summary.csv
Note: [WinError 32] 다른 프로세스가 파일을 사용 중이기 때문에 프로세스가 액세스 할 수 없습니다: 'results\\pippinusdt_masked_next_open\\2025-11-24_v3_c0_a3_summary.csv' -> 'C:\\Users\\User\\new\\yona_vanguard_futures\\results_backups\\results\\results\\pippinusdt_masked_next_open\\2025-11-24_v3_c0_a3_summary.csv'
Unable to extract x64 image. Run Handle from a writeable directory.

Unable to extract x64 image. Run Handle from a writeable directory.

Unable to extract x64 image. Run Handle from a writeable directory.

# Captured: 2025-12-01T10:17:23.303080
File: results\pippinusdt_masked_next_open\2025-11-24_v3_c1_a1.5_summary.csv
Note: [WinError 32] 다른 프로세스가 파일을 사용 중이기 때문에 프로세스가 액세스 할 수 없습니다: 'results\\pippinusdt_masked_next_open\\2025-11-24_v3_c1_a1.5_summary.csv' -> 'C:\\Users\\User\\new\\yona_vanguard_futures\\results_backups\\results\\results\\pippinusdt_masked_next_open\\2025-11-24_v3_c1_a1.5_summary.csv'
Unable to extract x64 image. Run Handle from a writeable directory.

Unable to extract x64 image. Run Handle from a writeable directory.

Unable to extract x64 image. Run Handle from a writeable directory.

# Captured: 2025-12-01T10:17:23.338300
File: results\pippinusdt_masked_next_open\2025-11-24_v3_c1_a1_summary.csv
Note: [WinError 32] 다른 프로세스가 파일을 사용 중이기 때문에 프로세스가 액세스 할 수 없습니다: 'results\\pippinusdt_masked_next_open\\2025-11-24_v3_c1_a1_summary.csv' -> 'C:\\Users\\User\\new\\yona_vanguard_futures\\results_backups\\results\\results\\pippinusdt_masked_next_open\\2025-11-24_v3_c1_a1_summary.csv'
Unable to extract x64 image. Run Handle from a writeable directory.

Unable to extract x64 image. Run Handle from a writeable directory.

Unable to extract x64 image. Run Handle from a writeable directory.

# Captured: 2025-12-01T10:17:23.376335
File: results\pippinusdt_masked_next_open\2025-11-24_v3_c1_a2_summary.csv
Note: [WinError 32] 다른 프로세스가 파일을 사용 중이기 때문에 프로세스가 액세스 할 수 없습니다: 'results\\pippinusdt_masked_next_open\\2025-11-24_v3_c1_a2_summary.csv' -> 'C:\\Users\\User\\new\\yona_vanguard_futures\\results_backups\\results\\results\\pippinusdt_masked_next_open\\2025-11-24_v3_c1_a2_summary.csv'
Unable to extract x64 image. Run Handle from a writeable directory.

Unable to extract x64 image. Run Handle from a writeable directory.

Unable to extract x64 image. Run Handle from a writeable directory.

# Captured: 2025-12-01T10:17:23.413767
File: results\pippinusdt_masked_next_open\2025-11-24_v3_c1_a3_summary.csv
Note: [WinError 32] 다른 프로세스가 파일을 사용 중이기 때문에 프로세스가 액세스 할 수 없습니다: 'results\\pippinusdt_masked_next_open\\2025-11-24_v3_c1_a3_summary.csv' -> 'C:\\Users\\User\\new\\yona_vanguard_futures\\results_backups\\results\\results\\pippinusdt_masked_next_open\\2025-11-24_v3_c1_a3_summary.csv'
Unable to extract x64 image. Run Handle from a writeable directory.

Unable to extract x64 image. Run Handle from a writeable directory.

Unable to extract x64 image. Run Handle from a writeable directory.

# Captured: 2025-12-01T10:17:23.449845
File: results\pippinusdt_masked_next_open\2025-11-24_v4_c0_a1.5_summary.csv
Note: [WinError 32] 다른 프로세스가 파일을 사용 중이기 때문에 프로세스가 액세스 할 수 없습니다: 'results\\pippinusdt_masked_next_open\\2025-11-24_v4_c0_a1.5_summary.csv' -> 'C:\\Users\\User\\new\\yona_vanguard_futures\\results_backups\\results\\results\\pippinusdt_masked_next_open\\2025-11-24_v4_c0_a1.5_summary.csv'
Unable to extract x64 image. Run Handle from a writeable directory.

Unable to extract x64 image. Run Handle from a writeable directory.

Unable to extract x64 image. Run Handle from a writeable directory.

# Captured: 2025-12-01T10:17:23.485881
File: results\pippinusdt_masked_next_open\2025-11-24_v4_c0_a1_summary.csv
Note: [WinError 32] 다른 프로세스가 파일을 사용 중이기 때문에 프로세스가 액세스 할 수 없습니다: 'results\\pippinusdt_masked_next_open\\2025-11-24_v4_c0_a1_summary.csv' -> 'C:\\Users\\User\\new\\yona_vanguard_futures\\results_backups\\results\\results\\pippinusdt_masked_next_open\\2025-11-24_v4_c0_a1_summary.csv'
Unable to extract x64 image. Run Handle from a writeable directory.

Unable to extract x64 image. Run Handle from a writeable directory.

Unable to extract x64 image. Run Handle from a writeable directory.

# Captured: 2025-12-01T10:17:23.522205
File: results\pippinusdt_masked_next_open\2025-11-24_v4_c0_a2_summary.csv
Note: [WinError 32] 다른 프로세스가 파일을 사용 중이기 때문에 프로세스가 액세스 할 수 없습니다: 'results\\pippinusdt_masked_next_open\\2025-11-24_v4_c0_a2_summary.csv' -> 'C:\\Users\\User\\new\\yona_vanguard_futures\\results_backups\\results\\results\\pippinusdt_masked_next_open\\2025-11-24_v4_c0_a2_summary.csv'
Unable to extract x64 image. Run Handle from a writeable directory.

Unable to extract x64 image. Run Handle from a writeable directory.

Unable to extract x64 image. Run Handle from a writeable directory.

# Captured: 2025-12-01T10:17:23.558240
File: results\pippinusdt_masked_next_open\2025-11-24_v4_c0_a3_summary.csv
Note: [WinError 32] 다른 프로세스가 파일을 사용 중이기 때문에 프로세스가 액세스 할 수 없습니다: 'results\\pippinusdt_masked_next_open\\2025-11-24_v4_c0_a3_summary.csv' -> 'C:\\Users\\User\\new\\yona_vanguard_futures\\results_backups\\results\\results\\pippinusdt_masked_next_open\\2025-11-24_v4_c0_a3_summary.csv'
Unable to extract x64 image. Run Handle from a writeable directory.

Unable to extract x64 image. Run Handle from a writeable directory.

Unable to extract x64 image. Run Handle from a writeable directory.

# Captured: 2025-12-01T10:17:23.594274
File: results\pippinusdt_masked_next_open\2025-11-24_v4_c1_a1.5_summary.csv
Note: [WinError 32] 다른 프로세스가 파일을 사용 중이기 때문에 프로세스가 액세스 할 수 없습니다: 'results\\pippinusdt_masked_next_open\\2025-11-24_v4_c1_a1.5_summary.csv' -> 'C:\\Users\\User\\new\\yona_vanguard_futures\\results_backups\\results\\results\\pippinusdt_masked_next_open\\2025-11-24_v4_c1_a1.5_summary.csv'
Unable to extract x64 image. Run Handle from a writeable directory.

Unable to extract x64 image. Run Handle from a writeable directory.

Unable to extract x64 image. Run Handle from a writeable directory.

# Captured: 2025-12-01T10:17:23.630307
File: results\pippinusdt_masked_next_open\2025-11-24_v4_c1_a1_summary.csv
Note: [WinError 32] 다른 프로세스가 파일을 사용 중이기 때문에 프로세스가 액세스 할 수 없습니다: 'results\\pippinusdt_masked_next_open\\2025-11-24_v4_c1_a1_summary.csv' -> 'C:\\Users\\User\\new\\yona_vanguard_futures\\results_backups\\results\\results\\pippinusdt_masked_next_open\\2025-11-24_v4_c1_a1_summary.csv'
Unable to extract x64 image. Run Handle from a writeable directory.

Unable to extract x64 image. Run Handle from a writeable directory.

Unable to extract x64 image. Run Handle from a writeable directory.

# Captured: 2025-12-01T10:17:23.666623
File: results\pippinusdt_masked_next_open\2025-11-24_v4_c1_a2_summary.csv
Note: [WinError 32] 다른 프로세스가 파일을 사용 중이기 때문에 프로세스가 액세스 할 수 없습니다: 'results\\pippinusdt_masked_next_open\\2025-11-24_v4_c1_a2_summary.csv' -> 'C:\\Users\\User\\new\\yona_vanguard_futures\\results_backups\\results\\results\\pippinusdt_masked_next_open\\2025-11-24_v4_c1_a2_summary.csv'
Unable to extract x64 image. Run Handle from a writeable directory.

Unable to extract x64 image. Run Handle from a writeable directory.

Unable to extract x64 image. Run Handle from a writeable directory.

# Captured: 2025-12-01T10:17:23.702719
File: results\pippinusdt_masked_next_open\2025-11-24_v4_c1_a3_summary.csv
Note: [WinError 32] 다른 프로세스가 파일을 사용 중이기 때문에 프로세스가 액세스 할 수 없습니다: 'results\\pippinusdt_masked_next_open\\2025-11-24_v4_c1_a3_summary.csv' -> 'C:\\Users\\User\\new\\yona_vanguard_futures\\results_backups\\results\\results\\pippinusdt_masked_next_open\\2025-11-24_v4_c1_a3_summary.csv'
Unable to extract x64 image. Run Handle from a writeable directory.

Unable to extract x64 image. Run Handle from a writeable directory.

Unable to extract x64 image. Run Handle from a writeable directory.

# Captured: 2025-12-01T10:17:23.738752
File: results\pippinusdt_masked_next_open\2025-11-24_v5_c0_a1.5_summary.csv
Note: [WinError 32] 다른 프로세스가 파일을 사용 중이기 때문에 프로세스가 액세스 할 수 없습니다: 'results\\pippinusdt_masked_next_open\\2025-11-24_v5_c0_a1.5_summary.csv' -> 'C:\\Users\\User\\new\\yona_vanguard_futures\\results_backups\\results\\results\\pippinusdt_masked_next_open\\2025-11-24_v5_c0_a1.5_summary.csv'
Unable to extract x64 image. Run Handle from a writeable directory.

Unable to extract x64 image. Run Handle from a writeable directory.

Unable to extract x64 image. Run Handle from a writeable directory.

# Captured: 2025-12-01T10:17:23.774784
File: results\pippinusdt_masked_next_open\2025-11-24_v5_c0_a1_summary.csv
Note: [WinError 32] 다른 프로세스가 파일을 사용 중이기 때문에 프로세스가 액세스 할 수 없습니다: 'results\\pippinusdt_masked_next_open\\2025-11-24_v5_c0_a1_summary.csv' -> 'C:\\Users\\User\\new\\yona_vanguard_futures\\results_backups\\results\\results\\pippinusdt_masked_next_open\\2025-11-24_v5_c0_a1_summary.csv'
Unable to extract x64 image. Run Handle from a writeable directory.

Unable to extract x64 image. Run Handle from a writeable directory.

Unable to extract x64 image. Run Handle from a writeable directory.

# Captured: 2025-12-01T10:17:23.812365
File: results\pippinusdt_masked_next_open\2025-11-24_v5_c0_a2_summary.csv
Note: [WinError 32] 다른 프로세스가 파일을 사용 중이기 때문에 프로세스가 액세스 할 수 없습니다: 'results\\pippinusdt_masked_next_open\\2025-11-24_v5_c0_a2_summary.csv' -> 'C:\\Users\\User\\new\\yona_vanguard_futures\\results_backups\\results\\results\\pippinusdt_masked_next_open\\2025-11-24_v5_c0_a2_summary.csv'
Unable to extract x64 image. Run Handle from a writeable directory.

Unable to extract x64 image. Run Handle from a writeable directory.

Unable to extract x64 image. Run Handle from a writeable directory.

# Captured: 2025-12-01T10:17:23.848439
File: results\pippinusdt_masked_next_open\2025-11-24_v5_c0_a3_summary.csv
Note: [WinError 32] 다른 프로세스가 파일을 사용 중이기 때문에 프로세스가 액세스 할 수 없습니다: 'results\\pippinusdt_masked_next_open\\2025-11-24_v5_c0_a3_summary.csv' -> 'C:\\Users\\User\\new\\yona_vanguard_futures\\results_backups\\results\\results\\pippinusdt_masked_next_open\\2025-11-24_v5_c0_a3_summary.csv'
Unable to extract x64 image. Run Handle from a writeable directory.

Unable to extract x64 image. Run Handle from a writeable directory.

Unable to extract x64 image. Run Handle from a writeable directory.

# Captured: 2025-12-01T10:17:23.884274
File: results\pippinusdt_masked_next_open\2025-11-24_v5_c1_a1.5_summary.csv
Note: [WinError 32] 다른 프로세스가 파일을 사용 중이기 때문에 프로세스가 액세스 할 수 없습니다: 'results\\pippinusdt_masked_next_open\\2025-11-24_v5_c1_a1.5_summary.csv' -> 'C:\\Users\\User\\new\\yona_vanguard_futures\\results_backups\\results\\results\\pippinusdt_masked_next_open\\2025-11-24_v5_c1_a1.5_summary.csv'
Unable to extract x64 image. Run Handle from a writeable directory.

Unable to extract x64 image. Run Handle from a writeable directory.

Unable to extract x64 image. Run Handle from a writeable directory.

# Captured: 2025-12-01T10:17:23.920811
File: results\pippinusdt_masked_next_open\2025-11-24_v5_c1_a1_summary.csv
Note: [WinError 32] 다른 프로세스가 파일을 사용 중이기 때문에 프로세스가 액세스 할 수 없습니다: 'results\\pippinusdt_masked_next_open\\2025-11-24_v5_c1_a1_summary.csv' -> 'C:\\Users\\User\\new\\yona_vanguard_futures\\results_backups\\results\\results\\pippinusdt_masked_next_open\\2025-11-24_v5_c1_a1_summary.csv'
Unable to extract x64 image. Run Handle from a writeable directory.

Unable to extract x64 image. Run Handle from a writeable directory.

Unable to extract x64 image. Run Handle from a writeable directory.

# Captured: 2025-12-01T10:17:23.955849
File: results\pippinusdt_masked_next_open\2025-11-24_v5_c1_a2_summary.csv
Note: [WinError 32] 다른 프로세스가 파일을 사용 중이기 때문에 프로세스가 액세스 할 수 없습니다: 'results\\pippinusdt_masked_next_open\\2025-11-24_v5_c1_a2_summary.csv' -> 'C:\\Users\\User\\new\\yona_vanguard_futures\\results_backups\\results\\results\\pippinusdt_masked_next_open\\2025-11-24_v5_c1_a2_summary.csv'
Unable to extract x64 image. Run Handle from a writeable directory.


# attempt 2 timed out after 40s
Unable to extract x64 image. Run Handle from a writeable directory.

